2024-01-29 08:16:42,270 - INFO - 图片 https://image.baidu.com/search/down?url=https://tvax3.sinaimg.cn//large/0072Vf1pgy1fodqidu9iij315o0tg7wh.jpg 下载成功！
2024-01-29 08:16:42,344 - INFO - 图片 D:\shengwang52005\shengwang52005.github.io\assets\background\2.jpeg 转换为JPEG格式成功！
2024-01-29 08:16:42,346 - INFO - 原始文件 D:\shengwang52005\shengwang52005.github.io\assets\background\2.jpeg 删除成功！
2024-01-29 08:16:43,306 - INFO - 图片 https://image.baidu.com/search/down?url=https://tvax3.sinaimg.cn//large/a15b4afely1fnt9dp0jakj21hc0u0162.jpg 下载成功！
2024-01-29 08:16:43,337 - INFO - 图片 D:\shengwang52005\shengwang52005.github.io\assets\background\3.jpeg 转换为JPEG格式成功！
2024-01-29 08:16:43,338 - INFO - 原始文件 D:\shengwang52005\shengwang52005.github.io\assets\background\3.jpeg 删除成功！
2024-01-29 08:16:45,491 - INFO - 图片 https://image.baidu.com/search/down?url=https://tvax3.sinaimg.cn//large/a15b4afegy1fmvj6k3zj0j21hc0u0140.jpg 下载成功！
2024-01-29 08:16:45,534 - INFO - 图片 D:\shengwang52005\shengwang52005.github.io\assets\background\4.jpeg 转换为JPEG格式成功！
2024-01-29 08:16:45,535 - INFO - 原始文件 D:\shengwang52005\shengwang52005.github.io\assets\background\4.jpeg 删除成功！
2024-01-29 08:16:47,192 - INFO - 图片 https://image.baidu.com/search/down?url=https://tvax3.sinaimg.cn//large/0072Vf1pgy1foxkfwib13j31hc0u0ndf.jpg 下载成功！
2024-01-29 08:16:47,234 - INFO - 图片 D:\shengwang52005\shengwang52005.github.io\assets\background\5.jpeg 转换为JPEG格式成功！
2024-01-29 08:16:47,235 - INFO - 原始文件 D:\shengwang52005\shengwang52005.github.io\assets\background\5.jpeg 删除成功！
2024-01-29 08:16:48,236 - INFO - 图片 https://image.baidu.com/search/down?url=https://tvax3.sinaimg.cn//large/a15b4afegy1fmvjh2277rj21hc0u0woz.jpg 下载成功！
2024-01-29 08:16:48,271 - INFO - 图片 D:\shengwang52005\shengwang52005.github.io\assets\background\6.jpeg 转换为JPEG格式成功！
2024-01-29 08:16:48,272 - INFO - 原始文件 D:\shengwang52005\shengwang52005.github.io\assets\background\6.jpeg 删除成功！
2024-01-29 08:16:49,415 - INFO - 图片 https://image.baidu.com/search/down?url=https://tvax3.sinaimg.cn//large/a15b4afegy1fmvj37t3cij21hc0u07ke.jpg 下载成功！
2024-01-29 08:16:49,447 - INFO - 图片 D:\shengwang52005\shengwang52005.github.io\assets\background\7.jpeg 转换为JPEG格式成功！
2024-01-29 08:16:49,448 - INFO - 原始文件 D:\shengwang52005\shengwang52005.github.io\assets\background\7.jpeg 删除成功！
2024-01-29 08:16:51,071 - INFO - 图片 https://image.baidu.com/search/down?url=https://tvax3.sinaimg.cn//large/0072Vf1pgy1foxli41klcj31hc0u0asv.jpg 下载成功！
2024-01-29 08:16:51,109 - INFO - 图片 D:\shengwang52005\shengwang52005.github.io\assets\background\8.jpeg 转换为JPEG格式成功！
2024-01-29 08:16:51,111 - INFO - 原始文件 D:\shengwang52005\shengwang52005.github.io\assets\background\8.jpeg 删除成功！
2024-01-29 08:16:52,442 - INFO - 图片 https://image.baidu.com/search/down?url=https://tvax3.sinaimg.cn//large/0072Vf1pgy1foxlnzmfnjj31kw0w0az5.jpg 下载成功！
2024-01-29 08:16:52,495 - INFO - 图片 D:\shengwang52005\shengwang52005.github.io\assets\background\9.jpeg 转换为JPEG格式成功！
2024-01-29 08:16:52,500 - INFO - 原始文件 D:\shengwang52005\shengwang52005.github.io\assets\background\9.jpeg 删除成功！
2024-01-29 08:16:53,860 - INFO - 图片 https://image.baidu.com/search/down?url=https://tvax3.sinaimg.cn//large/a15b4afegy1fmvjq3t2l2j21hc0u0qke.jpg 下载成功！
2024-01-29 08:16:53,930 - INFO - 图片 D:\shengwang52005\shengwang52005.github.io\assets\background\10.jpeg 转换为JPEG格式成功！
2024-01-29 08:16:53,935 - INFO - 原始文件 D:\shengwang52005\shengwang52005.github.io\assets\background\10.jpeg 删除成功！
2024-01-29 08:16:55,920 - INFO - 图片 https://image.baidu.com/search/down?url=https://tvax3.sinaimg.cn//large/0072Vf1pgy1foxk3x4r0kj31hc0u0ngd.jpg 下载成功！
2024-01-29 08:16:55,985 - INFO - 图片 D:\shengwang52005\shengwang52005.github.io\assets\background\11.jpeg 转换为JPEG格式成功！
2024-01-29 08:16:55,987 - INFO - 原始文件 D:\shengwang52005\shengwang52005.github.io\assets\background\11.jpeg 删除成功！
2024-01-29 08:16:57,121 - INFO - 图片 https://image.baidu.com/search/down?url=https://tvax3.sinaimg.cn//large/0072Vf1pgy1fodqnnrcc8j31hc0u0e81.jpg 下载成功！
2024-01-29 08:16:57,290 - INFO - 图片 D:\shengwang52005\shengwang52005.github.io\assets\background\12.jpeg 转换为JPEG格式成功！
2024-01-29 08:16:57,308 - INFO - 原始文件 D:\shengwang52005\shengwang52005.github.io\assets\background\12.jpeg 删除成功！
