2024-02-01 14:55:06,750 - INFO - 图片 https://gitcode.net/qq_44112897/images/-/raw/master/comic/36.jpg 下载成功！
2024-02-01 14:55:06,849 - INFO - 图片 D:\shengwang52005\shengwang52005.github.io\assets\background\1.png 转换为JPEG格式成功！
2024-02-01 14:55:06,856 - INFO - 原始文件 D:\shengwang52005\shengwang52005.github.io\assets\background\1.png 删除成功！
2024-02-01 14:55:08,229 - INFO - 图片 https://gitcode.net/qq_44112897/images/-/raw/master/comic/26.jpg 下载成功！
2024-02-01 14:55:09,052 - INFO - 图片 D:\shengwang52005\shengwang52005.github.io\assets\background\2.jpeg 转换为JPEG格式成功！
2024-02-01 14:55:09,080 - INFO - 原始文件 D:\shengwang52005\shengwang52005.github.io\assets\background\2.jpeg 删除成功！
2024-02-01 14:55:11,276 - INFO - 图片 https://gitcode.net/qq_44112897/images/-/raw/master/comic/22.jpg 下载成功！
2024-02-01 14:55:11,342 - INFO - 图片 D:\shengwang52005\shengwang52005.github.io\assets\background\3.jpeg 转换为JPEG格式成功！
2024-02-01 14:55:11,343 - INFO - 原始文件 D:\shengwang52005\shengwang52005.github.io\assets\background\3.jpeg 删除成功！
2024-02-01 14:55:12,423 - INFO - 图片 https://gitcode.net/qq_44112897/images/-/raw/master/comic/18.jpg 下载成功！
2024-02-01 14:55:12,665 - INFO - 图片 D:\shengwang52005\shengwang52005.github.io\assets\background\4.jpeg 转换为JPEG格式成功！
2024-02-01 14:55:12,738 - INFO - 原始文件 D:\shengwang52005\shengwang52005.github.io\assets\background\4.jpeg 删除成功！
2024-02-01 14:55:14,593 - INFO - 图片 https://gitcode.net/qq_44112897/images/-/raw/master/comic/28.jpg 下载成功！
2024-02-01 14:55:14,647 - INFO - 图片 D:\shengwang52005\shengwang52005.github.io\assets\background\5.jpeg 转换为JPEG格式成功！
2024-02-01 14:55:14,651 - INFO - 原始文件 D:\shengwang52005\shengwang52005.github.io\assets\background\5.jpeg 删除成功！
2024-02-01 14:55:17,544 - WARNING - 图片 https://gitcode.net/qq_44112897/images/-/raw/master/comic/26.jpg 已经下载过，调整文件名...
2024-02-01 14:55:17,566 - INFO - 图片 https://gitcode.net/qq_44112897/images/-/raw/master/comic/26.jpg 下载成功！
2024-02-01 14:55:17,586 - WARNING - 文件 D:\shengwang52005\shengwang52005.github.io\assets\background\6.jpeg 不存在，无法转换为JPEG格式。
2024-02-01 14:55:19,850 - INFO - 图片 https://gitcode.net/qq_44112897/images/-/raw/master/comic/11.jpg 下载成功！
2024-02-01 14:55:20,009 - INFO - 图片 D:\shengwang52005\shengwang52005.github.io\assets\background\7.jpeg 转换为JPEG格式成功！
2024-02-01 14:55:20,012 - INFO - 原始文件 D:\shengwang52005\shengwang52005.github.io\assets\background\7.jpeg 删除成功！
2024-02-01 14:55:21,525 - WARNING - 图片 https://gitcode.net/qq_44112897/images/-/raw/master/comic/11.jpg 已经下载过，调整文件名...
2024-02-01 14:55:21,529 - INFO - 图片 https://gitcode.net/qq_44112897/images/-/raw/master/comic/11.jpg 下载成功！
2024-02-01 14:55:21,533 - WARNING - 文件 D:\shengwang52005\shengwang52005.github.io\assets\background\8.jpeg 不存在，无法转换为JPEG格式。
2024-02-01 14:55:23,154 - INFO - 图片 https://gitcode.net/qq_44112897/images/-/raw/master/comic/06.jpg 下载成功！
2024-02-01 14:55:23,190 - INFO - 图片 D:\shengwang52005\shengwang52005.github.io\assets\background\9.png 转换为JPEG格式成功！
2024-02-01 14:55:23,191 - INFO - 原始文件 D:\shengwang52005\shengwang52005.github.io\assets\background\9.png 删除成功！
2024-02-01 14:55:25,523 - WARNING - 图片 https://gitcode.net/qq_44112897/images/-/raw/master/comic/11.jpg 已经下载过，调整文件名...
2024-02-01 14:55:25,524 - WARNING - 图片 https://gitcode.net/qq_44112897/images/-/raw/master/comic/11.jpg 已经下载过，调整文件名...
2024-02-01 14:55:25,527 - INFO - 图片 https://gitcode.net/qq_44112897/images/-/raw/master/comic/11.jpg 下载成功！
2024-02-01 14:55:25,531 - WARNING - 文件 D:\shengwang52005\shengwang52005.github.io\assets\background\10.jpeg 不存在，无法转换为JPEG格式。
2024-02-01 14:55:27,446 - INFO - 图片 https://gitcode.net/qq_44112897/images/-/raw/master/comic/33.jpg 下载成功！
2024-02-01 14:55:27,528 - INFO - 图片 D:\shengwang52005\shengwang52005.github.io\assets\background\11.jpeg 转换为JPEG格式成功！
2024-02-01 14:55:27,532 - INFO - 原始文件 D:\shengwang52005\shengwang52005.github.io\assets\background\11.jpeg 删除成功！
2024-02-01 14:55:29,438 - INFO - 图片 https://gitcode.net/qq_44112897/images/-/raw/master/comic/21.jpg 下载成功！
2024-02-01 14:55:29,475 - INFO - 图片 D:\shengwang52005\shengwang52005.github.io\assets\background\12.png 转换为JPEG格式成功！
2024-02-01 14:55:29,477 - INFO - 原始文件 D:\shengwang52005\shengwang52005.github.io\assets\background\12.png 删除成功！
2024-02-01 14:55:32,045 - WARNING - 图片 https://gitcode.net/qq_44112897/images/-/raw/master/comic/22.jpg 已经下载过，调整文件名...
2024-02-01 14:55:32,049 - INFO - 图片 https://gitcode.net/qq_44112897/images/-/raw/master/comic/22.jpg 下载成功！
2024-02-01 14:55:32,053 - WARNING - 文件 D:\shengwang52005\shengwang52005.github.io\assets\background\13.jpeg 不存在，无法转换为JPEG格式。
2024-02-01 14:55:33,057 - INFO - 图片 https://gitcode.net/qq_44112897/images/-/raw/master/comic/10.jpg 下载成功！
2024-02-01 14:55:33,146 - INFO - 图片 D:\shengwang52005\shengwang52005.github.io\assets\background\14.jpeg 转换为JPEG格式成功！
2024-02-01 14:55:33,152 - INFO - 原始文件 D:\shengwang52005\shengwang52005.github.io\assets\background\14.jpeg 删除成功！
2024-02-01 14:55:34,803 - INFO - 图片 https://gitcode.net/qq_44112897/images/-/raw/master/comic/04.jpg 下载成功！
2024-02-01 14:55:34,948 - INFO - 图片 D:\shengwang52005\shengwang52005.github.io\assets\background\15.jpeg 转换为JPEG格式成功！
2024-02-01 14:55:34,954 - INFO - 原始文件 D:\shengwang52005\shengwang52005.github.io\assets\background\15.jpeg 删除成功！
2024-02-01 14:55:39,597 - INFO - 图片 https://gitcode.net/qq_44112897/images/-/raw/master/comic/05.jpg 下载成功！
2024-02-01 14:55:39,650 - INFO - 图片 D:\shengwang52005\shengwang52005.github.io\assets\background\17.jpeg 转换为JPEG格式成功！
2024-02-01 14:55:39,658 - INFO - 原始文件 D:\shengwang52005\shengwang52005.github.io\assets\background\17.jpeg 删除成功！
2024-02-01 14:55:41,026 - INFO - 图片 https://gitcode.net/qq_44112897/images/-/raw/master/comic/34.jpg 下载成功！
2024-02-01 14:55:41,425 - INFO - 图片 D:\shengwang52005\shengwang52005.github.io\assets\background\16.jpeg 转换为JPEG格式成功！
2024-02-01 14:55:41,433 - INFO - 原始文件 D:\shengwang52005\shengwang52005.github.io\assets\background\16.jpeg 删除成功！
2024-02-01 14:55:41,844 - INFO - 图片 https://gitcode.net/qq_44112897/images/-/raw/master/comic/29.jpg 下载成功！
2024-02-01 14:55:41,948 - INFO - 图片 D:\shengwang52005\shengwang52005.github.io\assets\background\18.jpeg 转换为JPEG格式成功！
2024-02-01 14:55:41,958 - INFO - 原始文件 D:\shengwang52005\shengwang52005.github.io\assets\background\18.jpeg 删除成功！
2024-02-01 14:55:42,990 - WARNING - 图片 https://gitcode.net/qq_44112897/images/-/raw/master/comic/11.jpg 已经下载过，调整文件名...
2024-02-01 14:55:42,991 - WARNING - 图片 https://gitcode.net/qq_44112897/images/-/raw/master/comic/11.jpg 已经下载过，调整文件名...
2024-02-01 14:55:42,992 - WARNING - 图片 https://gitcode.net/qq_44112897/images/-/raw/master/comic/11.jpg 已经下载过，调整文件名...
2024-02-01 14:55:42,994 - INFO - 图片 https://gitcode.net/qq_44112897/images/-/raw/master/comic/11.jpg 下载成功！
2024-02-01 14:55:42,997 - WARNING - 文件 D:\shengwang52005\shengwang52005.github.io\assets\background\19.jpeg 不存在，无法转换为JPEG格式。
2024-02-01 14:55:44,662 - WARNING - 图片 https://gitcode.net/qq_44112897/images/-/raw/master/comic/06.jpg 已经下载过，调整文件名...
2024-02-01 14:55:44,666 - INFO - 图片 https://gitcode.net/qq_44112897/images/-/raw/master/comic/06.jpg 下载成功！
2024-02-01 14:55:44,668 - WARNING - 文件 D:\shengwang52005\shengwang52005.github.io\assets\background\20.png 不存在，无法转换为JPEG格式。
2024-02-01 14:55:45,928 - INFO - 图片 https://gitcode.net/qq_44112897/images/-/raw/master/comic/09.jpg 下载成功！
2024-02-01 14:55:45,971 - INFO - 图片 D:\shengwang52005\shengwang52005.github.io\assets\background\21.jpeg 转换为JPEG格式成功！
2024-02-01 14:55:45,978 - INFO - 原始文件 D:\shengwang52005\shengwang52005.github.io\assets\background\21.jpeg 删除成功！
2024-02-01 14:55:47,518 - WARNING - 图片 https://gitcode.net/qq_44112897/images/-/raw/master/comic/28.jpg 已经下载过，调整文件名...
2024-02-01 14:55:47,520 - INFO - 图片 https://gitcode.net/qq_44112897/images/-/raw/master/comic/28.jpg 下载成功！
2024-02-01 14:55:47,524 - WARNING - 文件 D:\shengwang52005\shengwang52005.github.io\assets\background\22.jpeg 不存在，无法转换为JPEG格式。
2024-02-01 14:55:48,416 - INFO - 图片 https://gitcode.net/qq_44112897/images/-/raw/master/comic/19.jpg 下载成功！
2024-02-01 14:55:48,470 - INFO - 图片 D:\shengwang52005\shengwang52005.github.io\assets\background\23.jpeg 转换为JPEG格式成功！
2024-02-01 14:55:48,471 - INFO - 原始文件 D:\shengwang52005\shengwang52005.github.io\assets\background\23.jpeg 删除成功！
2024-02-01 14:55:50,064 - WARNING - 图片 https://gitcode.net/qq_44112897/images/-/raw/master/comic/18.jpg 已经下载过，调整文件名...
2024-02-01 14:55:50,066 - INFO - 图片 https://gitcode.net/qq_44112897/images/-/raw/master/comic/18.jpg 下载成功！
2024-02-01 14:55:50,068 - WARNING - 文件 D:\shengwang52005\shengwang52005.github.io\assets\background\24.jpeg 不存在，无法转换为JPEG格式。
2024-02-01 14:55:51,778 - INFO - 图片 https://gitcode.net/qq_44112897/images/-/raw/master/comic/03.jpg 下载成功！
2024-02-01 14:55:51,937 - INFO - 图片 D:\shengwang52005\shengwang52005.github.io\assets\background\25.jpeg 转换为JPEG格式成功！
2024-02-01 14:55:51,943 - INFO - 原始文件 D:\shengwang52005\shengwang52005.github.io\assets\background\25.jpeg 删除成功！
2024-02-01 14:55:53,222 - WARNING - 图片 https://gitcode.net/qq_44112897/images/-/raw/master/comic/05.jpg 已经下载过，调整文件名...
2024-02-01 14:55:53,223 - INFO - 图片 https://gitcode.net/qq_44112897/images/-/raw/master/comic/05.jpg 下载成功！
2024-02-01 14:55:53,227 - WARNING - 文件 D:\shengwang52005\shengwang52005.github.io\assets\background\26.jpeg 不存在，无法转换为JPEG格式。
2024-02-01 14:55:55,389 - WARNING - 图片 https://gitcode.net/qq_44112897/images/-/raw/master/comic/03.jpg 已经下载过，调整文件名...
2024-02-01 14:55:55,393 - INFO - 图片 https://gitcode.net/qq_44112897/images/-/raw/master/comic/03.jpg 下载成功！
2024-02-01 14:55:55,401 - WARNING - 文件 D:\shengwang52005\shengwang52005.github.io\assets\background\27.jpeg 不存在，无法转换为JPEG格式。
2024-02-01 14:55:56,481 - INFO - 图片 https://gitcode.net/qq_44112897/images/-/raw/master/comic/02.jpg 下载成功！
2024-02-01 14:55:56,569 - INFO - 图片 D:\shengwang52005\shengwang52005.github.io\assets\background\28.jpeg 转换为JPEG格式成功！
2024-02-01 14:55:56,572 - INFO - 原始文件 D:\shengwang52005\shengwang52005.github.io\assets\background\28.jpeg 删除成功！
2024-02-01 14:55:57,598 - WARNING - 图片 https://gitcode.net/qq_44112897/images/-/raw/master/comic/19.jpg 已经下载过，调整文件名...
2024-02-01 14:55:57,599 - INFO - 图片 https://gitcode.net/qq_44112897/images/-/raw/master/comic/19.jpg 下载成功！
2024-02-01 14:55:57,607 - WARNING - 文件 D:\shengwang52005\shengwang52005.github.io\assets\background\29.jpeg 不存在，无法转换为JPEG格式。
2024-02-01 14:56:00,987 - WARNING - 图片 https://gitcode.net/qq_44112897/images/-/raw/master/comic/03.jpg 已经下载过，调整文件名...
2024-02-01 14:56:00,992 - WARNING - 图片 https://gitcode.net/qq_44112897/images/-/raw/master/comic/03.jpg 已经下载过，调整文件名...
2024-02-01 14:56:00,995 - INFO - 图片 https://gitcode.net/qq_44112897/images/-/raw/master/comic/03.jpg 下载成功！
2024-02-01 14:56:00,999 - WARNING - 文件 D:\shengwang52005\shengwang52005.github.io\assets\background\31.jpeg 不存在，无法转换为JPEG格式。
2024-02-01 14:56:01,614 - INFO - 图片 https://gitcode.net/qq_44112897/images/-/raw/master/comic/20.jpg 下载成功！
2024-02-01 14:56:01,707 - INFO - 图片 D:\shengwang52005\shengwang52005.github.io\assets\background\30.jpeg 转换为JPEG格式成功！
2024-02-01 14:56:01,710 - INFO - 原始文件 D:\shengwang52005\shengwang52005.github.io\assets\background\30.jpeg 删除成功！
2024-02-01 14:56:06,354 - INFO - 图片 https://gitcode.net/qq_44112897/images/-/raw/master/comic/07.jpg 下载成功！
2024-02-01 14:56:06,424 - INFO - 图片 D:\shengwang52005\shengwang52005.github.io\assets\background\33.jpeg 转换为JPEG格式成功！
2024-02-01 14:56:06,434 - INFO - 原始文件 D:\shengwang52005\shengwang52005.github.io\assets\background\33.jpeg 删除成功！
2024-02-01 14:56:06,571 - INFO - 图片 https://gitcode.net/qq_44112897/images/-/raw/master/comic/30.jpg 下载成功！
2024-02-01 14:56:06,687 - INFO - 图片 D:\shengwang52005\shengwang52005.github.io\assets\background\32.png 转换为JPEG格式成功！
2024-02-01 14:56:06,691 - INFO - 原始文件 D:\shengwang52005\shengwang52005.github.io\assets\background\32.png 删除成功！
2024-02-01 14:56:08,494 - INFO - 图片 https://gitcode.net/qq_44112897/images/-/raw/master/comic/27.jpg 下载成功！
2024-02-01 14:56:08,692 - INFO - 图片 D:\shengwang52005\shengwang52005.github.io\assets\background\34.jpeg 转换为JPEG格式成功！
2024-02-01 14:56:08,699 - INFO - 原始文件 D:\shengwang52005\shengwang52005.github.io\assets\background\34.jpeg 删除成功！
2024-02-01 14:56:11,972 - INFO - 图片 https://gitcode.net/qq_44112897/images/-/raw/master/comic/24.jpg 下载成功！
2024-02-01 14:56:11,998 - INFO - 图片 D:\shengwang52005\shengwang52005.github.io\assets\background\36.jpeg 转换为JPEG格式成功！
2024-02-01 14:56:12,003 - INFO - 原始文件 D:\shengwang52005\shengwang52005.github.io\assets\background\36.jpeg 删除成功！
2024-02-01 14:56:13,026 - WARNING - 图片 https://gitcode.net/qq_44112897/images/-/raw/master/comic/33.jpg 已经下载过，调整文件名...
2024-02-01 14:56:13,028 - INFO - 图片 https://gitcode.net/qq_44112897/images/-/raw/master/comic/33.jpg 下载成功！
2024-02-01 14:56:13,030 - WARNING - 文件 D:\shengwang52005\shengwang52005.github.io\assets\background\37.jpeg 不存在，无法转换为JPEG格式。
2024-02-01 14:56:13,058 - WARNING - 图片 https://gitcode.net/qq_44112897/images/-/raw/master/comic/34.jpg 已经下载过，调整文件名...
2024-02-01 14:56:13,083 - INFO - 图片 https://gitcode.net/qq_44112897/images/-/raw/master/comic/34.jpg 下载成功！
2024-02-01 14:56:13,091 - WARNING - 文件 D:\shengwang52005\shengwang52005.github.io\assets\background\35.jpeg 不存在，无法转换为JPEG格式。
2024-02-01 14:56:14,984 - INFO - 图片 https://gitcode.net/qq_44112897/images/-/raw/master/comic/16.jpg 下载成功！
2024-02-01 14:56:15,088 - INFO - 图片 D:\shengwang52005\shengwang52005.github.io\assets\background\38.png 转换为JPEG格式成功！
2024-02-01 14:56:15,098 - INFO - 原始文件 D:\shengwang52005\shengwang52005.github.io\assets\background\38.png 删除成功！
2024-02-01 14:56:16,314 - INFO - 图片 https://gitcode.net/qq_44112897/images/-/raw/master/comic/08.jpg 下载成功！
2024-02-01 14:56:16,585 - INFO - 图片 D:\shengwang52005\shengwang52005.github.io\assets\background\39.jpeg 转换为JPEG格式成功！
2024-02-01 14:56:16,661 - INFO - 原始文件 D:\shengwang52005\shengwang52005.github.io\assets\background\39.jpeg 删除成功！
2024-02-01 14:56:18,574 - WARNING - 图片 https://gitcode.net/qq_44112897/images/-/raw/master/comic/03.jpg 已经下载过，调整文件名...
2024-02-01 14:56:18,576 - WARNING - 图片 https://gitcode.net/qq_44112897/images/-/raw/master/comic/03.jpg 已经下载过，调整文件名...
2024-02-01 14:56:18,578 - WARNING - 图片 https://gitcode.net/qq_44112897/images/-/raw/master/comic/03.jpg 已经下载过，调整文件名...
2024-02-01 14:56:18,583 - INFO - 图片 https://gitcode.net/qq_44112897/images/-/raw/master/comic/03.jpg 下载成功！
2024-02-01 14:56:18,586 - WARNING - 文件 D:\shengwang52005\shengwang52005.github.io\assets\background\40.jpeg 不存在，无法转换为JPEG格式。
2024-02-01 14:56:19,068 - INFO - 图片 https://gitcode.net/qq_44112897/images/-/raw/master/comic/13.jpg 下载成功！
2024-02-01 14:56:19,138 - INFO - 图片 D:\shengwang52005\shengwang52005.github.io\assets\background\41.jpeg 转换为JPEG格式成功！
2024-02-01 14:56:19,139 - INFO - 原始文件 D:\shengwang52005\shengwang52005.github.io\assets\background\41.jpeg 删除成功！
2024-02-01 14:56:20,768 - WARNING - 图片 https://gitcode.net/qq_44112897/images/-/raw/master/comic/18.jpg 已经下载过，调整文件名...
2024-02-01 14:56:20,769 - WARNING - 图片 https://gitcode.net/qq_44112897/images/-/raw/master/comic/18.jpg 已经下载过，调整文件名...
2024-02-01 14:56:20,772 - INFO - 图片 https://gitcode.net/qq_44112897/images/-/raw/master/comic/18.jpg 下载成功！
2024-02-01 14:56:20,775 - WARNING - 文件 D:\shengwang52005\shengwang52005.github.io\assets\background\42.jpeg 不存在，无法转换为JPEG格式。
2024-02-01 14:56:22,539 - WARNING - 图片 https://gitcode.net/qq_44112897/images/-/raw/master/comic/03.jpg 已经下载过，调整文件名...
2024-02-01 14:56:22,541 - WARNING - 图片 https://gitcode.net/qq_44112897/images/-/raw/master/comic/03.jpg 已经下载过，调整文件名...
2024-02-01 14:56:22,543 - WARNING - 图片 https://gitcode.net/qq_44112897/images/-/raw/master/comic/03.jpg 已经下载过，调整文件名...
2024-02-01 14:56:22,544 - WARNING - 图片 https://gitcode.net/qq_44112897/images/-/raw/master/comic/03.jpg 已经下载过，调整文件名...
2024-02-01 14:56:22,548 - INFO - 图片 https://gitcode.net/qq_44112897/images/-/raw/master/comic/03.jpg 下载成功！
2024-02-01 14:56:22,551 - WARNING - 文件 D:\shengwang52005\shengwang52005.github.io\assets\background\43.jpeg 不存在，无法转换为JPEG格式。
2024-02-01 14:56:24,150 - WARNING - 图片 https://gitcode.net/qq_44112897/images/-/raw/master/comic/22.jpg 已经下载过，调整文件名...
2024-02-01 14:56:24,152 - WARNING - 图片 https://gitcode.net/qq_44112897/images/-/raw/master/comic/22.jpg 已经下载过，调整文件名...
2024-02-01 14:56:24,155 - INFO - 图片 https://gitcode.net/qq_44112897/images/-/raw/master/comic/22.jpg 下载成功！
2024-02-01 14:56:24,158 - WARNING - 文件 D:\shengwang52005\shengwang52005.github.io\assets\background\44.jpeg 不存在，无法转换为JPEG格式。
2024-02-01 14:56:25,837 - WARNING - 图片 https://gitcode.net/qq_44112897/images/-/raw/master/comic/11.jpg 已经下载过，调整文件名...
2024-02-01 14:56:25,838 - WARNING - 图片 https://gitcode.net/qq_44112897/images/-/raw/master/comic/11.jpg 已经下载过，调整文件名...
2024-02-01 14:56:25,839 - WARNING - 图片 https://gitcode.net/qq_44112897/images/-/raw/master/comic/11.jpg 已经下载过，调整文件名...
2024-02-01 14:56:25,840 - WARNING - 图片 https://gitcode.net/qq_44112897/images/-/raw/master/comic/11.jpg 已经下载过，调整文件名...
2024-02-01 14:56:25,842 - INFO - 图片 https://gitcode.net/qq_44112897/images/-/raw/master/comic/11.jpg 下载成功！
2024-02-01 14:56:25,846 - WARNING - 文件 D:\shengwang52005\shengwang52005.github.io\assets\background\45.jpeg 不存在，无法转换为JPEG格式。
2024-02-01 14:56:27,648 - WARNING - 图片 https://gitcode.net/qq_44112897/images/-/raw/master/comic/22.jpg 已经下载过，调整文件名...
2024-02-01 14:56:27,650 - WARNING - 图片 https://gitcode.net/qq_44112897/images/-/raw/master/comic/22.jpg 已经下载过，调整文件名...
2024-02-01 14:56:27,652 - WARNING - 图片 https://gitcode.net/qq_44112897/images/-/raw/master/comic/22.jpg 已经下载过，调整文件名...
2024-02-01 14:56:27,654 - INFO - 图片 https://gitcode.net/qq_44112897/images/-/raw/master/comic/22.jpg 下载成功！
2024-02-01 14:56:27,657 - WARNING - 文件 D:\shengwang52005\shengwang52005.github.io\assets\background\46.jpeg 不存在，无法转换为JPEG格式。
2024-02-01 14:56:28,616 - WARNING - 图片 https://gitcode.net/qq_44112897/images/-/raw/master/comic/19.jpg 已经下载过，调整文件名...
2024-02-01 14:56:28,617 - WARNING - 图片 https://gitcode.net/qq_44112897/images/-/raw/master/comic/19.jpg 已经下载过，调整文件名...
2024-02-01 14:56:28,619 - INFO - 图片 https://gitcode.net/qq_44112897/images/-/raw/master/comic/19.jpg 下载成功！
2024-02-01 14:56:28,622 - WARNING - 文件 D:\shengwang52005\shengwang52005.github.io\assets\background\47.jpeg 不存在，无法转换为JPEG格式。
2024-02-01 14:56:29,682 - INFO - 图片 https://gitcode.net/qq_44112897/images/-/raw/master/comic/32.jpg 下载成功！
2024-02-01 14:56:29,728 - INFO - 图片 D:\shengwang52005\shengwang52005.github.io\assets\background\48.jpeg 转换为JPEG格式成功！
2024-02-01 14:56:29,733 - INFO - 原始文件 D:\shengwang52005\shengwang52005.github.io\assets\background\48.jpeg 删除成功！
2024-02-01 14:56:32,031 - WARNING - 图片 https://gitcode.net/qq_44112897/images/-/raw/master/comic/04.jpg 已经下载过，调整文件名...
2024-02-01 14:56:32,035 - INFO - 图片 https://gitcode.net/qq_44112897/images/-/raw/master/comic/04.jpg 下载成功！
2024-02-01 14:56:32,040 - WARNING - 文件 D:\shengwang52005\shengwang52005.github.io\assets\background\49.jpeg 不存在，无法转换为JPEG格式。
2024-02-01 14:56:35,738 - WARNING - 图片 https://gitcode.net/qq_44112897/images/-/raw/master/comic/34.jpg 已经下载过，调整文件名...
2024-02-01 14:56:35,764 - WARNING - 图片 https://gitcode.net/qq_44112897/images/-/raw/master/comic/34.jpg 已经下载过，调整文件名...
2024-02-01 14:56:35,801 - INFO - 图片 https://gitcode.net/qq_44112897/images/-/raw/master/comic/34.jpg 下载成功！
2024-02-01 14:56:35,804 - WARNING - 文件 D:\shengwang52005\shengwang52005.github.io\assets\background\51.jpeg 不存在，无法转换为JPEG格式。
2024-02-01 14:56:36,343 - WARNING - 图片 https://gitcode.net/qq_44112897/images/-/raw/master/comic/34.jpg 已经下载过，调整文件名...
2024-02-01 14:56:36,356 - WARNING - 图片 https://gitcode.net/qq_44112897/images/-/raw/master/comic/34.jpg 已经下载过，调整文件名...
2024-02-01 14:56:36,370 - WARNING - 图片 https://gitcode.net/qq_44112897/images/-/raw/master/comic/34.jpg 已经下载过，调整文件名...
2024-02-01 14:56:36,386 - INFO - 图片 https://gitcode.net/qq_44112897/images/-/raw/master/comic/34.jpg 下载成功！
2024-02-01 14:56:36,389 - WARNING - 文件 D:\shengwang52005\shengwang52005.github.io\assets\background\50.jpeg 不存在，无法转换为JPEG格式。
2024-02-01 14:56:37,253 - WARNING - 图片 https://gitcode.net/qq_44112897/images/-/raw/master/comic/28.jpg 已经下载过，调整文件名...
2024-02-01 14:56:37,258 - WARNING - 图片 https://gitcode.net/qq_44112897/images/-/raw/master/comic/28.jpg 已经下载过，调整文件名...
2024-02-01 14:56:37,418 - INFO - 图片 https://gitcode.net/qq_44112897/images/-/raw/master/comic/28.jpg 下载成功！
2024-02-01 14:56:37,458 - WARNING - 文件 D:\shengwang52005\shengwang52005.github.io\assets\background\52.jpeg 不存在，无法转换为JPEG格式。
2024-02-01 14:56:39,053 - INFO - 图片 https://gitcode.net/qq_44112897/images/-/raw/master/comic/12.jpg 下载成功！
2024-02-01 14:56:39,140 - INFO - 图片 D:\shengwang52005\shengwang52005.github.io\assets\background\53.jpeg 转换为JPEG格式成功！
2024-02-01 14:56:39,141 - INFO - 原始文件 D:\shengwang52005\shengwang52005.github.io\assets\background\53.jpeg 删除成功！
2024-02-01 14:56:39,900 - WARNING - 图片 https://gitcode.net/qq_44112897/images/-/raw/master/comic/12.jpg 已经下载过，调整文件名...
2024-02-01 14:56:39,903 - INFO - 图片 https://gitcode.net/qq_44112897/images/-/raw/master/comic/12.jpg 下载成功！
2024-02-01 14:56:39,906 - WARNING - 文件 D:\shengwang52005\shengwang52005.github.io\assets\background\54.jpeg 不存在，无法转换为JPEG格式。
2024-02-01 14:56:44,186 - WARNING - 图片 https://gitcode.net/qq_44112897/images/-/raw/master/comic/36.jpg 已经下载过，调整文件名...
2024-02-01 14:56:44,188 - INFO - 图片 https://gitcode.net/qq_44112897/images/-/raw/master/comic/36.jpg 下载成功！
2024-02-01 14:56:44,191 - WARNING - 文件 D:\shengwang52005\shengwang52005.github.io\assets\background\56.png 不存在，无法转换为JPEG格式。
2024-02-01 14:56:44,476 - INFO - 图片 https://gitcode.net/qq_44112897/images/-/raw/master/comic/31.jpg 下载成功！
2024-02-01 14:56:44,576 - INFO - 图片 D:\shengwang52005\shengwang52005.github.io\assets\background\55.png 转换为JPEG格式成功！
2024-02-01 14:56:44,583 - INFO - 原始文件 D:\shengwang52005\shengwang52005.github.io\assets\background\55.png 删除成功！
2024-02-01 14:56:44,738 - INFO - 图片 https://gitcode.net/qq_44112897/images/-/raw/master/comic/15.jpg 下载成功！
2024-02-01 14:56:44,798 - INFO - 图片 D:\shengwang52005\shengwang52005.github.io\assets\background\57.jpeg 转换为JPEG格式成功！
2024-02-01 14:56:44,799 - INFO - 原始文件 D:\shengwang52005\shengwang52005.github.io\assets\background\57.jpeg 删除成功！
2024-02-01 14:56:46,224 - WARNING - 图片 https://gitcode.net/qq_44112897/images/-/raw/master/comic/10.jpg 已经下载过，调整文件名...
2024-02-01 14:56:46,226 - INFO - 图片 https://gitcode.net/qq_44112897/images/-/raw/master/comic/10.jpg 下载成功！
2024-02-01 14:56:46,229 - WARNING - 文件 D:\shengwang52005\shengwang52005.github.io\assets\background\58.jpeg 不存在，无法转换为JPEG格式。
2024-02-01 14:56:47,952 - WARNING - 图片 https://gitcode.net/qq_44112897/images/-/raw/master/comic/02.jpg 已经下载过，调整文件名...
2024-02-01 14:56:47,954 - INFO - 图片 https://gitcode.net/qq_44112897/images/-/raw/master/comic/02.jpg 下载成功！
2024-02-01 14:56:47,958 - WARNING - 文件 D:\shengwang52005\shengwang52005.github.io\assets\background\59.jpeg 不存在，无法转换为JPEG格式。
2024-02-01 14:56:50,205 - WARNING - 图片 https://gitcode.net/qq_44112897/images/-/raw/master/comic/29.jpg 已经下载过，调整文件名...
2024-02-01 14:56:50,208 - INFO - 图片 https://gitcode.net/qq_44112897/images/-/raw/master/comic/29.jpg 下载成功！
2024-02-01 14:56:50,211 - WARNING - 文件 D:\shengwang52005\shengwang52005.github.io\assets\background\60.jpeg 不存在，无法转换为JPEG格式。
2024-02-01 14:56:51,060 - WARNING - 图片 https://gitcode.net/qq_44112897/images/-/raw/master/comic/19.jpg 已经下载过，调整文件名...
2024-02-01 14:56:51,061 - WARNING - 图片 https://gitcode.net/qq_44112897/images/-/raw/master/comic/19.jpg 已经下载过，调整文件名...
2024-02-01 14:56:51,064 - WARNING - 图片 https://gitcode.net/qq_44112897/images/-/raw/master/comic/19.jpg 已经下载过，调整文件名...
2024-02-01 14:56:51,067 - INFO - 图片 https://gitcode.net/qq_44112897/images/-/raw/master/comic/19.jpg 下载成功！
2024-02-01 14:56:51,072 - WARNING - 文件 D:\shengwang52005\shengwang52005.github.io\assets\background\61.jpeg 不存在，无法转换为JPEG格式。
2024-02-01 14:56:53,069 - WARNING - 图片 https://gitcode.net/qq_44112897/images/-/raw/master/comic/30.jpg 已经下载过，调整文件名...
2024-02-01 14:56:53,077 - INFO - 图片 https://gitcode.net/qq_44112897/images/-/raw/master/comic/30.jpg 下载成功！
2024-02-01 14:56:53,085 - WARNING - 文件 D:\shengwang52005\shengwang52005.github.io\assets\background\62.png 不存在，无法转换为JPEG格式。
2024-02-01 14:56:54,561 - INFO - 图片 https://gitcode.net/qq_44112897/images/-/raw/master/comic/01.jpg 下载成功！
2024-02-01 14:56:54,612 - INFO - 图片 D:\shengwang52005\shengwang52005.github.io\assets\background\63.jpeg 转换为JPEG格式成功！
2024-02-01 14:56:54,616 - INFO - 原始文件 D:\shengwang52005\shengwang52005.github.io\assets\background\63.jpeg 删除成功！
2024-02-01 14:56:55,929 - WARNING - 图片 https://gitcode.net/qq_44112897/images/-/raw/master/comic/24.jpg 已经下载过，调整文件名...
2024-02-01 14:56:55,942 - INFO - 图片 https://gitcode.net/qq_44112897/images/-/raw/master/comic/24.jpg 下载成功！
2024-02-01 14:56:55,945 - WARNING - 文件 D:\shengwang52005\shengwang52005.github.io\assets\background\64.jpeg 不存在，无法转换为JPEG格式。
2024-02-01 14:56:57,624 - WARNING - 图片 https://gitcode.net/qq_44112897/images/-/raw/master/comic/05.jpg 已经下载过，调整文件名...
2024-02-01 14:56:57,625 - WARNING - 图片 https://gitcode.net/qq_44112897/images/-/raw/master/comic/05.jpg 已经下载过，调整文件名...
2024-02-01 14:56:57,626 - INFO - 图片 https://gitcode.net/qq_44112897/images/-/raw/master/comic/05.jpg 下载成功！
2024-02-01 14:56:57,629 - WARNING - 文件 D:\shengwang52005\shengwang52005.github.io\assets\background\65.jpeg 不存在，无法转换为JPEG格式。
2024-02-01 14:56:59,890 - WARNING - 图片 https://gitcode.net/qq_44112897/images/-/raw/master/comic/24.jpg 已经下载过，调整文件名...
2024-02-01 14:56:59,891 - WARNING - 图片 https://gitcode.net/qq_44112897/images/-/raw/master/comic/24.jpg 已经下载过，调整文件名...
2024-02-01 14:56:59,894 - INFO - 图片 https://gitcode.net/qq_44112897/images/-/raw/master/comic/24.jpg 下载成功！
2024-02-01 14:56:59,897 - WARNING - 文件 D:\shengwang52005\shengwang52005.github.io\assets\background\66.jpeg 不存在，无法转换为JPEG格式。
2024-02-01 14:57:03,817 - WARNING - 图片 https://gitcode.net/qq_44112897/images/-/raw/master/comic/20.jpg 已经下载过，调整文件名...
2024-02-01 14:57:03,821 - INFO - 图片 https://gitcode.net/qq_44112897/images/-/raw/master/comic/20.jpg 下载成功！
2024-02-01 14:57:03,823 - WARNING - 文件 D:\shengwang52005\shengwang52005.github.io\assets\background\67.jpeg 不存在，无法转换为JPEG格式。
2024-02-01 14:57:04,284 - WARNING - 图片 https://gitcode.net/qq_44112897/images/-/raw/master/comic/02.jpg 已经下载过，调整文件名...
2024-02-01 14:57:04,285 - WARNING - 图片 https://gitcode.net/qq_44112897/images/-/raw/master/comic/02.jpg 已经下载过，调整文件名...
2024-02-01 14:57:04,287 - INFO - 图片 https://gitcode.net/qq_44112897/images/-/raw/master/comic/02.jpg 下载成功！
2024-02-01 14:57:04,293 - WARNING - 文件 D:\shengwang52005\shengwang52005.github.io\assets\background\68.jpeg 不存在，无法转换为JPEG格式。
2024-02-01 14:57:05,686 - WARNING - 图片 https://gitcode.net/qq_44112897/images/-/raw/master/comic/04.jpg 已经下载过，调整文件名...
2024-02-01 14:57:05,686 - WARNING - 图片 https://gitcode.net/qq_44112897/images/-/raw/master/comic/04.jpg 已经下载过，调整文件名...
2024-02-01 14:57:05,688 - INFO - 图片 https://gitcode.net/qq_44112897/images/-/raw/master/comic/04.jpg 下载成功！
2024-02-01 14:57:05,691 - WARNING - 文件 D:\shengwang52005\shengwang52005.github.io\assets\background\69.jpeg 不存在，无法转换为JPEG格式。
2024-02-01 14:57:07,462 - WARNING - 图片 https://gitcode.net/qq_44112897/images/-/raw/master/comic/16.jpg 已经下载过，调整文件名...
2024-02-01 14:57:07,464 - INFO - 图片 https://gitcode.net/qq_44112897/images/-/raw/master/comic/16.jpg 下载成功！
2024-02-01 14:57:07,466 - WARNING - 文件 D:\shengwang52005\shengwang52005.github.io\assets\background\70.png 不存在，无法转换为JPEG格式。
2024-02-01 14:57:08,172 - WARNING - 图片 https://gitcode.net/qq_44112897/images/-/raw/master/comic/11.jpg 已经下载过，调整文件名...
2024-02-01 14:57:08,175 - WARNING - 图片 https://gitcode.net/qq_44112897/images/-/raw/master/comic/11.jpg 已经下载过，调整文件名...
2024-02-01 14:57:08,176 - WARNING - 图片 https://gitcode.net/qq_44112897/images/-/raw/master/comic/11.jpg 已经下载过，调整文件名...
2024-02-01 14:57:08,177 - WARNING - 图片 https://gitcode.net/qq_44112897/images/-/raw/master/comic/11.jpg 已经下载过，调整文件名...
2024-02-01 14:57:08,179 - WARNING - 图片 https://gitcode.net/qq_44112897/images/-/raw/master/comic/11.jpg 已经下载过，调整文件名...
2024-02-01 14:57:08,188 - INFO - 图片 https://gitcode.net/qq_44112897/images/-/raw/master/comic/11.jpg 下载成功！
2024-02-01 14:57:08,191 - WARNING - 文件 D:\shengwang52005\shengwang52005.github.io\assets\background\71.jpeg 不存在，无法转换为JPEG格式。
2024-02-01 14:57:11,396 - INFO - 图片 https://gitcode.net/qq_44112897/images/-/raw/master/comic/23.jpg 下载成功！
2024-02-01 14:57:11,439 - INFO - 图片 D:\shengwang52005\shengwang52005.github.io\assets\background\73.jpeg 转换为JPEG格式成功！
2024-02-01 14:57:11,441 - INFO - 原始文件 D:\shengwang52005\shengwang52005.github.io\assets\background\73.jpeg 删除成功！
2024-02-01 14:57:12,642 - WARNING - 图片 https://gitcode.net/qq_44112897/images/-/raw/master/comic/11.jpg 已经下载过，调整文件名...
2024-02-01 14:57:12,646 - WARNING - 图片 https://gitcode.net/qq_44112897/images/-/raw/master/comic/11.jpg 已经下载过，调整文件名...
2024-02-01 14:57:12,647 - WARNING - 图片 https://gitcode.net/qq_44112897/images/-/raw/master/comic/11.jpg 已经下载过，调整文件名...
2024-02-01 14:57:12,648 - WARNING - 图片 https://gitcode.net/qq_44112897/images/-/raw/master/comic/11.jpg 已经下载过，调整文件名...
2024-02-01 14:57:12,650 - WARNING - 图片 https://gitcode.net/qq_44112897/images/-/raw/master/comic/11.jpg 已经下载过，调整文件名...
2024-02-01 14:57:12,652 - WARNING - 图片 https://gitcode.net/qq_44112897/images/-/raw/master/comic/11.jpg 已经下载过，调整文件名...
2024-02-01 14:57:12,655 - INFO - 图片 https://gitcode.net/qq_44112897/images/-/raw/master/comic/11.jpg 下载成功！
2024-02-01 14:57:12,658 - WARNING - 文件 D:\shengwang52005\shengwang52005.github.io\assets\background\74.jpeg 不存在，无法转换为JPEG格式。
2024-02-01 14:57:12,928 - WARNING - 图片 https://gitcode.net/qq_44112897/images/-/raw/master/comic/34.jpg 已经下载过，调整文件名...
2024-02-01 14:57:12,941 - WARNING - 图片 https://gitcode.net/qq_44112897/images/-/raw/master/comic/34.jpg 已经下载过，调整文件名...
2024-02-01 14:57:12,999 - WARNING - 图片 https://gitcode.net/qq_44112897/images/-/raw/master/comic/34.jpg 已经下载过，调整文件名...
2024-02-01 14:57:13,066 - WARNING - 图片 https://gitcode.net/qq_44112897/images/-/raw/master/comic/34.jpg 已经下载过，调整文件名...
2024-02-01 14:57:13,282 - INFO - 图片 https://gitcode.net/qq_44112897/images/-/raw/master/comic/34.jpg 下载成功！
2024-02-01 14:57:13,363 - WARNING - 文件 D:\shengwang52005\shengwang52005.github.io\assets\background\72.jpeg 不存在，无法转换为JPEG格式。
2024-02-01 14:57:18,982 - WARNING - 图片 https://gitcode.net/qq_44112897/images/-/raw/master/comic/34.jpg 已经下载过，调整文件名...
2024-02-01 14:57:18,999 - WARNING - 图片 https://gitcode.net/qq_44112897/images/-/raw/master/comic/34.jpg 已经下载过，调整文件名...
2024-02-01 14:57:19,016 - WARNING - 图片 https://gitcode.net/qq_44112897/images/-/raw/master/comic/34.jpg 已经下载过，调整文件名...
2024-02-01 14:57:19,030 - WARNING - 图片 https://gitcode.net/qq_44112897/images/-/raw/master/comic/34.jpg 已经下载过，调整文件名...
2024-02-01 14:57:19,044 - WARNING - 图片 https://gitcode.net/qq_44112897/images/-/raw/master/comic/34.jpg 已经下载过，调整文件名...
2024-02-01 14:57:19,082 - INFO - 图片 https://gitcode.net/qq_44112897/images/-/raw/master/comic/34.jpg 下载成功！
2024-02-01 14:57:19,089 - WARNING - 文件 D:\shengwang52005\shengwang52005.github.io\assets\background\75.jpeg 不存在，无法转换为JPEG格式。
2024-02-01 14:57:19,464 - WARNING - 图片 https://gitcode.net/qq_44112897/images/-/raw/master/comic/01.jpg 已经下载过，调整文件名...
2024-02-01 14:57:19,468 - INFO - 图片 https://gitcode.net/qq_44112897/images/-/raw/master/comic/01.jpg 下载成功！
2024-02-01 14:57:19,470 - WARNING - 文件 D:\shengwang52005\shengwang52005.github.io\assets\background\76.jpeg 不存在，无法转换为JPEG格式。
2024-02-01 14:57:20,157 - WARNING - 图片 https://gitcode.net/qq_44112897/images/-/raw/master/comic/03.jpg 已经下载过，调整文件名...
2024-02-01 14:57:20,159 - WARNING - 图片 https://gitcode.net/qq_44112897/images/-/raw/master/comic/03.jpg 已经下载过，调整文件名...
2024-02-01 14:57:20,160 - WARNING - 图片 https://gitcode.net/qq_44112897/images/-/raw/master/comic/03.jpg 已经下载过，调整文件名...
2024-02-01 14:57:20,162 - WARNING - 图片 https://gitcode.net/qq_44112897/images/-/raw/master/comic/03.jpg 已经下载过，调整文件名...
2024-02-01 14:57:20,163 - WARNING - 图片 https://gitcode.net/qq_44112897/images/-/raw/master/comic/03.jpg 已经下载过，调整文件名...
2024-02-01 14:57:20,167 - INFO - 图片 https://gitcode.net/qq_44112897/images/-/raw/master/comic/03.jpg 下载成功！
2024-02-01 14:57:20,173 - WARNING - 文件 D:\shengwang52005\shengwang52005.github.io\assets\background\77.jpeg 不存在，无法转换为JPEG格式。
2024-02-01 14:57:21,538 - WARNING - 图片 https://gitcode.net/qq_44112897/images/-/raw/master/comic/22.jpg 已经下载过，调整文件名...
2024-02-01 14:57:21,540 - WARNING - 图片 https://gitcode.net/qq_44112897/images/-/raw/master/comic/22.jpg 已经下载过，调整文件名...
2024-02-01 14:57:21,542 - WARNING - 图片 https://gitcode.net/qq_44112897/images/-/raw/master/comic/22.jpg 已经下载过，调整文件名...
2024-02-01 14:57:21,544 - WARNING - 图片 https://gitcode.net/qq_44112897/images/-/raw/master/comic/22.jpg 已经下载过，调整文件名...
2024-02-01 14:57:21,547 - INFO - 图片 https://gitcode.net/qq_44112897/images/-/raw/master/comic/22.jpg 下载成功！
2024-02-01 14:57:21,550 - WARNING - 文件 D:\shengwang52005\shengwang52005.github.io\assets\background\78.jpeg 不存在，无法转换为JPEG格式。
2024-02-01 14:57:23,017 - WARNING - 图片 https://gitcode.net/qq_44112897/images/-/raw/master/comic/20.jpg 已经下载过，调整文件名...
2024-02-01 14:57:23,020 - WARNING - 图片 https://gitcode.net/qq_44112897/images/-/raw/master/comic/20.jpg 已经下载过，调整文件名...
2024-02-01 14:57:23,025 - INFO - 图片 https://gitcode.net/qq_44112897/images/-/raw/master/comic/20.jpg 下载成功！
2024-02-01 14:57:23,032 - WARNING - 文件 D:\shengwang52005\shengwang52005.github.io\assets\background\79.jpeg 不存在，无法转换为JPEG格式。
2024-02-01 14:57:24,385 - WARNING - 图片 https://gitcode.net/qq_44112897/images/-/raw/master/comic/32.jpg 已经下载过，调整文件名...
2024-02-01 14:57:24,585 - INFO - 图片 https://gitcode.net/qq_44112897/images/-/raw/master/comic/32.jpg 下载成功！
2024-02-01 14:57:24,734 - WARNING - 文件 D:\shengwang52005\shengwang52005.github.io\assets\background\80.jpeg 不存在，无法转换为JPEG格式。
2024-02-01 14:57:26,991 - WARNING - 图片 https://gitcode.net/qq_44112897/images/-/raw/master/comic/36.jpg 已经下载过，调整文件名...
2024-02-01 14:57:26,992 - WARNING - 图片 https://gitcode.net/qq_44112897/images/-/raw/master/comic/36.jpg 已经下载过，调整文件名...
2024-02-01 14:57:26,994 - INFO - 图片 https://gitcode.net/qq_44112897/images/-/raw/master/comic/36.jpg 下载成功！
2024-02-01 14:57:26,997 - WARNING - 文件 D:\shengwang52005\shengwang52005.github.io\assets\background\81.png 不存在，无法转换为JPEG格式。
2024-02-01 14:57:29,142 - WARNING - 图片 https://gitcode.net/qq_44112897/images/-/raw/master/comic/20.jpg 已经下载过，调整文件名...
2024-02-01 14:57:29,146 - WARNING - 图片 https://gitcode.net/qq_44112897/images/-/raw/master/comic/20.jpg 已经下载过，调整文件名...
2024-02-01 14:57:29,149 - WARNING - 图片 https://gitcode.net/qq_44112897/images/-/raw/master/comic/20.jpg 已经下载过，调整文件名...
2024-02-01 14:57:29,157 - INFO - 图片 https://gitcode.net/qq_44112897/images/-/raw/master/comic/20.jpg 下载成功！
2024-02-01 14:57:29,161 - WARNING - 文件 D:\shengwang52005\shengwang52005.github.io\assets\background\82.jpeg 不存在，无法转换为JPEG格式。
2024-02-01 14:57:30,386 - WARNING - 图片 https://gitcode.net/qq_44112897/images/-/raw/master/comic/02.jpg 已经下载过，调整文件名...
2024-02-01 14:57:30,387 - WARNING - 图片 https://gitcode.net/qq_44112897/images/-/raw/master/comic/02.jpg 已经下载过，调整文件名...
2024-02-01 14:57:30,388 - WARNING - 图片 https://gitcode.net/qq_44112897/images/-/raw/master/comic/02.jpg 已经下载过，调整文件名...
2024-02-01 14:57:30,449 - INFO - 图片 https://gitcode.net/qq_44112897/images/-/raw/master/comic/02.jpg 下载成功！
2024-02-01 14:57:30,453 - WARNING - 文件 D:\shengwang52005\shengwang52005.github.io\assets\background\83.jpeg 不存在，无法转换为JPEG格式。
2024-02-01 14:57:33,235 - WARNING - 图片 https://gitcode.net/qq_44112897/images/-/raw/master/comic/29.jpg 已经下载过，调整文件名...
2024-02-01 14:57:33,238 - WARNING - 图片 https://gitcode.net/qq_44112897/images/-/raw/master/comic/29.jpg 已经下载过，调整文件名...
2024-02-01 14:57:33,242 - INFO - 图片 https://gitcode.net/qq_44112897/images/-/raw/master/comic/29.jpg 下载成功！
2024-02-01 14:57:33,244 - WARNING - 文件 D:\shengwang52005\shengwang52005.github.io\assets\background\84.jpeg 不存在，无法转换为JPEG格式。
2024-02-01 14:57:36,242 - WARNING - 图片 https://gitcode.net/qq_44112897/images/-/raw/master/comic/30.jpg 已经下载过，调整文件名...
2024-02-01 14:57:36,248 - WARNING - 图片 https://gitcode.net/qq_44112897/images/-/raw/master/comic/30.jpg 已经下载过，调整文件名...
2024-02-01 14:57:36,258 - INFO - 图片 https://gitcode.net/qq_44112897/images/-/raw/master/comic/30.jpg 下载成功！
2024-02-01 14:57:36,263 - WARNING - 文件 D:\shengwang52005\shengwang52005.github.io\assets\background\85.png 不存在，无法转换为JPEG格式。
2024-02-01 14:57:36,645 - WARNING - 图片 https://gitcode.net/qq_44112897/images/-/raw/master/comic/22.jpg 已经下载过，调整文件名...
2024-02-01 14:57:36,647 - WARNING - 图片 https://gitcode.net/qq_44112897/images/-/raw/master/comic/22.jpg 已经下载过，调整文件名...
2024-02-01 14:57:36,648 - WARNING - 图片 https://gitcode.net/qq_44112897/images/-/raw/master/comic/22.jpg 已经下载过，调整文件名...
2024-02-01 14:57:36,650 - WARNING - 图片 https://gitcode.net/qq_44112897/images/-/raw/master/comic/22.jpg 已经下载过，调整文件名...
2024-02-01 14:57:36,652 - WARNING - 图片 https://gitcode.net/qq_44112897/images/-/raw/master/comic/22.jpg 已经下载过，调整文件名...
2024-02-01 14:57:36,654 - INFO - 图片 https://gitcode.net/qq_44112897/images/-/raw/master/comic/22.jpg 下载成功！
2024-02-01 14:57:36,658 - WARNING - 文件 D:\shengwang52005\shengwang52005.github.io\assets\background\86.jpeg 不存在，无法转换为JPEG格式。
2024-02-01 14:57:37,975 - WARNING - 图片 https://gitcode.net/qq_44112897/images/-/raw/master/comic/02.jpg 已经下载过，调整文件名...
2024-02-01 14:57:37,976 - WARNING - 图片 https://gitcode.net/qq_44112897/images/-/raw/master/comic/02.jpg 已经下载过，调整文件名...
2024-02-01 14:57:37,977 - WARNING - 图片 https://gitcode.net/qq_44112897/images/-/raw/master/comic/02.jpg 已经下载过，调整文件名...
2024-02-01 14:57:37,978 - WARNING - 图片 https://gitcode.net/qq_44112897/images/-/raw/master/comic/02.jpg 已经下载过，调整文件名...
2024-02-01 14:57:37,980 - INFO - 图片 https://gitcode.net/qq_44112897/images/-/raw/master/comic/02.jpg 下载成功！
2024-02-01 14:57:37,985 - WARNING - 文件 D:\shengwang52005\shengwang52005.github.io\assets\background\87.jpeg 不存在，无法转换为JPEG格式。
2024-02-01 14:57:39,854 - WARNING - 图片 https://gitcode.net/qq_44112897/images/-/raw/master/comic/24.jpg 已经下载过，调整文件名...
2024-02-01 14:57:39,859 - WARNING - 图片 https://gitcode.net/qq_44112897/images/-/raw/master/comic/24.jpg 已经下载过，调整文件名...
2024-02-01 14:57:39,861 - WARNING - 图片 https://gitcode.net/qq_44112897/images/-/raw/master/comic/24.jpg 已经下载过，调整文件名...
2024-02-01 14:57:39,868 - INFO - 图片 https://gitcode.net/qq_44112897/images/-/raw/master/comic/24.jpg 下载成功！
2024-02-01 14:57:39,871 - WARNING - 文件 D:\shengwang52005\shengwang52005.github.io\assets\background\88.jpeg 不存在，无法转换为JPEG格式。
2024-02-01 14:57:40,548 - WARNING - 图片 https://gitcode.net/qq_44112897/images/-/raw/master/comic/05.jpg 已经下载过，调整文件名...
2024-02-01 14:57:40,549 - WARNING - 图片 https://gitcode.net/qq_44112897/images/-/raw/master/comic/05.jpg 已经下载过，调整文件名...
2024-02-01 14:57:40,549 - WARNING - 图片 https://gitcode.net/qq_44112897/images/-/raw/master/comic/05.jpg 已经下载过，调整文件名...
2024-02-01 14:57:40,551 - INFO - 图片 https://gitcode.net/qq_44112897/images/-/raw/master/comic/05.jpg 下载成功！
2024-02-01 14:57:40,555 - WARNING - 文件 D:\shengwang52005\shengwang52005.github.io\assets\background\89.jpeg 不存在，无法转换为JPEG格式。
2024-02-01 14:57:42,070 - WARNING - 图片 https://gitcode.net/qq_44112897/images/-/raw/master/comic/05.jpg 已经下载过，调整文件名...
2024-02-01 14:57:42,071 - WARNING - 图片 https://gitcode.net/qq_44112897/images/-/raw/master/comic/05.jpg 已经下载过，调整文件名...
2024-02-01 14:57:42,071 - WARNING - 图片 https://gitcode.net/qq_44112897/images/-/raw/master/comic/05.jpg 已经下载过，调整文件名...
2024-02-01 14:57:42,072 - WARNING - 图片 https://gitcode.net/qq_44112897/images/-/raw/master/comic/05.jpg 已经下载过，调整文件名...
2024-02-01 14:57:42,074 - INFO - 图片 https://gitcode.net/qq_44112897/images/-/raw/master/comic/05.jpg 下载成功！
2024-02-01 14:57:42,079 - WARNING - 文件 D:\shengwang52005\shengwang52005.github.io\assets\background\90.jpeg 不存在，无法转换为JPEG格式。
2024-02-01 14:57:43,640 - WARNING - 图片 https://gitcode.net/qq_44112897/images/-/raw/master/comic/36.jpg 已经下载过，调整文件名...
2024-02-01 14:57:43,641 - WARNING - 图片 https://gitcode.net/qq_44112897/images/-/raw/master/comic/36.jpg 已经下载过，调整文件名...
2024-02-01 14:57:43,643 - WARNING - 图片 https://gitcode.net/qq_44112897/images/-/raw/master/comic/36.jpg 已经下载过，调整文件名...
2024-02-01 14:57:43,645 - INFO - 图片 https://gitcode.net/qq_44112897/images/-/raw/master/comic/36.jpg 下载成功！
2024-02-01 14:57:43,648 - WARNING - 文件 D:\shengwang52005\shengwang52005.github.io\assets\background\91.png 不存在，无法转换为JPEG格式。
2024-02-01 14:57:45,235 - WARNING - 图片 https://gitcode.net/qq_44112897/images/-/raw/master/comic/11.jpg 已经下载过，调整文件名...
2024-02-01 14:57:45,236 - WARNING - 图片 https://gitcode.net/qq_44112897/images/-/raw/master/comic/11.jpg 已经下载过，调整文件名...
2024-02-01 14:57:45,238 - WARNING - 图片 https://gitcode.net/qq_44112897/images/-/raw/master/comic/11.jpg 已经下载过，调整文件名...
2024-02-01 14:57:45,239 - WARNING - 图片 https://gitcode.net/qq_44112897/images/-/raw/master/comic/11.jpg 已经下载过，调整文件名...
2024-02-01 14:57:45,240 - WARNING - 图片 https://gitcode.net/qq_44112897/images/-/raw/master/comic/11.jpg 已经下载过，调整文件名...
2024-02-01 14:57:45,242 - WARNING - 图片 https://gitcode.net/qq_44112897/images/-/raw/master/comic/11.jpg 已经下载过，调整文件名...
2024-02-01 14:57:45,243 - WARNING - 图片 https://gitcode.net/qq_44112897/images/-/raw/master/comic/11.jpg 已经下载过，调整文件名...
2024-02-01 14:57:45,245 - INFO - 图片 https://gitcode.net/qq_44112897/images/-/raw/master/comic/11.jpg 下载成功！
2024-02-01 14:57:45,248 - WARNING - 文件 D:\shengwang52005\shengwang52005.github.io\assets\background\92.jpeg 不存在，无法转换为JPEG格式。
2024-02-01 14:57:46,526 - WARNING - 图片 https://gitcode.net/qq_44112897/images/-/raw/master/comic/04.jpg 已经下载过，调整文件名...
2024-02-01 14:57:46,526 - WARNING - 图片 https://gitcode.net/qq_44112897/images/-/raw/master/comic/04.jpg 已经下载过，调整文件名...
2024-02-01 14:57:46,527 - WARNING - 图片 https://gitcode.net/qq_44112897/images/-/raw/master/comic/04.jpg 已经下载过，调整文件名...
2024-02-01 14:57:46,530 - INFO - 图片 https://gitcode.net/qq_44112897/images/-/raw/master/comic/04.jpg 下载成功！
2024-02-01 14:57:46,535 - WARNING - 文件 D:\shengwang52005\shengwang52005.github.io\assets\background\93.jpeg 不存在，无法转换为JPEG格式。
2024-02-01 14:57:48,183 - WARNING - 图片 https://gitcode.net/qq_44112897/images/-/raw/master/comic/18.jpg 已经下载过，调整文件名...
2024-02-01 14:57:48,184 - WARNING - 图片 https://gitcode.net/qq_44112897/images/-/raw/master/comic/18.jpg 已经下载过，调整文件名...
2024-02-01 14:57:48,185 - WARNING - 图片 https://gitcode.net/qq_44112897/images/-/raw/master/comic/18.jpg 已经下载过，调整文件名...
2024-02-01 14:57:48,187 - INFO - 图片 https://gitcode.net/qq_44112897/images/-/raw/master/comic/18.jpg 下载成功！
2024-02-01 14:57:48,191 - WARNING - 文件 D:\shengwang52005\shengwang52005.github.io\assets\background\94.jpeg 不存在，无法转换为JPEG格式。
2024-02-01 14:57:48,872 - WARNING - 图片 https://gitcode.net/qq_44112897/images/-/raw/master/comic/07.jpg 已经下载过，调整文件名...
2024-02-01 14:57:48,875 - INFO - 图片 https://gitcode.net/qq_44112897/images/-/raw/master/comic/07.jpg 下载成功！
2024-02-01 14:57:48,878 - WARNING - 文件 D:\shengwang52005\shengwang52005.github.io\assets\background\95.jpeg 不存在，无法转换为JPEG格式。
2024-02-01 14:57:50,789 - WARNING - 图片 https://gitcode.net/qq_44112897/images/-/raw/master/comic/04.jpg 已经下载过，调整文件名...
2024-02-01 14:57:50,790 - WARNING - 图片 https://gitcode.net/qq_44112897/images/-/raw/master/comic/04.jpg 已经下载过，调整文件名...
2024-02-01 14:57:50,791 - WARNING - 图片 https://gitcode.net/qq_44112897/images/-/raw/master/comic/04.jpg 已经下载过，调整文件名...
2024-02-01 14:57:50,792 - WARNING - 图片 https://gitcode.net/qq_44112897/images/-/raw/master/comic/04.jpg 已经下载过，调整文件名...
2024-02-01 14:57:50,795 - INFO - 图片 https://gitcode.net/qq_44112897/images/-/raw/master/comic/04.jpg 下载成功！
2024-02-01 14:57:50,798 - WARNING - 文件 D:\shengwang52005\shengwang52005.github.io\assets\background\96.jpeg 不存在，无法转换为JPEG格式。
2024-02-01 14:57:51,715 - WARNING - 图片 https://gitcode.net/qq_44112897/images/-/raw/master/comic/05.jpg 已经下载过，调整文件名...
2024-02-01 14:57:51,716 - WARNING - 图片 https://gitcode.net/qq_44112897/images/-/raw/master/comic/05.jpg 已经下载过，调整文件名...
2024-02-01 14:57:51,717 - WARNING - 图片 https://gitcode.net/qq_44112897/images/-/raw/master/comic/05.jpg 已经下载过，调整文件名...
2024-02-01 14:57:51,717 - WARNING - 图片 https://gitcode.net/qq_44112897/images/-/raw/master/comic/05.jpg 已经下载过，调整文件名...
2024-02-01 14:57:51,718 - WARNING - 图片 https://gitcode.net/qq_44112897/images/-/raw/master/comic/05.jpg 已经下载过，调整文件名...
2024-02-01 14:57:51,720 - INFO - 图片 https://gitcode.net/qq_44112897/images/-/raw/master/comic/05.jpg 下载成功！
2024-02-01 14:57:51,725 - WARNING - 文件 D:\shengwang52005\shengwang52005.github.io\assets\background\97.jpeg 不存在，无法转换为JPEG格式。
2024-02-01 14:57:53,139 - INFO - 图片 https://gitcode.net/qq_44112897/images/-/raw/master/comic/17.jpg 下载成功！
2024-02-01 14:57:53,173 - INFO - 图片 D:\shengwang52005\shengwang52005.github.io\assets\background\98.png 转换为JPEG格式成功！
2024-02-01 14:57:53,174 - INFO - 原始文件 D:\shengwang52005\shengwang52005.github.io\assets\background\98.png 删除成功！
