2024-01-29 08:30:47,004 - INFO - 图片 https://t.mwm.moe/ycy/ 下载成功！
2024-01-29 08:30:47,111 - INFO - 图片 D:\shengwang52005\shengwang52005.github.io\assets\background\1.webp 转换为JPEG格式成功！
2024-01-29 08:30:47,113 - INFO - 原始文件 D:\shengwang52005\shengwang52005.github.io\assets\background\1.webp 删除成功！
2024-01-29 08:30:48,907 - INFO - 图片 https://t.mwm.moe/ycy/ 下载成功！
2024-01-29 08:30:49,327 - INFO - 图片 D:\shengwang52005\shengwang52005.github.io\assets\background\2.jpeg 转换为JPEG格式成功！
2024-01-29 08:30:49,329 - INFO - 原始文件 D:\shengwang52005\shengwang52005.github.io\assets\background\2.jpeg 删除成功！
2024-01-29 08:30:52,218 - INFO - 图片 https://t.mwm.moe/ycy/ 下载成功！
2024-01-29 08:30:52,481 - INFO - 图片 D:\shengwang52005\shengwang52005.github.io\assets\background\3.webp 转换为JPEG格式成功！
2024-01-29 08:30:52,491 - INFO - 原始文件 D:\shengwang52005\shengwang52005.github.io\assets\background\3.webp 删除成功！
2024-01-29 08:30:58,597 - INFO - 图片 https://t.mwm.moe/ycy/ 下载成功！
2024-01-29 08:30:58,656 - INFO - 图片 D:\shengwang52005\shengwang52005.github.io\assets\background\5.webp 转换为JPEG格式成功！
2024-01-29 08:30:58,657 - INFO - 原始文件 D:\shengwang52005\shengwang52005.github.io\assets\background\5.webp 删除成功！
2024-01-29 08:31:03,904 - INFO - 图片 https://t.mwm.moe/ycy/ 下载成功！
2024-01-29 08:31:04,365 - INFO - 图片 https://t.mwm.moe/ycy/ 下载成功！
2024-01-29 08:31:04,695 - INFO - 图片 D:\shengwang52005\shengwang52005.github.io\assets\background\6.webp 转换为JPEG格式成功！
2024-01-29 08:31:04,699 - INFO - 原始文件 D:\shengwang52005\shengwang52005.github.io\assets\background\6.webp 删除成功！
2024-01-29 08:31:04,893 - INFO - 图片 D:\shengwang52005\shengwang52005.github.io\assets\background\7.webp 转换为JPEG格式成功！
2024-01-29 08:31:04,897 - INFO - 原始文件 D:\shengwang52005\shengwang52005.github.io\assets\background\7.webp 删除成功！
2024-01-29 08:31:06,119 - INFO - 图片 https://t.mwm.moe/ycy/ 下载成功！
2024-01-29 08:31:06,851 - INFO - 图片 D:\shengwang52005\shengwang52005.github.io\assets\background\8.webp 转换为JPEG格式成功！
2024-01-29 08:31:06,854 - INFO - 原始文件 D:\shengwang52005\shengwang52005.github.io\assets\background\8.webp 删除成功！
2024-01-29 08:31:11,214 - INFO - 图片 https://t.mwm.moe/ycy/ 下载成功！
2024-01-29 08:31:11,465 - INFO - 图片 D:\shengwang52005\shengwang52005.github.io\assets\background\4.webp 转换为JPEG格式成功！
2024-01-29 08:31:11,469 - INFO - 原始文件 D:\shengwang52005\shengwang52005.github.io\assets\background\4.webp 删除成功！
2024-01-29 08:31:17,471 - INFO - 图片 https://t.mwm.moe/ycy/ 下载成功！
2024-01-29 08:31:17,882 - INFO - 图片 D:\shengwang52005\shengwang52005.github.io\assets\background\9.webp 转换为JPEG格式成功！
2024-01-29 08:31:17,885 - INFO - 原始文件 D:\shengwang52005\shengwang52005.github.io\assets\background\9.webp 删除成功！
2024-01-29 08:31:17,948 - INFO - 图片 https://t.mwm.moe/ycy/ 下载成功！
2024-01-29 08:31:18,192 - INFO - 图片 D:\shengwang52005\shengwang52005.github.io\assets\background\10.webp 转换为JPEG格式成功！
2024-01-29 08:31:18,196 - INFO - 原始文件 D:\shengwang52005\shengwang52005.github.io\assets\background\10.webp 删除成功！
2024-01-29 08:31:24,562 - INFO - 图片 https://t.mwm.moe/ycy/ 下载成功！
2024-01-29 08:31:24,917 - INFO - 图片 D:\shengwang52005\shengwang52005.github.io\assets\background\11.webp 转换为JPEG格式成功！
2024-01-29 08:31:24,927 - INFO - 原始文件 D:\shengwang52005\shengwang52005.github.io\assets\background\11.webp 删除成功！
2024-01-29 08:31:29,391 - INFO - 图片 https://t.mwm.moe/ycy/ 下载成功！
2024-01-29 08:31:30,053 - INFO - 图片 D:\shengwang52005\shengwang52005.github.io\assets\background\12.webp 转换为JPEG格式成功！
2024-01-29 08:31:30,054 - INFO - 原始文件 D:\shengwang52005\shengwang52005.github.io\assets\background\12.webp 删除成功！
2024-01-29 08:31:32,460 - INFO - 图片 https://t.mwm.moe/ycy/ 下载成功！
2024-01-29 08:31:32,625 - INFO - 图片 D:\shengwang52005\shengwang52005.github.io\assets\background\13.webp 转换为JPEG格式成功！
2024-01-29 08:31:32,626 - INFO - 原始文件 D:\shengwang52005\shengwang52005.github.io\assets\background\13.webp 删除成功！
2024-01-29 08:31:35,404 - INFO - 图片 https://t.mwm.moe/ycy/ 下载成功！
2024-01-29 08:31:35,656 - INFO - 图片 D:\shengwang52005\shengwang52005.github.io\assets\background\14.webp 转换为JPEG格式成功！
2024-01-29 08:31:35,660 - INFO - 原始文件 D:\shengwang52005\shengwang52005.github.io\assets\background\14.webp 删除成功！
2024-01-29 08:31:37,853 - INFO - 图片 https://t.mwm.moe/ycy/ 下载成功！
2024-01-29 08:31:38,420 - INFO - 图片 D:\shengwang52005\shengwang52005.github.io\assets\background\15.webp 转换为JPEG格式成功！
2024-01-29 08:31:38,422 - INFO - 原始文件 D:\shengwang52005\shengwang52005.github.io\assets\background\15.webp 删除成功！
2024-01-29 08:31:41,130 - INFO - 图片 https://t.mwm.moe/ycy/ 下载成功！
2024-01-29 08:31:41,172 - INFO - 图片 D:\shengwang52005\shengwang52005.github.io\assets\background\16.webp 转换为JPEG格式成功！
2024-01-29 08:31:41,172 - INFO - 原始文件 D:\shengwang52005\shengwang52005.github.io\assets\background\16.webp 删除成功！
2024-01-29 08:31:44,503 - INFO - 图片 https://t.mwm.moe/ycy/ 下载成功！
2024-01-29 08:31:45,093 - INFO - 图片 D:\shengwang52005\shengwang52005.github.io\assets\background\17.webp 转换为JPEG格式成功！
2024-01-29 08:31:45,095 - INFO - 原始文件 D:\shengwang52005\shengwang52005.github.io\assets\background\17.webp 删除成功！
2024-01-29 08:31:48,059 - INFO - 图片 https://t.mwm.moe/ycy/ 下载成功！
2024-01-29 08:31:48,254 - INFO - 图片 D:\shengwang52005\shengwang52005.github.io\assets\background\18.webp 转换为JPEG格式成功！
2024-01-29 08:31:48,255 - INFO - 原始文件 D:\shengwang52005\shengwang52005.github.io\assets\background\18.webp 删除成功！
2024-01-29 08:31:50,929 - INFO - 图片 https://t.mwm.moe/ycy/ 下载成功！
2024-01-29 08:31:51,047 - INFO - 图片 D:\shengwang52005\shengwang52005.github.io\assets\background\19.webp 转换为JPEG格式成功！
2024-01-29 08:31:51,048 - INFO - 原始文件 D:\shengwang52005\shengwang52005.github.io\assets\background\19.webp 删除成功！
2024-01-29 08:31:53,519 - WARNING - 图片 https://t.mwm.moe/ycy/ 已经下载过，调整文件名...
2024-01-29 08:31:53,524 - INFO - 图片 https://t.mwm.moe/ycy/ 下载成功！
2024-01-29 08:31:53,527 - WARNING - 文件 D:\shengwang52005\shengwang52005.github.io\assets\background\20.webp 不存在，无法转换为JPEG格式。
2024-01-29 08:31:56,796 - INFO - 图片 https://t.mwm.moe/ycy/ 下载成功！
2024-01-29 08:31:57,054 - INFO - 图片 D:\shengwang52005\shengwang52005.github.io\assets\background\21.webp 转换为JPEG格式成功！
2024-01-29 08:31:57,055 - INFO - 原始文件 D:\shengwang52005\shengwang52005.github.io\assets\background\21.webp 删除成功！
2024-01-29 08:31:57,867 - INFO - 图片 https://t.mwm.moe/ycy/ 下载成功！
2024-01-29 08:31:58,057 - INFO - 图片 D:\shengwang52005\shengwang52005.github.io\assets\background\22.webp 转换为JPEG格式成功！
2024-01-29 08:31:58,058 - INFO - 原始文件 D:\shengwang52005\shengwang52005.github.io\assets\background\22.webp 删除成功！
2024-01-29 08:32:00,052 - INFO - 图片 https://t.mwm.moe/ycy/ 下载成功！
2024-01-29 08:32:00,269 - INFO - 图片 D:\shengwang52005\shengwang52005.github.io\assets\background\23.webp 转换为JPEG格式成功！
2024-01-29 08:32:00,271 - INFO - 原始文件 D:\shengwang52005\shengwang52005.github.io\assets\background\23.webp 删除成功！
2024-01-29 08:32:02,406 - INFO - 图片 https://t.mwm.moe/ycy/ 下载成功！
2024-01-29 08:32:03,034 - INFO - 图片 D:\shengwang52005\shengwang52005.github.io\assets\background\24.webp 转换为JPEG格式成功！
2024-01-29 08:32:03,036 - INFO - 原始文件 D:\shengwang52005\shengwang52005.github.io\assets\background\24.webp 删除成功！
2024-01-29 08:32:05,992 - WARNING - 图片 https://t.mwm.moe/ycy/ 已经下载过，调整文件名...
2024-01-29 08:32:05,993 - INFO - 图片 https://t.mwm.moe/ycy/ 下载成功！
2024-01-29 08:32:05,996 - WARNING - 文件 D:\shengwang52005\shengwang52005.github.io\assets\background\25.webp 不存在，无法转换为JPEG格式。
2024-01-29 08:32:09,230 - INFO - 图片 https://t.mwm.moe/ycy/ 下载成功！
2024-01-29 08:32:09,372 - INFO - 图片 D:\shengwang52005\shengwang52005.github.io\assets\background\26.webp 转换为JPEG格式成功！
2024-01-29 08:32:09,376 - INFO - 原始文件 D:\shengwang52005\shengwang52005.github.io\assets\background\26.webp 删除成功！
2024-01-29 08:32:10,446 - INFO - 图片 https://t.mwm.moe/ycy/ 下载成功！
2024-01-29 08:32:10,613 - INFO - 图片 D:\shengwang52005\shengwang52005.github.io\assets\background\27.webp 转换为JPEG格式成功！
2024-01-29 08:32:10,614 - INFO - 原始文件 D:\shengwang52005\shengwang52005.github.io\assets\background\27.webp 删除成功！
2024-01-29 08:32:14,567 - INFO - 图片 https://t.mwm.moe/ycy/ 下载成功！
2024-01-29 08:32:15,216 - INFO - 图片 D:\shengwang52005\shengwang52005.github.io\assets\background\28.webp 转换为JPEG格式成功！
2024-01-29 08:32:15,219 - INFO - 原始文件 D:\shengwang52005\shengwang52005.github.io\assets\background\28.webp 删除成功！
2024-01-29 08:32:18,070 - INFO - 图片 https://t.mwm.moe/ycy/ 下载成功！
2024-01-29 08:32:18,286 - INFO - 图片 D:\shengwang52005\shengwang52005.github.io\assets\background\29.webp 转换为JPEG格式成功！
2024-01-29 08:32:18,287 - INFO - 原始文件 D:\shengwang52005\shengwang52005.github.io\assets\background\29.webp 删除成功！
2024-01-29 08:32:21,486 - INFO - 图片 https://t.mwm.moe/ycy/ 下载成功！
2024-01-29 08:32:21,836 - INFO - 图片 D:\shengwang52005\shengwang52005.github.io\assets\background\30.webp 转换为JPEG格式成功！
2024-01-29 08:32:21,840 - INFO - 原始文件 D:\shengwang52005\shengwang52005.github.io\assets\background\30.webp 删除成功！
2024-01-29 08:32:25,236 - INFO - 图片 https://t.mwm.moe/ycy/ 下载成功！
2024-01-29 08:32:25,964 - INFO - 图片 D:\shengwang52005\shengwang52005.github.io\assets\background\31.webp 转换为JPEG格式成功！
2024-01-29 08:32:25,984 - INFO - 原始文件 D:\shengwang52005\shengwang52005.github.io\assets\background\31.webp 删除成功！
2024-01-29 08:32:27,846 - WARNING - 图片 https://t.mwm.moe/ycy/ 已经下载过，调整文件名...
2024-01-29 08:32:27,850 - INFO - 图片 https://t.mwm.moe/ycy/ 下载成功！
2024-01-29 08:32:27,853 - WARNING - 文件 D:\shengwang52005\shengwang52005.github.io\assets\background\32.webp 不存在，无法转换为JPEG格式。
2024-01-29 08:32:30,551 - INFO - 图片 https://t.mwm.moe/ycy/ 下载成功！
2024-01-29 08:32:30,732 - INFO - 图片 D:\shengwang52005\shengwang52005.github.io\assets\background\33.webp 转换为JPEG格式成功！
2024-01-29 08:32:30,734 - INFO - 原始文件 D:\shengwang52005\shengwang52005.github.io\assets\background\33.webp 删除成功！
2024-01-29 08:32:37,922 - INFO - 图片 https://t.mwm.moe/ycy/ 下载成功！
2024-01-29 08:32:38,158 - INFO - 图片 D:\shengwang52005\shengwang52005.github.io\assets\background\34.webp 转换为JPEG格式成功！
2024-01-29 08:32:38,160 - INFO - 原始文件 D:\shengwang52005\shengwang52005.github.io\assets\background\34.webp 删除成功！
2024-01-29 08:32:41,154 - WARNING - 图片 https://t.mwm.moe/ycy/ 已经下载过，调整文件名...
2024-01-29 08:32:41,157 - INFO - 图片 https://t.mwm.moe/ycy/ 下载成功！
2024-01-29 08:32:41,160 - WARNING - 文件 D:\shengwang52005\shengwang52005.github.io\assets\background\35.webp 不存在，无法转换为JPEG格式。
2024-01-29 08:32:46,899 - INFO - 图片 https://t.mwm.moe/ycy/ 下载成功！
2024-01-29 08:32:47,355 - INFO - 图片 D:\shengwang52005\shengwang52005.github.io\assets\background\36.webp 转换为JPEG格式成功！
2024-01-29 08:32:47,357 - INFO - 原始文件 D:\shengwang52005\shengwang52005.github.io\assets\background\36.webp 删除成功！
2024-01-29 08:32:49,236 - INFO - 图片 https://t.mwm.moe/ycy/ 下载成功！
2024-01-29 08:32:49,681 - INFO - 图片 D:\shengwang52005\shengwang52005.github.io\assets\background\37.webp 转换为JPEG格式成功！
2024-01-29 08:32:49,685 - INFO - 原始文件 D:\shengwang52005\shengwang52005.github.io\assets\background\37.webp 删除成功！
2024-01-29 08:32:51,774 - INFO - 图片 https://t.mwm.moe/ycy/ 下载成功！
2024-01-29 08:32:51,947 - INFO - 图片 D:\shengwang52005\shengwang52005.github.io\assets\background\38.webp 转换为JPEG格式成功！
2024-01-29 08:32:51,948 - INFO - 原始文件 D:\shengwang52005\shengwang52005.github.io\assets\background\38.webp 删除成功！
2024-01-29 08:32:55,229 - INFO - 图片 https://t.mwm.moe/ycy/ 下载成功！
2024-01-29 08:32:55,497 - INFO - 图片 D:\shengwang52005\shengwang52005.github.io\assets\background\39.webp 转换为JPEG格式成功！
2024-01-29 08:32:55,499 - INFO - 原始文件 D:\shengwang52005\shengwang52005.github.io\assets\background\39.webp 删除成功！
2024-01-29 08:32:58,321 - WARNING - 图片 https://t.mwm.moe/ycy/ 已经下载过，调整文件名...
2024-01-29 08:32:58,324 - INFO - 图片 https://t.mwm.moe/ycy/ 下载成功！
2024-01-29 08:32:58,327 - WARNING - 文件 D:\shengwang52005\shengwang52005.github.io\assets\background\40.webp 不存在，无法转换为JPEG格式。
2024-01-29 08:33:01,627 - WARNING - 图片 https://t.mwm.moe/ycy/ 已经下载过，调整文件名...
2024-01-29 08:33:01,638 - INFO - 图片 https://t.mwm.moe/ycy/ 下载成功！
2024-01-29 08:33:01,641 - WARNING - 文件 D:\shengwang52005\shengwang52005.github.io\assets\background\41.webp 不存在，无法转换为JPEG格式。
2024-01-29 08:33:03,508 - INFO - 图片 https://t.mwm.moe/ycy/ 下载成功！
2024-01-29 08:33:03,623 - INFO - 图片 D:\shengwang52005\shengwang52005.github.io\assets\background\42.webp 转换为JPEG格式成功！
2024-01-29 08:33:03,629 - INFO - 原始文件 D:\shengwang52005\shengwang52005.github.io\assets\background\42.webp 删除成功！
2024-01-29 08:33:05,215 - INFO - 图片 https://t.mwm.moe/ycy/ 下载成功！
2024-01-29 08:33:05,249 - INFO - 图片 D:\shengwang52005\shengwang52005.github.io\assets\background\43.webp 转换为JPEG格式成功！
2024-01-29 08:33:05,250 - INFO - 原始文件 D:\shengwang52005\shengwang52005.github.io\assets\background\43.webp 删除成功！
2024-01-29 08:33:10,414 - WARNING - 图片 https://t.mwm.moe/ycy/ 已经下载过，调整文件名...
2024-01-29 08:33:10,428 - INFO - 图片 https://t.mwm.moe/ycy/ 下载成功！
2024-01-29 08:33:10,436 - WARNING - 文件 D:\shengwang52005\shengwang52005.github.io\assets\background\44.webp 不存在，无法转换为JPEG格式。
2024-01-29 08:33:16,573 - INFO - 图片 https://t.mwm.moe/ycy/ 下载成功！
2024-01-29 08:33:17,296 - INFO - 图片 D:\shengwang52005\shengwang52005.github.io\assets\background\45.webp 转换为JPEG格式成功！
2024-01-29 08:33:17,298 - INFO - 原始文件 D:\shengwang52005\shengwang52005.github.io\assets\background\45.webp 删除成功！
2024-01-29 08:33:22,107 - INFO - 图片 https://t.mwm.moe/ycy/ 下载成功！
2024-01-29 08:33:22,200 - INFO - 图片 D:\shengwang52005\shengwang52005.github.io\assets\background\46.webp 转换为JPEG格式成功！
2024-01-29 08:33:22,201 - INFO - 原始文件 D:\shengwang52005\shengwang52005.github.io\assets\background\46.webp 删除成功！
2024-01-29 08:33:26,853 - INFO - 图片 https://t.mwm.moe/ycy/ 下载成功！
2024-01-29 08:33:27,237 - INFO - 图片 D:\shengwang52005\shengwang52005.github.io\assets\background\47.webp 转换为JPEG格式成功！
2024-01-29 08:33:27,238 - INFO - 原始文件 D:\shengwang52005\shengwang52005.github.io\assets\background\47.webp 删除成功！
2024-01-29 08:33:28,605 - INFO - 图片 https://t.mwm.moe/ycy/ 下载成功！
2024-01-29 08:33:28,778 - INFO - 图片 D:\shengwang52005\shengwang52005.github.io\assets\background\48.webp 转换为JPEG格式成功！
2024-01-29 08:33:28,780 - INFO - 原始文件 D:\shengwang52005\shengwang52005.github.io\assets\background\48.webp 删除成功！
2024-01-29 08:33:30,957 - WARNING - 图片 https://t.mwm.moe/ycy/ 已经下载过，调整文件名...
2024-01-29 08:33:30,959 - INFO - 图片 https://t.mwm.moe/ycy/ 下载成功！
2024-01-29 08:33:30,962 - WARNING - 文件 D:\shengwang52005\shengwang52005.github.io\assets\background\49.webp 不存在，无法转换为JPEG格式。
2024-01-29 08:33:33,662 - INFO - 图片 https://t.mwm.moe/ycy/ 下载成功！
2024-01-29 08:33:33,775 - INFO - 图片 D:\shengwang52005\shengwang52005.github.io\assets\background\50.webp 转换为JPEG格式成功！
2024-01-29 08:33:33,777 - INFO - 原始文件 D:\shengwang52005\shengwang52005.github.io\assets\background\50.webp 删除成功！
2024-01-29 08:33:36,917 - INFO - 图片 https://t.mwm.moe/ycy/ 下载成功！
2024-01-29 08:33:37,106 - INFO - 图片 D:\shengwang52005\shengwang52005.github.io\assets\background\51.webp 转换为JPEG格式成功！
2024-01-29 08:33:37,107 - INFO - 原始文件 D:\shengwang52005\shengwang52005.github.io\assets\background\51.webp 删除成功！
2024-01-29 08:33:43,072 - WARNING - 图片 https://t.mwm.moe/ycy/ 已经下载过，调整文件名...
2024-01-29 08:33:43,076 - INFO - 图片 https://t.mwm.moe/ycy/ 下载成功！
2024-01-29 08:33:43,080 - WARNING - 文件 D:\shengwang52005\shengwang52005.github.io\assets\background\52.webp 不存在，无法转换为JPEG格式。
2024-01-29 08:33:45,041 - INFO - 图片 https://t.mwm.moe/ycy/ 下载成功！
2024-01-29 08:33:45,369 - INFO - 图片 D:\shengwang52005\shengwang52005.github.io\assets\background\53.webp 转换为JPEG格式成功！
2024-01-29 08:33:45,371 - INFO - 原始文件 D:\shengwang52005\shengwang52005.github.io\assets\background\53.webp 删除成功！
2024-01-29 08:33:45,572 - INFO - 图片 https://t.mwm.moe/ycy/ 下载成功！
2024-01-29 08:33:45,604 - INFO - 图片 D:\shengwang52005\shengwang52005.github.io\assets\background\54.webp 转换为JPEG格式成功！
2024-01-29 08:33:45,605 - INFO - 原始文件 D:\shengwang52005\shengwang52005.github.io\assets\background\54.webp 删除成功！
2024-01-29 08:33:48,311 - INFO - 图片 https://t.mwm.moe/ycy/ 下载成功！
2024-01-29 08:33:48,854 - INFO - 图片 D:\shengwang52005\shengwang52005.github.io\assets\background\55.webp 转换为JPEG格式成功！
2024-01-29 08:33:48,855 - INFO - 原始文件 D:\shengwang52005\shengwang52005.github.io\assets\background\55.webp 删除成功！
2024-01-29 08:33:50,850 - WARNING - 图片 https://t.mwm.moe/ycy/ 已经下载过，调整文件名...
2024-01-29 08:33:50,853 - INFO - 图片 https://t.mwm.moe/ycy/ 下载成功！
2024-01-29 08:33:50,855 - WARNING - 文件 D:\shengwang52005\shengwang52005.github.io\assets\background\56.webp 不存在，无法转换为JPEG格式。
2024-01-29 08:33:55,395 - INFO - 图片 https://t.mwm.moe/ycy/ 下载成功！
2024-01-29 08:33:55,577 - INFO - 图片 D:\shengwang52005\shengwang52005.github.io\assets\background\57.webp 转换为JPEG格式成功！
2024-01-29 08:33:55,578 - INFO - 原始文件 D:\shengwang52005\shengwang52005.github.io\assets\background\57.webp 删除成功！
2024-01-29 08:33:57,673 - INFO - 图片 https://t.mwm.moe/ycy/ 下载成功！
2024-01-29 08:33:59,268 - INFO - 图片 D:\shengwang52005\shengwang52005.github.io\assets\background\58.webp 转换为JPEG格式成功！
2024-01-29 08:33:59,271 - INFO - 原始文件 D:\shengwang52005\shengwang52005.github.io\assets\background\58.webp 删除成功！
2024-01-29 08:34:00,418 - INFO - 图片 https://t.mwm.moe/ycy/ 下载成功！
2024-01-29 08:34:00,792 - INFO - 图片 D:\shengwang52005\shengwang52005.github.io\assets\background\59.webp 转换为JPEG格式成功！
2024-01-29 08:34:00,794 - INFO - 原始文件 D:\shengwang52005\shengwang52005.github.io\assets\background\59.webp 删除成功！
2024-01-29 08:34:03,441 - INFO - 图片 https://t.mwm.moe/ycy/ 下载成功！
2024-01-29 08:34:03,478 - INFO - 图片 D:\shengwang52005\shengwang52005.github.io\assets\background\60.webp 转换为JPEG格式成功！
2024-01-29 08:34:03,479 - INFO - 原始文件 D:\shengwang52005\shengwang52005.github.io\assets\background\60.webp 删除成功！
2024-01-29 08:34:06,736 - INFO - 图片 https://t.mwm.moe/ycy/ 下载成功！
2024-01-29 08:34:07,160 - INFO - 图片 D:\shengwang52005\shengwang52005.github.io\assets\background\61.webp 转换为JPEG格式成功！
2024-01-29 08:34:07,169 - INFO - 原始文件 D:\shengwang52005\shengwang52005.github.io\assets\background\61.webp 删除成功！
2024-01-29 08:34:07,916 - WARNING - 图片 https://t.mwm.moe/ycy/ 已经下载过，调整文件名...
2024-01-29 08:34:08,252 - INFO - 图片 https://t.mwm.moe/ycy/ 下载成功！
2024-01-29 08:34:08,263 - WARNING - 文件 D:\shengwang52005\shengwang52005.github.io\assets\background\62.webp 不存在，无法转换为JPEG格式。
2024-01-29 08:34:12,814 - INFO - 图片 https://t.mwm.moe/ycy/ 下载成功！
2024-01-29 08:34:13,006 - INFO - 图片 D:\shengwang52005\shengwang52005.github.io\assets\background\63.webp 转换为JPEG格式成功！
2024-01-29 08:34:13,007 - INFO - 原始文件 D:\shengwang52005\shengwang52005.github.io\assets\background\63.webp 删除成功！
2024-01-29 08:34:15,568 - INFO - 图片 https://t.mwm.moe/ycy/ 下载成功！
