2024-01-29 08:17:24,011 - INFO - 图片 https://image.baidu.com/search/down?url=https://tvax3.sinaimg.cn//large/a15b4afely1fmvj6ly1yqj21hc0u00vv.jpg 下载成功！
2024-01-29 08:17:24,081 - INFO - 图片 D:\shengwang52005\shengwang52005.github.io\assets\background\1.jpeg 转换为JPEG格式成功！
2024-01-29 08:17:24,083 - INFO - 原始文件 D:\shengwang52005\shengwang52005.github.io\assets\background\1.jpeg 删除成功！
2024-01-29 08:17:25,518 - INFO - 图片 https://image.baidu.com/search/down?url=https://tvax3.sinaimg.cn//large/0072Vf1pgy1foxkctwudyj31kw0w0nnl.jpg 下载成功！
2024-01-29 08:17:25,580 - INFO - 图片 D:\shengwang52005\shengwang52005.github.io\assets\background\2.jpeg 转换为JPEG格式成功！
2024-01-29 08:17:25,583 - INFO - 原始文件 D:\shengwang52005\shengwang52005.github.io\assets\background\2.jpeg 删除成功！
2024-01-29 08:17:27,155 - INFO - 图片 https://image.baidu.com/search/down?url=https://tvax3.sinaimg.cn//large/0072Vf1pgy1foxki3cf3xj31hc0u0wt7.jpg 下载成功！
2024-01-29 08:17:27,292 - INFO - 图片 D:\shengwang52005\shengwang52005.github.io\assets\background\3.jpeg 转换为JPEG格式成功！
2024-01-29 08:17:27,316 - INFO - 原始文件 D:\shengwang52005\shengwang52005.github.io\assets\background\3.jpeg 删除成功！
2024-01-29 08:17:28,590 - INFO - 图片 https://image.baidu.com/search/down?url=https://tvax3.sinaimg.cn//large/0072Vf1pgy1foxlo9yvoqj31kw0w0h9i.jpg 下载成功！
2024-01-29 08:17:28,629 - INFO - 图片 D:\shengwang52005\shengwang52005.github.io\assets\background\4.jpeg 转换为JPEG格式成功！
2024-01-29 08:17:28,630 - INFO - 原始文件 D:\shengwang52005\shengwang52005.github.io\assets\background\4.jpeg 删除成功！
2024-01-29 08:17:29,948 - INFO - 图片 https://image.baidu.com/search/down?url=https://tvax3.sinaimg.cn//large/0072Vf1pgy1foxkft70qtj31hc0u0tqy.jpg 下载成功！
2024-01-29 08:17:29,989 - INFO - 图片 D:\shengwang52005\shengwang52005.github.io\assets\background\5.jpeg 转换为JPEG格式成功！
2024-01-29 08:17:29,990 - INFO - 原始文件 D:\shengwang52005\shengwang52005.github.io\assets\background\5.jpeg 删除成功！
2024-01-29 08:17:31,168 - INFO - 图片 https://image.baidu.com/search/down?url=https://tvax3.sinaimg.cn//large/0072Vf1pgy1fodqo7k1j9j31kw0ws4qq.jpg 下载成功！
2024-01-29 08:17:31,205 - INFO - 图片 D:\shengwang52005\shengwang52005.github.io\assets\background\6.jpeg 转换为JPEG格式成功！
2024-01-29 08:17:31,205 - INFO - 原始文件 D:\shengwang52005\shengwang52005.github.io\assets\background\6.jpeg 删除成功！
2024-01-29 08:17:32,495 - INFO - 图片 https://image.baidu.com/search/down?url=https://tvax3.sinaimg.cn//large/0072Vf1pgy1fodqik1606j31kw0zk4qq.jpg 下载成功！
2024-01-29 08:17:32,544 - INFO - 图片 D:\shengwang52005\shengwang52005.github.io\assets\background\7.jpeg 转换为JPEG格式成功！
2024-01-29 08:17:32,545 - INFO - 原始文件 D:\shengwang52005\shengwang52005.github.io\assets\background\7.jpeg 删除成功！
2024-01-29 08:17:33,849 - INFO - 图片 https://image.baidu.com/search/down?url=https://tvax3.sinaimg.cn//large/0072Vf1pgy1foxk3zh2jtj31hc0u04i8.jpg 下载成功！
2024-01-29 08:17:33,891 - INFO - 图片 D:\shengwang52005\shengwang52005.github.io\assets\background\8.jpeg 转换为JPEG格式成功！
2024-01-29 08:17:33,892 - INFO - 原始文件 D:\shengwang52005\shengwang52005.github.io\assets\background\8.jpeg 删除成功！
2024-01-29 08:17:35,658 - INFO - 图片 https://image.baidu.com/search/down?url=https://tvax3.sinaimg.cn//large/0072Vf1pgy1foxkibab1zj31hc0u0dy7.jpg 下载成功！
2024-01-29 08:17:35,712 - INFO - 图片 D:\shengwang52005\shengwang52005.github.io\assets\background\9.jpeg 转换为JPEG格式成功！
2024-01-29 08:17:35,714 - INFO - 原始文件 D:\shengwang52005\shengwang52005.github.io\assets\background\9.jpeg 删除成功！
2024-01-29 08:17:36,942 - INFO - 图片 https://image.baidu.com/search/down?url=https://tvax3.sinaimg.cn//large/0072Vf1pgy1foxkd1pxk2j31hc0u0tqe.jpg 下载成功！
2024-01-29 08:17:36,986 - INFO - 图片 D:\shengwang52005\shengwang52005.github.io\assets\background\10.jpeg 转换为JPEG格式成功！
2024-01-29 08:17:36,991 - INFO - 原始文件 D:\shengwang52005\shengwang52005.github.io\assets\background\10.jpeg 删除成功！
2024-01-29 08:17:38,131 - INFO - 图片 https://image.baidu.com/search/down?url=https://tvax3.sinaimg.cn//large/0072Vf1pgy1foxlhftiaqj31kw0w0tun.jpg 下载成功！
2024-01-29 08:17:38,175 - INFO - 图片 D:\shengwang52005\shengwang52005.github.io\assets\background\11.jpeg 转换为JPEG格式成功！
2024-01-29 08:17:38,178 - INFO - 原始文件 D:\shengwang52005\shengwang52005.github.io\assets\background\11.jpeg 删除成功！
2024-01-29 08:17:39,397 - INFO - 图片 https://image.baidu.com/search/down?url=https://tvax3.sinaimg.cn//large/0072Vf1pgy1fodqita158j31j60yhtme.jpg 下载成功！
2024-01-29 08:17:39,438 - INFO - 图片 D:\shengwang52005\shengwang52005.github.io\assets\background\12.jpeg 转换为JPEG格式成功！
2024-01-29 08:17:39,440 - INFO - 原始文件 D:\shengwang52005\shengwang52005.github.io\assets\background\12.jpeg 删除成功！
2024-01-29 08:17:40,726 - INFO - 图片 https://image.baidu.com/search/down?url=https://tvax3.sinaimg.cn//large/0072Vf1pgy1foxk3qdi4cj31kw0w0kh2.jpg 下载成功！
2024-01-29 08:17:40,770 - INFO - 图片 D:\shengwang52005\shengwang52005.github.io\assets\background\13.jpeg 转换为JPEG格式成功！
2024-01-29 08:17:40,771 - INFO - 原始文件 D:\shengwang52005\shengwang52005.github.io\assets\background\13.jpeg 删除成功！
2024-01-29 08:17:42,409 - INFO - 图片 https://image.baidu.com/search/down?url=https://tvax3.sinaimg.cn//large/a15b4afegy1fmvk9ww1t5j21hc0u0qv5.jpg 下载成功！
2024-01-29 08:17:42,503 - INFO - 图片 D:\shengwang52005\shengwang52005.github.io\assets\background\14.jpeg 转换为JPEG格式成功！
2024-01-29 08:17:42,505 - INFO - 原始文件 D:\shengwang52005\shengwang52005.github.io\assets\background\14.jpeg 删除成功！
2024-01-29 08:17:43,660 - INFO - 图片 https://image.baidu.com/search/down?url=https://tvax3.sinaimg.cn//large/0072Vf1pgy1foxkcmckquj31kw0w0e5l.jpg 下载成功！
2024-01-29 08:17:43,710 - INFO - 图片 D:\shengwang52005\shengwang52005.github.io\assets\background\15.jpeg 转换为JPEG格式成功！
2024-01-29 08:17:43,714 - INFO - 原始文件 D:\shengwang52005\shengwang52005.github.io\assets\background\15.jpeg 删除成功！
2024-01-29 08:17:45,837 - INFO - 图片 https://image.baidu.com/search/down?url=https://tvax3.sinaimg.cn//large/0072Vf1pgy1foxkfhjrg5j31hc0u0nfw.jpg 下载成功！
2024-01-29 08:17:45,884 - INFO - 图片 D:\shengwang52005\shengwang52005.github.io\assets\background\16.jpeg 转换为JPEG格式成功！
2024-01-29 08:17:45,886 - INFO - 原始文件 D:\shengwang52005\shengwang52005.github.io\assets\background\16.jpeg 删除成功！
2024-01-29 08:17:47,349 - INFO - 图片 https://image.baidu.com/search/down?url=https://tvax3.sinaimg.cn//large/0072Vf1pgy1foxkc3khj2j31kw0w0x48.jpg 下载成功！
2024-01-29 08:17:47,412 - INFO - 图片 D:\shengwang52005\shengwang52005.github.io\assets\background\17.jpeg 转换为JPEG格式成功！
2024-01-29 08:17:47,413 - INFO - 原始文件 D:\shengwang52005\shengwang52005.github.io\assets\background\17.jpeg 删除成功！
2024-01-29 08:17:48,481 - INFO - 图片 https://image.baidu.com/search/down?url=https://tvax3.sinaimg.cn//large/a15b4afegy1fmvjnab7dhj21hc0u0nem.jpg 下载成功！
2024-01-29 08:17:48,519 - INFO - 图片 D:\shengwang52005\shengwang52005.github.io\assets\background\18.jpeg 转换为JPEG格式成功！
2024-01-29 08:17:48,522 - INFO - 原始文件 D:\shengwang52005\shengwang52005.github.io\assets\background\18.jpeg 删除成功！
2024-01-29 08:17:50,000 - INFO - 图片 https://image.baidu.com/search/down?url=https://tvax3.sinaimg.cn//large/0072Vf1pgy1foxkcxngm7j31hc0u04g4.jpg 下载成功！
2024-01-29 08:17:50,056 - INFO - 图片 D:\shengwang52005\shengwang52005.github.io\assets\background\19.jpeg 转换为JPEG格式成功！
2024-01-29 08:17:50,057 - INFO - 原始文件 D:\shengwang52005\shengwang52005.github.io\assets\background\19.jpeg 删除成功！
2024-01-29 08:17:51,149 - INFO - 图片 https://image.baidu.com/search/down?url=https://tvax3.sinaimg.cn//large/0072Vf1pgy1foxkiyghdvj31hc0u0wv0.jpg 下载成功！
2024-01-29 08:17:51,182 - INFO - 图片 D:\shengwang52005\shengwang52005.github.io\assets\background\20.jpeg 转换为JPEG格式成功！
2024-01-29 08:17:51,185 - INFO - 原始文件 D:\shengwang52005\shengwang52005.github.io\assets\background\20.jpeg 删除成功！
2024-01-29 08:17:52,322 - INFO - 图片 https://image.baidu.com/search/down?url=https://tvax3.sinaimg.cn//large/0072Vf1pgy1foxlo1tjbnj31hc0u0wwc.jpg 下载成功！
2024-01-29 08:17:52,364 - INFO - 图片 D:\shengwang52005\shengwang52005.github.io\assets\background\21.jpeg 转换为JPEG格式成功！
2024-01-29 08:17:52,365 - INFO - 原始文件 D:\shengwang52005\shengwang52005.github.io\assets\background\21.jpeg 删除成功！
2024-01-29 08:17:53,728 - INFO - 图片 https://image.baidu.com/search/down?url=https://tvax3.sinaimg.cn//large/0072Vf1pgy1foxlofvhqoj31hc0u0qhu.jpg 下载成功！
2024-01-29 08:17:53,771 - INFO - 图片 D:\shengwang52005\shengwang52005.github.io\assets\background\22.jpeg 转换为JPEG格式成功！
2024-01-29 08:17:53,775 - INFO - 原始文件 D:\shengwang52005\shengwang52005.github.io\assets\background\22.jpeg 删除成功！
2024-01-29 08:17:55,330 - INFO - 图片 https://image.baidu.com/search/down?url=https://tvax3.sinaimg.cn//large/0072Vf1pgy1fodqibuu1jj30zk0qoqpc.jpg 下载成功！
2024-01-29 08:17:55,363 - INFO - 图片 D:\shengwang52005\shengwang52005.github.io\assets\background\23.jpeg 转换为JPEG格式成功！
2024-01-29 08:17:55,365 - INFO - 原始文件 D:\shengwang52005\shengwang52005.github.io\assets\background\23.jpeg 删除成功！
2024-01-29 08:17:56,881 - INFO - 图片 https://image.baidu.com/search/down?url=https://tvax3.sinaimg.cn//large/0072Vf1pgy1foxk6iv2ypj31kw0w0x43.jpg 下载成功！
2024-01-29 08:17:56,937 - INFO - 图片 D:\shengwang52005\shengwang52005.github.io\assets\background\24.jpeg 转换为JPEG格式成功！
2024-01-29 08:17:56,938 - INFO - 原始文件 D:\shengwang52005\shengwang52005.github.io\assets\background\24.jpeg 删除成功！
2024-01-29 08:17:58,046 - INFO - 图片 https://image.baidu.com/search/down?url=https://tvax3.sinaimg.cn//large/0072Vf1pgy1fodqo40y6nj310o0p3b29.jpg 下载成功！
2024-01-29 08:17:58,076 - INFO - 图片 D:\shengwang52005\shengwang52005.github.io\assets\background\25.jpeg 转换为JPEG格式成功！
2024-01-29 08:17:58,078 - INFO - 原始文件 D:\shengwang52005\shengwang52005.github.io\assets\background\25.jpeg 删除成功！
2024-01-29 08:17:59,191 - INFO - 图片 https://image.baidu.com/search/down?url=https://tvax3.sinaimg.cn//large/a15b4afegy1fmvk08khtyj21hc0u0wsa.jpg 下载成功！
2024-01-29 08:17:59,234 - INFO - 图片 D:\shengwang52005\shengwang52005.github.io\assets\background\26.jpeg 转换为JPEG格式成功！
2024-01-29 08:17:59,235 - INFO - 原始文件 D:\shengwang52005\shengwang52005.github.io\assets\background\26.jpeg 删除成功！
2024-01-29 08:18:00,950 - INFO - 图片 https://image.baidu.com/search/down?url=https://tvax3.sinaimg.cn//large/0072Vf1pgy1foxk7erzp0j31hc0u0kcm.jpg 下载成功！
2024-01-29 08:18:00,998 - INFO - 图片 D:\shengwang52005\shengwang52005.github.io\assets\background\27.jpeg 转换为JPEG格式成功！
2024-01-29 08:18:01,002 - INFO - 原始文件 D:\shengwang52005\shengwang52005.github.io\assets\background\27.jpeg 删除成功！
2024-01-29 08:18:01,999 - INFO - 图片 https://image.baidu.com/search/down?url=https://tvax3.sinaimg.cn//large/0072Vf1pgy1foxkixrz1uj31hc0u0dy2.jpg 下载成功！
2024-01-29 08:18:02,040 - INFO - 图片 D:\shengwang52005\shengwang52005.github.io\assets\background\28.jpeg 转换为JPEG格式成功！
2024-01-29 08:18:02,041 - INFO - 原始文件 D:\shengwang52005\shengwang52005.github.io\assets\background\28.jpeg 删除成功！
2024-01-29 08:18:03,119 - INFO - 图片 https://image.baidu.com/search/down?url=https://tvax3.sinaimg.cn//large/005FzdTdgy1gegf7mn8b5j31hc0u0dkw.jpg 下载成功！
2024-01-29 08:18:03,155 - INFO - 图片 D:\shengwang52005\shengwang52005.github.io\assets\background\29.jpeg 转换为JPEG格式成功！
2024-01-29 08:18:03,156 - INFO - 原始文件 D:\shengwang52005\shengwang52005.github.io\assets\background\29.jpeg 删除成功！
2024-01-29 08:18:04,341 - INFO - 图片 https://image.baidu.com/search/down?url=https://tvax3.sinaimg.cn//large/0072Vf1pgy1foxk3rxvthj31kw0w0x3c.jpg 下载成功！
2024-01-29 08:18:04,387 - INFO - 图片 D:\shengwang52005\shengwang52005.github.io\assets\background\30.jpeg 转换为JPEG格式成功！
2024-01-29 08:18:04,389 - INFO - 原始文件 D:\shengwang52005\shengwang52005.github.io\assets\background\30.jpeg 删除成功！
2024-01-29 08:18:05,520 - INFO - 图片 https://image.baidu.com/search/down?url=https://tvax3.sinaimg.cn//large/a15b4afegy1fmvjadkzfmj21hc0u07m6.jpg 下载成功！
2024-01-29 08:18:05,555 - INFO - 图片 D:\shengwang52005\shengwang52005.github.io\assets\background\31.jpeg 转换为JPEG格式成功！
2024-01-29 08:18:05,557 - INFO - 原始文件 D:\shengwang52005\shengwang52005.github.io\assets\background\31.jpeg 删除成功！
2024-01-29 08:18:08,917 - INFO - 图片 https://image.baidu.com/search/down?url=https://tvax3.sinaimg.cn//large/0072Vf1pgy1foxkijia91j31kw0w0e6g.jpg 下载成功！
2024-01-29 08:18:08,970 - INFO - 图片 D:\shengwang52005\shengwang52005.github.io\assets\background\32.jpeg 转换为JPEG格式成功！
2024-01-29 08:18:08,972 - INFO - 原始文件 D:\shengwang52005\shengwang52005.github.io\assets\background\32.jpeg 删除成功！
2024-01-29 08:18:10,004 - INFO - 图片 https://image.baidu.com/search/down?url=https://tvax3.sinaimg.cn//large/a15b4afegy1fmvj1ev00cj21hc0u0h0k.jpg 下载成功！
2024-01-29 08:18:10,055 - INFO - 图片 D:\shengwang52005\shengwang52005.github.io\assets\background\33.jpeg 转换为JPEG格式成功！
2024-01-29 08:18:10,056 - INFO - 原始文件 D:\shengwang52005\shengwang52005.github.io\assets\background\33.jpeg 删除成功！
2024-01-29 08:18:11,576 - INFO - 图片 https://image.baidu.com/search/down?url=https://tvax3.sinaimg.cn//large/0072Vf1pgy1foxkc9gjl2j31hc0u0h7m.jpg 下载成功！
2024-01-29 08:18:11,628 - INFO - 图片 D:\shengwang52005\shengwang52005.github.io\assets\background\34.jpeg 转换为JPEG格式成功！
2024-01-29 08:18:11,629 - INFO - 原始文件 D:\shengwang52005\shengwang52005.github.io\assets\background\34.jpeg 删除成功！
2024-01-29 08:18:12,815 - INFO - 图片 https://image.baidu.com/search/down?url=https://tvax3.sinaimg.cn//large/0072Vf1pgy1foxkfttdj5j31hc0u0k5l.jpg 下载成功！
2024-01-29 08:18:12,854 - INFO - 图片 D:\shengwang52005\shengwang52005.github.io\assets\background\35.jpeg 转换为JPEG格式成功！
2024-01-29 08:18:12,855 - INFO - 原始文件 D:\shengwang52005\shengwang52005.github.io\assets\background\35.jpeg 删除成功！
2024-01-29 08:18:13,940 - INFO - 图片 https://image.baidu.com/search/down?url=https://tvax3.sinaimg.cn//large/a15b4afely1fnt9plhh8oj21hc0u0dxy.jpg 下载成功！
2024-01-29 08:18:13,980 - INFO - 图片 D:\shengwang52005\shengwang52005.github.io\assets\background\36.jpeg 转换为JPEG格式成功！
2024-01-29 08:18:13,984 - INFO - 原始文件 D:\shengwang52005\shengwang52005.github.io\assets\background\36.jpeg 删除成功！
2024-01-29 08:18:15,709 - INFO - 图片 https://image.baidu.com/search/down?url=https://tvax3.sinaimg.cn//large/0072Vf1pgy1foxkiuh7a2j31hc0u0wwz.jpg 下载成功！
2024-01-29 08:18:15,762 - INFO - 图片 D:\shengwang52005\shengwang52005.github.io\assets\background\37.jpeg 转换为JPEG格式成功！
2024-01-29 08:18:15,769 - INFO - 原始文件 D:\shengwang52005\shengwang52005.github.io\assets\background\37.jpeg 删除成功！
2024-01-29 08:18:16,857 - INFO - 图片 https://image.baidu.com/search/down?url=https://tvax3.sinaimg.cn//large/a15b4afegy1fmvj18l879j21hc0u0e45.jpg 下载成功！
2024-01-29 08:18:16,905 - INFO - 图片 D:\shengwang52005\shengwang52005.github.io\assets\background\38.jpeg 转换为JPEG格式成功！
2024-01-29 08:18:16,907 - INFO - 原始文件 D:\shengwang52005\shengwang52005.github.io\assets\background\38.jpeg 删除成功！
2024-01-29 08:18:17,973 - INFO - 图片 https://image.baidu.com/search/down?url=https://tvax3.sinaimg.cn//large/a15b4afegy1fmvj9wyo65j21hc0u0dpw.jpg 下载成功！
2024-01-29 08:18:18,005 - INFO - 图片 D:\shengwang52005\shengwang52005.github.io\assets\background\39.jpeg 转换为JPEG格式成功！
2024-01-29 08:18:18,006 - INFO - 原始文件 D:\shengwang52005\shengwang52005.github.io\assets\background\39.jpeg 删除成功！
2024-01-29 08:18:19,164 - INFO - 图片 https://image.baidu.com/search/down?url=https://tvax3.sinaimg.cn//large/a15b4afegy1fmvk7zu3wmj21hc0u0dro.jpg 下载成功！
2024-01-29 08:18:19,190 - INFO - 图片 D:\shengwang52005\shengwang52005.github.io\assets\background\40.jpeg 转换为JPEG格式成功！
2024-01-29 08:18:19,191 - INFO - 原始文件 D:\shengwang52005\shengwang52005.github.io\assets\background\40.jpeg 删除成功！
2024-01-29 08:18:20,321 - INFO - 图片 https://image.baidu.com/search/down?url=https://tvax3.sinaimg.cn//large/a15b4afegy1fmvjovrdmaj21hc0u07hw.jpg 下载成功！
2024-01-29 08:18:20,362 - INFO - 图片 D:\shengwang52005\shengwang52005.github.io\assets\background\41.jpeg 转换为JPEG格式成功！
2024-01-29 08:18:20,363 - INFO - 原始文件 D:\shengwang52005\shengwang52005.github.io\assets\background\41.jpeg 删除成功！
2024-01-29 08:18:21,627 - INFO - 图片 https://image.baidu.com/search/down?url=https://tvax3.sinaimg.cn//large/0072Vf1pgy1foxk6q3dx1j31hc0u0gtw.jpg 下载成功！
2024-01-29 08:18:21,659 - INFO - 图片 D:\shengwang52005\shengwang52005.github.io\assets\background\42.jpeg 转换为JPEG格式成功！
2024-01-29 08:18:21,660 - INFO - 原始文件 D:\shengwang52005\shengwang52005.github.io\assets\background\42.jpeg 删除成功！
2024-01-29 08:18:22,862 - INFO - 图片 https://image.baidu.com/search/down?url=https://tvax3.sinaimg.cn//large/0072Vf1pgy1foxkj1cgi7j31hc0u0n9m.jpg 下载成功！
2024-01-29 08:18:22,899 - INFO - 图片 D:\shengwang52005\shengwang52005.github.io\assets\background\43.jpeg 转换为JPEG格式成功！
2024-01-29 08:18:22,900 - INFO - 原始文件 D:\shengwang52005\shengwang52005.github.io\assets\background\43.jpeg 删除成功！
2024-01-29 08:18:24,073 - INFO - 图片 https://image.baidu.com/search/down?url=https://tvax3.sinaimg.cn//large/0072Vf1pgy1foxkd7odddj31hc0u0dyi.jpg 下载成功！
2024-01-29 08:18:24,115 - INFO - 图片 D:\shengwang52005\shengwang52005.github.io\assets\background\44.jpeg 转换为JPEG格式成功！
2024-01-29 08:18:24,116 - INFO - 原始文件 D:\shengwang52005\shengwang52005.github.io\assets\background\44.jpeg 删除成功！
2024-01-29 08:18:26,146 - INFO - 图片 https://image.baidu.com/search/down?url=https://tvax3.sinaimg.cn//large/0072Vf1pgy1foxk3wgs1qj31kw0w01jo.jpg 下载成功！
2024-01-29 08:18:26,369 - INFO - 图片 D:\shengwang52005\shengwang52005.github.io\assets\background\45.jpeg 转换为JPEG格式成功！
2024-01-29 08:18:26,455 - INFO - 原始文件 D:\shengwang52005\shengwang52005.github.io\assets\background\45.jpeg 删除成功！
2024-01-29 08:18:28,091 - INFO - 图片 https://image.baidu.com/search/down?url=https://tvax3.sinaimg.cn//large/a15b4afegy1fmvj22mfbbj21hc0u0h3o.jpg 下载成功！
2024-01-29 08:18:28,123 - INFO - 图片 D:\shengwang52005\shengwang52005.github.io\assets\background\46.jpeg 转换为JPEG格式成功！
2024-01-29 08:18:28,129 - INFO - 原始文件 D:\shengwang52005\shengwang52005.github.io\assets\background\46.jpeg 删除成功！
2024-01-29 08:18:30,127 - INFO - 图片 https://image.baidu.com/search/down?url=https://tvax3.sinaimg.cn//large/0072Vf1pgy1foxkfg4cj2j31hc0u01a9.jpg 下载成功！
2024-01-29 08:18:30,211 - INFO - 图片 D:\shengwang52005\shengwang52005.github.io\assets\background\47.jpeg 转换为JPEG格式成功！
2024-01-29 08:18:30,221 - INFO - 原始文件 D:\shengwang52005\shengwang52005.github.io\assets\background\47.jpeg 删除成功！
2024-01-29 08:18:31,219 - INFO - 图片 https://image.baidu.com/search/down?url=https://tvax3.sinaimg.cn//large/a15b4afegy1fmvjd5b5gtj21hc0u0k8z.jpg 下载成功！
2024-01-29 08:18:31,257 - INFO - 图片 D:\shengwang52005\shengwang52005.github.io\assets\background\48.jpeg 转换为JPEG格式成功！
2024-01-29 08:18:31,259 - INFO - 原始文件 D:\shengwang52005\shengwang52005.github.io\assets\background\48.jpeg 删除成功！
2024-01-29 08:18:32,433 - INFO - 图片 https://image.baidu.com/search/down?url=https://tvax3.sinaimg.cn//large/0072Vf1pgy1foenqvqwvqj31hc0xc7aj.jpg 下载成功！
2024-01-29 08:18:32,479 - INFO - 图片 D:\shengwang52005\shengwang52005.github.io\assets\background\49.jpeg 转换为JPEG格式成功！
2024-01-29 08:18:32,480 - INFO - 原始文件 D:\shengwang52005\shengwang52005.github.io\assets\background\49.jpeg 删除成功！
2024-01-29 08:18:34,217 - INFO - 图片 https://image.baidu.com/search/down?url=https://tvax3.sinaimg.cn//large/0072Vf1pgy1foxk46k0aaj31hc0u0h2e.jpg 下载成功！
2024-01-29 08:18:34,260 - INFO - 图片 D:\shengwang52005\shengwang52005.github.io\assets\background\50.jpeg 转换为JPEG格式成功！
2024-01-29 08:18:34,261 - INFO - 原始文件 D:\shengwang52005\shengwang52005.github.io\assets\background\50.jpeg 删除成功！
2024-01-29 08:18:35,741 - INFO - 图片 https://image.baidu.com/search/down?url=https://tvax3.sinaimg.cn//large/0072Vf1pgy1foxk7hw45cj31hc0u0nhq.jpg 下载成功！
2024-01-29 08:18:35,833 - INFO - 图片 D:\shengwang52005\shengwang52005.github.io\assets\background\51.jpeg 转换为JPEG格式成功！
2024-01-29 08:18:35,834 - INFO - 原始文件 D:\shengwang52005\shengwang52005.github.io\assets\background\51.jpeg 删除成功！
2024-01-29 08:18:36,906 - WARNING - 图片 https://image.baidu.com/search/down?url=https://tvax3.sinaimg.cn//large/0072Vf1pgy1foxlo1tjbnj31hc0u0wwc.jpg 已经下载过，调整文件名...
2024-01-29 08:18:36,909 - INFO - 图片 https://image.baidu.com/search/down?url=https://tvax3.sinaimg.cn//large/0072Vf1pgy1foxlo1tjbnj31hc0u0wwc.jpg 下载成功！
2024-01-29 08:18:36,914 - WARNING - 文件 D:\shengwang52005\shengwang52005.github.io\assets\background\52.jpeg 不存在，无法转换为JPEG格式。
2024-01-29 08:18:38,198 - INFO - 图片 https://image.baidu.com/search/down?url=https://tvax3.sinaimg.cn//large/0072Vf1pgy1foxkc83biwj31hc0u0tsd.jpg 下载成功！
2024-01-29 08:18:38,240 - INFO - 图片 D:\shengwang52005\shengwang52005.github.io\assets\background\53.jpeg 转换为JPEG格式成功！
2024-01-29 08:18:38,243 - INFO - 原始文件 D:\shengwang52005\shengwang52005.github.io\assets\background\53.jpeg 删除成功！
2024-01-29 08:18:39,501 - INFO - 图片 https://image.baidu.com/search/down?url=https://tvax3.sinaimg.cn//large/0072Vf1pgy1foxkiv5gzwj31hc0u0ncg.jpg 下载成功！
2024-01-29 08:18:39,542 - INFO - 图片 D:\shengwang52005\shengwang52005.github.io\assets\background\54.jpeg 转换为JPEG格式成功！
2024-01-29 08:18:39,546 - INFO - 原始文件 D:\shengwang52005\shengwang52005.github.io\assets\background\54.jpeg 删除成功！
2024-01-29 08:18:40,926 - INFO - 图片 https://image.baidu.com/search/down?url=https://tvax3.sinaimg.cn//large/0072Vf1pgy1foxlo7focpj31hc0u0ndu.jpg 下载成功！
2024-01-29 08:18:40,967 - INFO - 图片 D:\shengwang52005\shengwang52005.github.io\assets\background\55.jpeg 转换为JPEG格式成功！
2024-01-29 08:18:40,968 - INFO - 原始文件 D:\shengwang52005\shengwang52005.github.io\assets\background\55.jpeg 删除成功！
2024-01-29 08:18:42,545 - INFO - 图片 https://image.baidu.com/search/down?url=https://tvax3.sinaimg.cn//large/0072Vf1pgy1foxkirgntkj31hc0u07lh.jpg 下载成功！
2024-01-29 08:18:42,586 - INFO - 图片 D:\shengwang52005\shengwang52005.github.io\assets\background\56.jpeg 转换为JPEG格式成功！
2024-01-29 08:18:42,587 - INFO - 原始文件 D:\shengwang52005\shengwang52005.github.io\assets\background\56.jpeg 删除成功！
2024-01-29 08:18:43,659 - INFO - 图片 https://image.baidu.com/search/down?url=https://tvax3.sinaimg.cn//large/0072Vf1pgy1foxk7b1md7j31hc0u0qlb.jpg 下载成功！
2024-01-29 08:18:43,702 - INFO - 图片 D:\shengwang52005\shengwang52005.github.io\assets\background\57.jpeg 转换为JPEG格式成功！
2024-01-29 08:18:43,703 - INFO - 原始文件 D:\shengwang52005\shengwang52005.github.io\assets\background\57.jpeg 删除成功！
2024-01-29 08:18:45,326 - WARNING - 图片 https://image.baidu.com/search/down?url=https://tvax3.sinaimg.cn//large/0072Vf1pgy1foxki3cf3xj31hc0u0wt7.jpg 已经下载过，调整文件名...
2024-01-29 08:18:45,330 - INFO - 图片 https://image.baidu.com/search/down?url=https://tvax3.sinaimg.cn//large/0072Vf1pgy1foxki3cf3xj31hc0u0wt7.jpg 下载成功！
2024-01-29 08:18:45,333 - WARNING - 文件 D:\shengwang52005\shengwang52005.github.io\assets\background\58.jpeg 不存在，无法转换为JPEG格式。
2024-01-29 08:18:46,398 - INFO - 图片 https://image.baidu.com/search/down?url=https://tvax3.sinaimg.cn//large/0072Vf1pgy1fodqiguph4j31hc0xcqg9.jpg 下载成功！
2024-01-29 08:18:46,443 - INFO - 图片 D:\shengwang52005\shengwang52005.github.io\assets\background\59.jpeg 转换为JPEG格式成功！
2024-01-29 08:18:46,444 - INFO - 原始文件 D:\shengwang52005\shengwang52005.github.io\assets\background\59.jpeg 删除成功！
2024-01-29 08:18:47,705 - INFO - 图片 https://image.baidu.com/search/down?url=https://tvax3.sinaimg.cn//large/0072Vf1pgy1fodqp01lzvj31kw0zkb29.jpg 下载成功！
2024-01-29 08:18:47,747 - INFO - 图片 D:\shengwang52005\shengwang52005.github.io\assets\background\60.jpeg 转换为JPEG格式成功！
2024-01-29 08:18:47,750 - INFO - 原始文件 D:\shengwang52005\shengwang52005.github.io\assets\background\60.jpeg 删除成功！
2024-01-29 08:18:48,946 - INFO - 图片 https://image.baidu.com/search/down?url=https://tvax3.sinaimg.cn//large/0072Vf1pgy1foxkiqu05cj31hc0u0duy.jpg 下载成功！
2024-01-29 08:18:48,990 - INFO - 图片 D:\shengwang52005\shengwang52005.github.io\assets\background\61.jpeg 转换为JPEG格式成功！
2024-01-29 08:18:48,991 - INFO - 原始文件 D:\shengwang52005\shengwang52005.github.io\assets\background\61.jpeg 删除成功！
2024-01-29 08:18:50,165 - INFO - 图片 https://image.baidu.com/search/down?url=https://tvax3.sinaimg.cn//large/a15b4afegy1fmvjugkrpzj21hc0u0wrx.jpg 下载成功！
2024-01-29 08:18:50,198 - INFO - 图片 D:\shengwang52005\shengwang52005.github.io\assets\background\62.jpeg 转换为JPEG格式成功！
2024-01-29 08:18:50,199 - INFO - 原始文件 D:\shengwang52005\shengwang52005.github.io\assets\background\62.jpeg 删除成功！
2024-01-29 08:18:51,413 - INFO - 图片 https://image.baidu.com/search/down?url=https://tvax3.sinaimg.cn//large/005FzdTdgy1geetguxxsoj31hc0u0hcv.jpg 下载成功！
2024-01-29 08:18:51,457 - INFO - 图片 D:\shengwang52005\shengwang52005.github.io\assets\background\63.jpeg 转换为JPEG格式成功！
2024-01-29 08:18:51,460 - INFO - 原始文件 D:\shengwang52005\shengwang52005.github.io\assets\background\63.jpeg 删除成功！
2024-01-29 08:18:53,447 - INFO - 图片 https://image.baidu.com/search/down?url=https://tvax3.sinaimg.cn//large/0072Vf1pgy1foxki5aet4j31kw0w0kib.jpg 下载成功！
2024-01-29 08:18:53,498 - INFO - 图片 D:\shengwang52005\shengwang52005.github.io\assets\background\64.jpeg 转换为JPEG格式成功！
2024-01-29 08:18:53,500 - INFO - 原始文件 D:\shengwang52005\shengwang52005.github.io\assets\background\64.jpeg 删除成功！
2024-01-29 08:18:55,652 - INFO - 图片 https://image.baidu.com/search/down?url=https://tvax3.sinaimg.cn//large/0072Vf1pgy1foxlhlozlfj31hc0u07lb.jpg 下载成功！
2024-01-29 08:18:55,697 - INFO - 图片 D:\shengwang52005\shengwang52005.github.io\assets\background\65.jpeg 转换为JPEG格式成功！
2024-01-29 08:18:55,698 - INFO - 原始文件 D:\shengwang52005\shengwang52005.github.io\assets\background\65.jpeg 删除成功！
2024-01-29 08:18:56,840 - INFO - 图片 https://image.baidu.com/search/down?url=https://tvax3.sinaimg.cn//large/0072Vf1pgy1foxk7nr5qqj31hc0u04gk.jpg 下载成功！
2024-01-29 08:18:56,883 - INFO - 图片 D:\shengwang52005\shengwang52005.github.io\assets\background\66.jpeg 转换为JPEG格式成功！
2024-01-29 08:18:56,884 - INFO - 原始文件 D:\shengwang52005\shengwang52005.github.io\assets\background\66.jpeg 删除成功！
2024-01-29 08:18:57,786 - WARNING - 图片 https://image.baidu.com/search/down?url=https://tvax3.sinaimg.cn//large/0072Vf1pgy1foxlo9yvoqj31kw0w0h9i.jpg 已经下载过，调整文件名...
2024-01-29 08:18:57,789 - INFO - 图片 https://image.baidu.com/search/down?url=https://tvax3.sinaimg.cn//large/0072Vf1pgy1foxlo9yvoqj31kw0w0h9i.jpg 下载成功！
2024-01-29 08:18:57,791 - WARNING - 文件 D:\shengwang52005\shengwang52005.github.io\assets\background\67.jpeg 不存在，无法转换为JPEG格式。
2024-01-29 08:18:59,200 - INFO - 图片 https://image.baidu.com/search/down?url=https://tvax3.sinaimg.cn//large/0072Vf1pgy1foxk3le39jj31hc0u0h3p.jpg 下载成功！
2024-01-29 08:18:59,240 - INFO - 图片 D:\shengwang52005\shengwang52005.github.io\assets\background\68.jpeg 转换为JPEG格式成功！
2024-01-29 08:18:59,241 - INFO - 原始文件 D:\shengwang52005\shengwang52005.github.io\assets\background\68.jpeg 删除成功！
2024-01-29 08:19:00,366 - INFO - 图片 https://image.baidu.com/search/down?url=https://tvax3.sinaimg.cn//large/0072Vf1pgy1fodqpglwr2j312w0rnx6p.jpg 下载成功！
2024-01-29 08:19:00,393 - INFO - 图片 D:\shengwang52005\shengwang52005.github.io\assets\background\69.jpeg 转换为JPEG格式成功！
2024-01-29 08:19:00,394 - INFO - 原始文件 D:\shengwang52005\shengwang52005.github.io\assets\background\69.jpeg 删除成功！
2024-01-29 08:19:01,987 - INFO - 图片 https://image.baidu.com/search/down?url=https://tvax3.sinaimg.cn//large/0072Vf1pgy1foxlhi4bpsj31kw0w0qs8.jpg 下载成功！
2024-01-29 08:19:02,029 - INFO - 图片 D:\shengwang52005\shengwang52005.github.io\assets\background\70.jpeg 转换为JPEG格式成功！
2024-01-29 08:19:02,030 - INFO - 原始文件 D:\shengwang52005\shengwang52005.github.io\assets\background\70.jpeg 删除成功！
2024-01-29 08:19:03,099 - INFO - 图片 https://image.baidu.com/search/down?url=https://tvax3.sinaimg.cn//large/0072Vf1pgy1foxkioq4i5j31hc0u0e1o.jpg 下载成功！
2024-01-29 08:19:03,146 - INFO - 图片 D:\shengwang52005\shengwang52005.github.io\assets\background\71.jpeg 转换为JPEG格式成功！
2024-01-29 08:19:03,147 - INFO - 原始文件 D:\shengwang52005\shengwang52005.github.io\assets\background\71.jpeg 删除成功！
2024-01-29 08:19:04,163 - INFO - 图片 https://image.baidu.com/search/down?url=https://tvax3.sinaimg.cn//large/0072Vf1pgy1fodqmsvzjij31630rsu0x.jpg 下载成功！
2024-01-29 08:19:04,196 - INFO - 图片 D:\shengwang52005\shengwang52005.github.io\assets\background\72.jpeg 转换为JPEG格式成功！
2024-01-29 08:19:04,197 - INFO - 原始文件 D:\shengwang52005\shengwang52005.github.io\assets\background\72.jpeg 删除成功！
2024-01-29 08:19:05,852 - INFO - 图片 https://image.baidu.com/search/down?url=https://tvax3.sinaimg.cn//large/0072Vf1pgy1foxlhyr0vsj31hc0u0ndt.jpg 下载成功！
2024-01-29 08:19:05,898 - INFO - 图片 D:\shengwang52005\shengwang52005.github.io\assets\background\73.jpeg 转换为JPEG格式成功！
2024-01-29 08:19:05,899 - INFO - 原始文件 D:\shengwang52005\shengwang52005.github.io\assets\background\73.jpeg 删除成功！
2024-01-29 08:19:07,015 - INFO - 图片 https://image.baidu.com/search/down?url=https://tvax3.sinaimg.cn//large/a15b4afegy1fmvjitygqmj21hc0u01bp.jpg 下载成功！
2024-01-29 08:19:07,051 - INFO - 图片 D:\shengwang52005\shengwang52005.github.io\assets\background\74.jpeg 转换为JPEG格式成功！
2024-01-29 08:19:07,052 - INFO - 原始文件 D:\shengwang52005\shengwang52005.github.io\assets\background\74.jpeg 删除成功！
2024-01-29 08:19:08,319 - INFO - 图片 https://image.baidu.com/search/down?url=https://tvax3.sinaimg.cn//large/0072Vf1pgy1foxk6jltvsj31hc0u0kbm.jpg 下载成功！
2024-01-29 08:19:08,359 - INFO - 图片 D:\shengwang52005\shengwang52005.github.io\assets\background\75.jpeg 转换为JPEG格式成功！
2024-01-29 08:19:08,362 - INFO - 原始文件 D:\shengwang52005\shengwang52005.github.io\assets\background\75.jpeg 删除成功！
2024-01-29 08:19:09,714 - INFO - 图片 https://image.baidu.com/search/down?url=https://tvax3.sinaimg.cn//large/0072Vf1pgy1foxk79mt63j31hc0u0qlp.jpg 下载成功！
2024-01-29 08:19:09,760 - INFO - 图片 D:\shengwang52005\shengwang52005.github.io\assets\background\76.jpeg 转换为JPEG格式成功！
2024-01-29 08:19:09,763 - INFO - 原始文件 D:\shengwang52005\shengwang52005.github.io\assets\background\76.jpeg 删除成功！
2024-01-29 08:19:10,765 - INFO - 图片 https://image.baidu.com/search/down?url=https://tvax3.sinaimg.cn//large/0072Vf1pgy1foxk73gascj31hc0u07e1.jpg 下载成功！
2024-01-29 08:19:10,799 - INFO - 图片 D:\shengwang52005\shengwang52005.github.io\assets\background\77.jpeg 转换为JPEG格式成功！
2024-01-29 08:19:10,800 - INFO - 原始文件 D:\shengwang52005\shengwang52005.github.io\assets\background\77.jpeg 删除成功！
2024-01-29 08:19:12,108 - INFO - 图片 https://image.baidu.com/search/down?url=https://tvax3.sinaimg.cn//large/0072Vf1pgy1foxkj8uhkdj31kw0w01gf.jpg 下载成功！
2024-01-29 08:19:12,152 - INFO - 图片 D:\shengwang52005\shengwang52005.github.io\assets\background\78.jpeg 转换为JPEG格式成功！
2024-01-29 08:19:12,153 - INFO - 原始文件 D:\shengwang52005\shengwang52005.github.io\assets\background\78.jpeg 删除成功！
2024-01-29 08:19:13,336 - INFO - 图片 https://image.baidu.com/search/down?url=https://tvax3.sinaimg.cn//large/0072Vf1pgy1foxkc6qp2sj31hc0u0k1p.jpg 下载成功！
2024-01-29 08:19:13,370 - INFO - 图片 D:\shengwang52005\shengwang52005.github.io\assets\background\79.jpeg 转换为JPEG格式成功！
2024-01-29 08:19:13,371 - INFO - 原始文件 D:\shengwang52005\shengwang52005.github.io\assets\background\79.jpeg 删除成功！
2024-01-29 08:19:15,475 - INFO - 图片 https://image.baidu.com/search/down?url=https://tvax3.sinaimg.cn//large/0072Vf1pgy1fodqo0e8fzj31hc0xcqv5.jpg 下载成功！
2024-01-29 08:19:15,524 - INFO - 图片 D:\shengwang52005\shengwang52005.github.io\assets\background\80.jpeg 转换为JPEG格式成功！
2024-01-29 08:19:15,525 - INFO - 原始文件 D:\shengwang52005\shengwang52005.github.io\assets\background\80.jpeg 删除成功！
2024-01-29 08:19:17,020 - INFO - 图片 https://image.baidu.com/search/down?url=https://tvax3.sinaimg.cn//large/0072Vf1pgy1foxkg463tij31hc0u04i0.jpg 下载成功！
2024-01-29 08:19:17,063 - INFO - 图片 D:\shengwang52005\shengwang52005.github.io\assets\background\81.jpeg 转换为JPEG格式成功！
2024-01-29 08:19:17,065 - INFO - 原始文件 D:\shengwang52005\shengwang52005.github.io\assets\background\81.jpeg 删除成功！
2024-01-29 08:19:18,636 - INFO - 图片 https://image.baidu.com/search/down?url=https://tvax3.sinaimg.cn//large/0072Vf1pgy1foxk3kpg2aj31kw0w01hq.jpg 下载成功！
2024-01-29 08:19:18,688 - INFO - 图片 D:\shengwang52005\shengwang52005.github.io\assets\background\82.jpeg 转换为JPEG格式成功！
2024-01-29 08:19:18,689 - INFO - 原始文件 D:\shengwang52005\shengwang52005.github.io\assets\background\82.jpeg 删除成功！
2024-01-29 08:19:19,924 - INFO - 图片 https://image.baidu.com/search/down?url=https://tvax3.sinaimg.cn//large/0072Vf1pgy1foxlnx4mk0j31hc0u07k9.jpg 下载成功！
2024-01-29 08:19:19,972 - INFO - 图片 D:\shengwang52005\shengwang52005.github.io\assets\background\83.jpeg 转换为JPEG格式成功！
2024-01-29 08:19:19,973 - INFO - 原始文件 D:\shengwang52005\shengwang52005.github.io\assets\background\83.jpeg 删除成功！
2024-01-29 08:19:21,059 - INFO - 图片 https://image.baidu.com/search/down?url=https://tvax3.sinaimg.cn//large/a15b4afegy1fmvj7ywznjj21hc0u00ys.jpg 下载成功！
2024-01-29 08:19:21,093 - INFO - 图片 D:\shengwang52005\shengwang52005.github.io\assets\background\84.jpeg 转换为JPEG格式成功！
2024-01-29 08:19:21,094 - INFO - 原始文件 D:\shengwang52005\shengwang52005.github.io\assets\background\84.jpeg 删除成功！
2024-01-29 08:19:22,207 - WARNING - 图片 https://image.baidu.com/search/down?url=https://tvax3.sinaimg.cn//large/005FzdTdgy1gegf7mn8b5j31hc0u0dkw.jpg 已经下载过，调整文件名...
2024-01-29 08:19:22,210 - INFO - 图片 https://image.baidu.com/search/down?url=https://tvax3.sinaimg.cn//large/005FzdTdgy1gegf7mn8b5j31hc0u0dkw.jpg 下载成功！
2024-01-29 08:19:22,215 - WARNING - 文件 D:\shengwang52005\shengwang52005.github.io\assets\background\85.jpeg 不存在，无法转换为JPEG格式。
2024-01-29 08:19:24,341 - INFO - 图片 https://image.baidu.com/search/down?url=https://tvax3.sinaimg.cn//large/0072Vf1pgy1foxkilshjxj31hc0u04hb.jpg 下载成功！
2024-01-29 08:19:24,392 - INFO - 图片 D:\shengwang52005\shengwang52005.github.io\assets\background\86.jpeg 转换为JPEG格式成功！
2024-01-29 08:19:24,396 - INFO - 原始文件 D:\shengwang52005\shengwang52005.github.io\assets\background\86.jpeg 删除成功！
2024-01-29 08:19:25,296 - INFO - 图片 https://image.baidu.com/search/down?url=https://tvax3.sinaimg.cn//large/0072Vf1pgy1foxk3shjrpj31hc0u0k3d.jpg 下载成功！
2024-01-29 08:19:25,330 - INFO - 图片 D:\shengwang52005\shengwang52005.github.io\assets\background\87.jpeg 转换为JPEG格式成功！
2024-01-29 08:19:25,331 - INFO - 原始文件 D:\shengwang52005\shengwang52005.github.io\assets\background\87.jpeg 删除成功！
2024-01-29 08:19:26,594 - INFO - 图片 https://image.baidu.com/search/down?url=https://tvax3.sinaimg.cn//large/0072Vf1pgy1foxkj3yaqcj31kw0w0kgs.jpg 下载成功！
2024-01-29 08:19:26,635 - INFO - 图片 D:\shengwang52005\shengwang52005.github.io\assets\background\88.jpeg 转换为JPEG格式成功！
2024-01-29 08:19:26,637 - INFO - 原始文件 D:\shengwang52005\shengwang52005.github.io\assets\background\88.jpeg 删除成功！
2024-01-29 08:19:27,769 - WARNING - 图片 https://image.baidu.com/search/down?url=https://tvax3.sinaimg.cn//large/0072Vf1pgy1fodqp01lzvj31kw0zkb29.jpg 已经下载过，调整文件名...
2024-01-29 08:19:27,772 - INFO - 图片 https://image.baidu.com/search/down?url=https://tvax3.sinaimg.cn//large/0072Vf1pgy1fodqp01lzvj31kw0zkb29.jpg 下载成功！
2024-01-29 08:19:27,774 - WARNING - 文件 D:\shengwang52005\shengwang52005.github.io\assets\background\89.jpeg 不存在，无法转换为JPEG格式。
2024-01-29 08:19:29,466 - WARNING - 图片 https://image.baidu.com/search/down?url=https://tvax3.sinaimg.cn//large/a15b4afegy1fmvk9ww1t5j21hc0u0qv5.jpg 已经下载过，调整文件名...
2024-01-29 08:19:29,475 - INFO - 图片 https://image.baidu.com/search/down?url=https://tvax3.sinaimg.cn//large/a15b4afegy1fmvk9ww1t5j21hc0u0qv5.jpg 下载成功！
2024-01-29 08:19:29,478 - WARNING - 文件 D:\shengwang52005\shengwang52005.github.io\assets\background\90.jpeg 不存在，无法转换为JPEG格式。
2024-01-29 08:19:30,455 - INFO - 图片 https://image.baidu.com/search/down?url=https://tvax3.sinaimg.cn//large/0072Vf1pgy1fodqpadh6zj31kw14nnpe.jpg 下载成功！
2024-01-29 08:19:30,510 - INFO - 图片 D:\shengwang52005\shengwang52005.github.io\assets\background\91.jpeg 转换为JPEG格式成功！
2024-01-29 08:19:30,511 - INFO - 原始文件 D:\shengwang52005\shengwang52005.github.io\assets\background\91.jpeg 删除成功！
2024-01-29 08:19:31,943 - INFO - 图片 https://image.baidu.com/search/down?url=https://tvax3.sinaimg.cn//large/0072Vf1pgy1foxki4cli7j31kw0w0kgr.jpg 下载成功！
2024-01-29 08:19:32,000 - INFO - 图片 D:\shengwang52005\shengwang52005.github.io\assets\background\92.jpeg 转换为JPEG格式成功！
2024-01-29 08:19:32,002 - INFO - 原始文件 D:\shengwang52005\shengwang52005.github.io\assets\background\92.jpeg 删除成功！
2024-01-29 08:19:32,978 - INFO - 图片 https://image.baidu.com/search/down?url=https://tvax3.sinaimg.cn//large/0072Vf1pgy1fodqo2pcz9j31kw0zkkjl.jpg 下载成功！
2024-01-29 08:19:33,027 - INFO - 图片 D:\shengwang52005\shengwang52005.github.io\assets\background\93.jpeg 转换为JPEG格式成功！
2024-01-29 08:19:33,028 - INFO - 原始文件 D:\shengwang52005\shengwang52005.github.io\assets\background\93.jpeg 删除成功！
2024-01-29 08:19:34,424 - INFO - 图片 https://image.baidu.com/search/down?url=https://tvax3.sinaimg.cn//large/0072Vf1pgy1foxkd9rrwoj31kw0w0nng.jpg 下载成功！
2024-01-29 08:19:34,476 - INFO - 图片 D:\shengwang52005\shengwang52005.github.io\assets\background\94.jpeg 转换为JPEG格式成功！
2024-01-29 08:19:34,478 - INFO - 原始文件 D:\shengwang52005\shengwang52005.github.io\assets\background\94.jpeg 删除成功！
2024-01-29 08:19:35,406 - INFO - 图片 https://image.baidu.com/search/down?url=https://tvax3.sinaimg.cn//large/0072Vf1pgy1fodqoi6wubj31hc0u0hdt.jpg 下载成功！
2024-01-29 08:19:35,443 - INFO - 图片 D:\shengwang52005\shengwang52005.github.io\assets\background\95.jpeg 转换为JPEG格式成功！
2024-01-29 08:19:35,445 - INFO - 原始文件 D:\shengwang52005\shengwang52005.github.io\assets\background\95.jpeg 删除成功！
2024-01-29 08:19:37,205 - WARNING - 图片 https://image.baidu.com/search/down?url=https://tvax3.sinaimg.cn//large/0072Vf1pgy1foxki5aet4j31kw0w0kib.jpg 已经下载过，调整文件名...
2024-01-29 08:19:37,213 - INFO - 图片 https://image.baidu.com/search/down?url=https://tvax3.sinaimg.cn//large/0072Vf1pgy1foxki5aet4j31kw0w0kib.jpg 下载成功！
2024-01-29 08:19:37,216 - WARNING - 文件 D:\shengwang52005\shengwang52005.github.io\assets\background\96.jpeg 不存在，无法转换为JPEG格式。
2024-01-29 08:19:38,256 - INFO - 图片 https://image.baidu.com/search/down?url=https://tvax3.sinaimg.cn//large/0072Vf1pgy1foxkf55zbij31kw0w0e55.jpg 下载成功！
2024-01-29 08:19:38,293 - INFO - 图片 D:\shengwang52005\shengwang52005.github.io\assets\background\97.jpeg 转换为JPEG格式成功！
2024-01-29 08:19:38,294 - INFO - 原始文件 D:\shengwang52005\shengwang52005.github.io\assets\background\97.jpeg 删除成功！
2024-01-29 08:19:39,911 - INFO - 图片 https://image.baidu.com/search/down?url=https://tvax3.sinaimg.cn//large/0072Vf1pgy1foxk6u83cvj31hc0u0wxh.jpg 下载成功！
2024-01-29 08:19:39,956 - INFO - 图片 D:\shengwang52005\shengwang52005.github.io\assets\background\98.jpeg 转换为JPEG格式成功！
2024-01-29 08:19:39,957 - INFO - 原始文件 D:\shengwang52005\shengwang52005.github.io\assets\background\98.jpeg 删除成功！
2024-01-29 08:19:40,943 - INFO - 图片 https://image.baidu.com/search/down?url=https://tvax3.sinaimg.cn//large/a15b4afegy1fmvjxk8xpxj21hc0u0khs.jpg 下载成功！
2024-01-29 08:19:40,992 - INFO - 图片 D:\shengwang52005\shengwang52005.github.io\assets\background\99.jpeg 转换为JPEG格式成功！
2024-01-29 08:19:40,993 - INFO - 原始文件 D:\shengwang52005\shengwang52005.github.io\assets\background\99.jpeg 删除成功！
2024-01-29 08:19:42,295 - WARNING - 图片 https://image.baidu.com/search/down?url=https://tvax3.sinaimg.cn//large/0072Vf1pgy1foxlo1tjbnj31hc0u0wwc.jpg 已经下载过，调整文件名...
2024-01-29 08:19:42,298 - WARNING - 图片 https://image.baidu.com/search/down?url=https://tvax3.sinaimg.cn//large/0072Vf1pgy1foxlo1tjbnj31hc0u0wwc.jpg 已经下载过，调整文件名...
2024-01-29 08:19:42,301 - INFO - 图片 https://image.baidu.com/search/down?url=https://tvax3.sinaimg.cn//large/0072Vf1pgy1foxlo1tjbnj31hc0u0wwc.jpg 下载成功！
2024-01-29 08:19:42,306 - WARNING - 文件 D:\shengwang52005\shengwang52005.github.io\assets\background\100.jpeg 不存在，无法转换为JPEG格式。
2024-01-29 08:19:43,537 - INFO - 图片 https://image.baidu.com/search/down?url=https://tvax3.sinaimg.cn//large/0072Vf1pgy1foxk7k489xj31kw0w0e3a.jpg 下载成功！
2024-01-29 08:19:43,576 - INFO - 图片 D:\shengwang52005\shengwang52005.github.io\assets\background\101.jpeg 转换为JPEG格式成功！
2024-01-29 08:19:43,577 - INFO - 原始文件 D:\shengwang52005\shengwang52005.github.io\assets\background\101.jpeg 删除成功！
2024-01-29 08:19:45,487 - INFO - 图片 https://image.baidu.com/search/down?url=https://tvax3.sinaimg.cn//large/0072Vf1pgy1foxkfwib13j31hc0u0ndf.jpg 下载成功！
2024-01-29 08:19:45,526 - INFO - 图片 D:\shengwang52005\shengwang52005.github.io\assets\background\102.jpeg 转换为JPEG格式成功！
2024-01-29 08:19:45,528 - INFO - 原始文件 D:\shengwang52005\shengwang52005.github.io\assets\background\102.jpeg 删除成功！
2024-01-29 08:19:46,580 - INFO - 图片 https://image.baidu.com/search/down?url=https://tvax3.sinaimg.cn//large/0072Vf1pgy1fodqin80wgj31kw15w1l0.jpg 下载成功！
2024-01-29 08:19:46,634 - INFO - 图片 D:\shengwang52005\shengwang52005.github.io\assets\background\103.jpeg 转换为JPEG格式成功！
2024-01-29 08:19:46,636 - INFO - 原始文件 D:\shengwang52005\shengwang52005.github.io\assets\background\103.jpeg 删除成功！
2024-01-29 08:19:47,842 - INFO - 图片 https://image.baidu.com/search/down?url=https://tvax3.sinaimg.cn//large/0072Vf1pgy1foxkjgev08j31hc0u0qgl.jpg 下载成功！
2024-01-29 08:19:47,877 - INFO - 图片 D:\shengwang52005\shengwang52005.github.io\assets\background\104.jpeg 转换为JPEG格式成功！
2024-01-29 08:19:47,878 - INFO - 原始文件 D:\shengwang52005\shengwang52005.github.io\assets\background\104.jpeg 删除成功！
2024-01-29 08:19:49,361 - WARNING - 图片 https://image.baidu.com/search/down?url=https://tvax3.sinaimg.cn//large/0072Vf1pgy1foxkfwib13j31hc0u0ndf.jpg 已经下载过，调整文件名...
2024-01-29 08:19:49,365 - INFO - 图片 https://image.baidu.com/search/down?url=https://tvax3.sinaimg.cn//large/0072Vf1pgy1foxkfwib13j31hc0u0ndf.jpg 下载成功！
2024-01-29 08:19:49,367 - WARNING - 文件 D:\shengwang52005\shengwang52005.github.io\assets\background\105.jpeg 不存在，无法转换为JPEG格式。
2024-01-29 08:19:50,488 - INFO - 图片 https://image.baidu.com/search/down?url=https://tvax3.sinaimg.cn//large/a15b4afely1fnt9n0nn2aj21hc0u018r.jpg 下载成功！
2024-01-29 08:19:50,519 - INFO - 图片 D:\shengwang52005\shengwang52005.github.io\assets\background\106.jpeg 转换为JPEG格式成功！
2024-01-29 08:19:50,520 - INFO - 原始文件 D:\shengwang52005\shengwang52005.github.io\assets\background\106.jpeg 删除成功！
2024-01-29 08:19:51,748 - INFO - 图片 https://image.baidu.com/search/down?url=https://tvax3.sinaimg.cn//large/0072Vf1pgy1foxlo6rle0j31hc0u0wx0.jpg 下载成功！
2024-01-29 08:19:51,799 - INFO - 图片 D:\shengwang52005\shengwang52005.github.io\assets\background\107.jpeg 转换为JPEG格式成功！
2024-01-29 08:19:51,801 - INFO - 原始文件 D:\shengwang52005\shengwang52005.github.io\assets\background\107.jpeg 删除成功！
2024-01-29 08:19:53,122 - INFO - 图片 https://image.baidu.com/search/down?url=https://tvax3.sinaimg.cn//large/0072Vf1pgy1foxkcukvztj31hc0u0ars.jpg 下载成功！
2024-01-29 08:19:53,205 - INFO - 图片 D:\shengwang52005\shengwang52005.github.io\assets\background\108.jpeg 转换为JPEG格式成功！
2024-01-29 08:19:53,217 - INFO - 原始文件 D:\shengwang52005\shengwang52005.github.io\assets\background\108.jpeg 删除成功！
2024-01-29 08:19:54,787 - INFO - 图片 https://image.baidu.com/search/down?url=https://tvax3.sinaimg.cn//large/0072Vf1pgy1fodqngr3vjj31kw0zkhdt.jpg 下载成功！
2024-01-29 08:19:54,837 - INFO - 图片 D:\shengwang52005\shengwang52005.github.io\assets\background\109.jpeg 转换为JPEG格式成功！
2024-01-29 08:19:54,838 - INFO - 原始文件 D:\shengwang52005\shengwang52005.github.io\assets\background\109.jpeg 删除成功！
2024-01-29 08:19:56,478 - WARNING - 图片 https://image.baidu.com/search/down?url=https://tvax3.sinaimg.cn//large/0072Vf1pgy1foxkioq4i5j31hc0u0e1o.jpg 已经下载过，调整文件名...
2024-01-29 08:19:56,482 - INFO - 图片 https://image.baidu.com/search/down?url=https://tvax3.sinaimg.cn//large/0072Vf1pgy1foxkioq4i5j31hc0u0e1o.jpg 下载成功！
2024-01-29 08:19:56,484 - WARNING - 文件 D:\shengwang52005\shengwang52005.github.io\assets\background\110.jpeg 不存在，无法转换为JPEG格式。
2024-01-29 08:19:57,899 - WARNING - 图片 https://image.baidu.com/search/down?url=https://tvax3.sinaimg.cn//large/0072Vf1pgy1foxkd1pxk2j31hc0u0tqe.jpg 已经下载过，调整文件名...
2024-01-29 08:19:57,908 - INFO - 图片 https://image.baidu.com/search/down?url=https://tvax3.sinaimg.cn//large/0072Vf1pgy1foxkd1pxk2j31hc0u0tqe.jpg 下载成功！
2024-01-29 08:19:57,918 - WARNING - 文件 D:\shengwang52005\shengwang52005.github.io\assets\background\111.jpeg 不存在，无法转换为JPEG格式。
2024-01-29 08:19:59,236 - INFO - 图片 https://image.baidu.com/search/down?url=https://tvax3.sinaimg.cn//large/a15b4afely1fnt9ibl3acj21hc0u0asi.jpg 下载成功！
2024-01-29 08:19:59,276 - INFO - 图片 D:\shengwang52005\shengwang52005.github.io\assets\background\112.jpeg 转换为JPEG格式成功！
2024-01-29 08:19:59,277 - INFO - 原始文件 D:\shengwang52005\shengwang52005.github.io\assets\background\112.jpeg 删除成功！
2024-01-29 08:20:01,329 - INFO - 图片 https://image.baidu.com/search/down?url=https://tvax3.sinaimg.cn//large/a15b4afegy1fmvj2mu43nj21hc0u0nca.jpg 下载成功！
2024-01-29 08:20:01,532 - INFO - 图片 D:\shengwang52005\shengwang52005.github.io\assets\background\113.jpeg 转换为JPEG格式成功！
2024-01-29 08:20:01,720 - INFO - 原始文件 D:\shengwang52005\shengwang52005.github.io\assets\background\113.jpeg 删除成功！
2024-01-29 08:20:04,332 - INFO - 图片 https://image.baidu.com/search/down?url=https://tvax3.sinaimg.cn//large/0072Vf1pgy1foxlholn3ej31hc0u0qnp.jpg 下载成功！
2024-01-29 08:20:04,382 - INFO - 图片 D:\shengwang52005\shengwang52005.github.io\assets\background\114.jpeg 转换为JPEG格式成功！
2024-01-29 08:20:04,383 - INFO - 原始文件 D:\shengwang52005\shengwang52005.github.io\assets\background\114.jpeg 删除成功！
2024-01-29 08:20:06,116 - INFO - 图片 https://image.baidu.com/search/down?url=https://tvax3.sinaimg.cn//large/0072Vf1pgy1foxk42ft7cj31hc0u0wyi.jpg 下载成功！
2024-01-29 08:20:06,177 - INFO - 图片 D:\shengwang52005\shengwang52005.github.io\assets\background\115.jpeg 转换为JPEG格式成功！
2024-01-29 08:20:06,181 - INFO - 原始文件 D:\shengwang52005\shengwang52005.github.io\assets\background\115.jpeg 删除成功！
2024-01-29 08:20:07,313 - INFO - 图片 https://image.baidu.com/search/down?url=https://tvax3.sinaimg.cn//large/a15b4afegy1fmvjqgxsqoj21hc0u0wz1.jpg 下载成功！
2024-01-29 08:20:07,362 - INFO - 图片 D:\shengwang52005\shengwang52005.github.io\assets\background\116.jpeg 转换为JPEG格式成功！
2024-01-29 08:20:07,364 - INFO - 原始文件 D:\shengwang52005\shengwang52005.github.io\assets\background\116.jpeg 删除成功！
2024-01-29 08:20:09,055 - INFO - 图片 https://image.baidu.com/search/down?url=https://tvax3.sinaimg.cn//large/0072Vf1pgy1foxli0u4b3j31hc0u0qoj.jpg 下载成功！
2024-01-29 08:20:09,107 - INFO - 图片 D:\shengwang52005\shengwang52005.github.io\assets\background\117.jpeg 转换为JPEG格式成功！
2024-01-29 08:20:09,112 - INFO - 原始文件 D:\shengwang52005\shengwang52005.github.io\assets\background\117.jpeg 删除成功！
2024-01-29 08:20:10,280 - INFO - 图片 https://image.baidu.com/search/down?url=https://tvax3.sinaimg.cn//large/0072Vf1pgy1foxlhqlmykj31kw0w07su.jpg 下载成功！
2024-01-29 08:20:10,440 - INFO - 图片 D:\shengwang52005\shengwang52005.github.io\assets\background\118.jpeg 转换为JPEG格式成功！
2024-01-29 08:20:10,485 - INFO - 原始文件 D:\shengwang52005\shengwang52005.github.io\assets\background\118.jpeg 删除成功！
2024-01-29 08:20:11,906 - INFO - 图片 https://image.baidu.com/search/down?url=https://tvax3.sinaimg.cn//large/0072Vf1pgy1foxkgbgscjj31hc0u0k39.jpg 下载成功！
2024-01-29 08:20:11,951 - INFO - 图片 D:\shengwang52005\shengwang52005.github.io\assets\background\119.jpeg 转换为JPEG格式成功！
2024-01-29 08:20:11,953 - INFO - 原始文件 D:\shengwang52005\shengwang52005.github.io\assets\background\119.jpeg 删除成功！
2024-01-29 08:20:13,529 - WARNING - 图片 https://image.baidu.com/search/down?url=https://tvax3.sinaimg.cn//large/0072Vf1pgy1foxlholn3ej31hc0u0qnp.jpg 已经下载过，调整文件名...
2024-01-29 08:20:13,534 - INFO - 图片 https://image.baidu.com/search/down?url=https://tvax3.sinaimg.cn//large/0072Vf1pgy1foxlholn3ej31hc0u0qnp.jpg 下载成功！
2024-01-29 08:20:13,537 - WARNING - 文件 D:\shengwang52005\shengwang52005.github.io\assets\background\120.jpeg 不存在，无法转换为JPEG格式。
2024-01-29 08:20:14,849 - INFO - 图片 https://image.baidu.com/search/down?url=https://tvax3.sinaimg.cn//large/0072Vf1pgy1foxkcdzoirj31kw0w0x32.jpg 下载成功！
2024-01-29 08:20:14,893 - INFO - 图片 D:\shengwang52005\shengwang52005.github.io\assets\background\121.jpeg 转换为JPEG格式成功！
2024-01-29 08:20:14,894 - INFO - 原始文件 D:\shengwang52005\shengwang52005.github.io\assets\background\121.jpeg 删除成功！
2024-01-29 08:20:16,109 - INFO - 图片 https://image.baidu.com/search/down?url=https://tvax3.sinaimg.cn//large/0072Vf1pgy1foxkd4129ej31hc0u0h5a.jpg 下载成功！
2024-01-29 08:20:16,265 - INFO - 图片 D:\shengwang52005\shengwang52005.github.io\assets\background\122.jpeg 转换为JPEG格式成功！
2024-01-29 08:20:16,293 - INFO - 原始文件 D:\shengwang52005\shengwang52005.github.io\assets\background\122.jpeg 删除成功！
2024-01-29 08:20:17,541 - INFO - 图片 https://image.baidu.com/search/down?url=https://tvax3.sinaimg.cn//large/0072Vf1pgy1foxkczbww6j31hc0u0tod.jpg 下载成功！
2024-01-29 08:20:17,590 - INFO - 图片 D:\shengwang52005\shengwang52005.github.io\assets\background\123.jpeg 转换为JPEG格式成功！
2024-01-29 08:20:17,592 - INFO - 原始文件 D:\shengwang52005\shengwang52005.github.io\assets\background\123.jpeg 删除成功！
2024-01-29 08:20:19,075 - INFO - 图片 https://image.baidu.com/search/down?url=https://tvax3.sinaimg.cn//large/0072Vf1pgy1foxkd3ae0mj31hc0u0tsr.jpg 下载成功！
2024-01-29 08:20:19,134 - INFO - 图片 D:\shengwang52005\shengwang52005.github.io\assets\background\124.jpeg 转换为JPEG格式成功！
2024-01-29 08:20:19,146 - INFO - 原始文件 D:\shengwang52005\shengwang52005.github.io\assets\background\124.jpeg 删除成功！
2024-01-29 08:20:20,284 - INFO - 图片 https://image.baidu.com/search/down?url=https://tvax3.sinaimg.cn//large/0072Vf1pgy1foxkiswmqaj31kw0w0kh8.jpg 下载成功！
2024-01-29 08:20:20,398 - INFO - 图片 D:\shengwang52005\shengwang52005.github.io\assets\background\125.jpeg 转换为JPEG格式成功！
2024-01-29 08:20:20,402 - INFO - 原始文件 D:\shengwang52005\shengwang52005.github.io\assets\background\125.jpeg 删除成功！
2024-01-29 08:20:21,877 - INFO - 图片 https://image.baidu.com/search/down?url=https://tvax3.sinaimg.cn//large/0072Vf1pgy1fodqmpz6zpj312z0svu0x.jpg 下载成功！
2024-01-29 08:20:21,912 - INFO - 图片 D:\shengwang52005\shengwang52005.github.io\assets\background\126.jpeg 转换为JPEG格式成功！
2024-01-29 08:20:21,914 - INFO - 原始文件 D:\shengwang52005\shengwang52005.github.io\assets\background\126.jpeg 删除成功！
2024-01-29 08:20:23,581 - WARNING - 图片 https://image.baidu.com/search/down?url=https://tvax3.sinaimg.cn//large/0072Vf1pgy1foxkcmckquj31kw0w0e5l.jpg 已经下载过，调整文件名...
2024-01-29 08:20:23,587 - INFO - 图片 https://image.baidu.com/search/down?url=https://tvax3.sinaimg.cn//large/0072Vf1pgy1foxkcmckquj31kw0w0e5l.jpg 下载成功！
2024-01-29 08:20:23,593 - WARNING - 文件 D:\shengwang52005\shengwang52005.github.io\assets\background\127.jpeg 不存在，无法转换为JPEG格式。
2024-01-29 08:20:25,390 - WARNING - 图片 https://image.baidu.com/search/down?url=https://tvax3.sinaimg.cn//large/0072Vf1pgy1foxkd1pxk2j31hc0u0tqe.jpg 已经下载过，调整文件名...
2024-01-29 08:20:25,393 - WARNING - 图片 https://image.baidu.com/search/down?url=https://tvax3.sinaimg.cn//large/0072Vf1pgy1foxkd1pxk2j31hc0u0tqe.jpg 已经下载过，调整文件名...
2024-01-29 08:20:25,397 - INFO - 图片 https://image.baidu.com/search/down?url=https://tvax3.sinaimg.cn//large/0072Vf1pgy1foxkd1pxk2j31hc0u0tqe.jpg 下载成功！
2024-01-29 08:20:25,401 - WARNING - 文件 D:\shengwang52005\shengwang52005.github.io\assets\background\128.jpeg 不存在，无法转换为JPEG格式。
2024-01-29 08:20:27,782 - INFO - 图片 https://image.baidu.com/search/down?url=https://tvax3.sinaimg.cn//large/a15b4afegy1fmvj4b6vq1j21hc0u0amg.jpg 下载成功！
2024-01-29 08:20:27,815 - INFO - 图片 D:\shengwang52005\shengwang52005.github.io\assets\background\129.jpeg 转换为JPEG格式成功！
2024-01-29 08:20:27,819 - INFO - 原始文件 D:\shengwang52005\shengwang52005.github.io\assets\background\129.jpeg 删除成功！
2024-01-29 08:20:29,499 - INFO - 图片 https://image.baidu.com/search/down?url=https://tvax3.sinaimg.cn//large/a15b4afegy1fmvkah84ysj21hc0u0ql1.jpg 下载成功！
2024-01-29 08:20:29,557 - INFO - 图片 D:\shengwang52005\shengwang52005.github.io\assets\background\130.jpeg 转换为JPEG格式成功！
2024-01-29 08:20:29,559 - INFO - 原始文件 D:\shengwang52005\shengwang52005.github.io\assets\background\130.jpeg 删除成功！
2024-01-29 08:20:30,927 - INFO - 图片 https://image.baidu.com/search/down?url=https://tvax3.sinaimg.cn//large/a15b4afely1fnt9dp0jakj21hc0u0162.jpg 下载成功！
2024-01-29 08:20:30,973 - INFO - 图片 D:\shengwang52005\shengwang52005.github.io\assets\background\131.jpeg 转换为JPEG格式成功！
2024-01-29 08:20:30,975 - INFO - 原始文件 D:\shengwang52005\shengwang52005.github.io\assets\background\131.jpeg 删除成功！
2024-01-29 08:20:32,271 - INFO - 图片 https://image.baidu.com/search/down?url=https://tvax3.sinaimg.cn//large/0072Vf1pgy1fodqogw5wxj31gi0u7b29.jpg 下载成功！
2024-01-29 08:20:32,332 - INFO - 图片 D:\shengwang52005\shengwang52005.github.io\assets\background\132.jpeg 转换为JPEG格式成功！
2024-01-29 08:20:32,334 - INFO - 原始文件 D:\shengwang52005\shengwang52005.github.io\assets\background\132.jpeg 删除成功！
2024-01-29 08:20:33,671 - INFO - 图片 https://image.baidu.com/search/down?url=https://tvax3.sinaimg.cn//large/0072Vf1pgy1fodqig7h5nj318g0p0qv5.jpg 下载成功！
2024-01-29 08:20:33,708 - INFO - 图片 D:\shengwang52005\shengwang52005.github.io\assets\background\133.jpeg 转换为JPEG格式成功！
2024-01-29 08:20:33,710 - INFO - 原始文件 D:\shengwang52005\shengwang52005.github.io\assets\background\133.jpeg 删除成功！
2024-01-29 08:20:35,459 - INFO - 图片 https://image.baidu.com/search/down?url=https://tvax3.sinaimg.cn//large/a15b4afegy1fmvjkssxshj21hc0u0arl.jpg 下载成功！
2024-01-29 08:20:35,525 - INFO - 图片 D:\shengwang52005\shengwang52005.github.io\assets\background\134.jpeg 转换为JPEG格式成功！
2024-01-29 08:20:35,527 - INFO - 原始文件 D:\shengwang52005\shengwang52005.github.io\assets\background\134.jpeg 删除成功！
2024-01-29 08:20:37,133 - INFO - 图片 https://image.baidu.com/search/down?url=https://tvax3.sinaimg.cn//large/0072Vf1pgy1fodqn00gq2j315o0tg7wh.jpg 下载成功！
2024-01-29 08:20:37,181 - INFO - 图片 D:\shengwang52005\shengwang52005.github.io\assets\background\135.jpeg 转换为JPEG格式成功！
2024-01-29 08:20:37,182 - INFO - 原始文件 D:\shengwang52005\shengwang52005.github.io\assets\background\135.jpeg 删除成功！
2024-01-29 08:20:38,259 - WARNING - 图片 https://image.baidu.com/search/down?url=https://tvax3.sinaimg.cn//large/0072Vf1pgy1foxlhqlmykj31kw0w07su.jpg 已经下载过，调整文件名...
2024-01-29 08:20:38,263 - INFO - 图片 https://image.baidu.com/search/down?url=https://tvax3.sinaimg.cn//large/0072Vf1pgy1foxlhqlmykj31kw0w07su.jpg 下载成功！
2024-01-29 08:20:38,268 - WARNING - 文件 D:\shengwang52005\shengwang52005.github.io\assets\background\136.jpeg 不存在，无法转换为JPEG格式。
2024-01-29 08:20:39,688 - INFO - 图片 https://image.baidu.com/search/down?url=https://tvax3.sinaimg.cn//large/a15b4afegy1fmvjcoopcsj21hc0u04nh.jpg 下载成功！
2024-01-29 08:20:39,736 - INFO - 图片 D:\shengwang52005\shengwang52005.github.io\assets\background\137.jpeg 转换为JPEG格式成功！
2024-01-29 08:20:39,737 - INFO - 原始文件 D:\shengwang52005\shengwang52005.github.io\assets\background\137.jpeg 删除成功！
2024-01-29 08:20:41,212 - INFO - 图片 https://image.baidu.com/search/down?url=https://tvax3.sinaimg.cn//large/0072Vf1pgy1foxk6gxodwj31kw0w0h7z.jpg 下载成功！
2024-01-29 08:20:41,414 - INFO - 图片 D:\shengwang52005\shengwang52005.github.io\assets\background\138.jpeg 转换为JPEG格式成功！
2024-01-29 08:20:41,436 - INFO - 原始文件 D:\shengwang52005\shengwang52005.github.io\assets\background\138.jpeg 删除成功！
2024-01-29 08:20:42,481 - INFO - 图片 https://image.baidu.com/search/down?url=https://tvax3.sinaimg.cn//large/7f0c40d4gy1fqbfhg624uj21hc0u0adm.jpg 下载成功！
2024-01-29 08:20:42,518 - INFO - 图片 D:\shengwang52005\shengwang52005.github.io\assets\background\139.jpeg 转换为JPEG格式成功！
2024-01-29 08:20:42,519 - INFO - 原始文件 D:\shengwang52005\shengwang52005.github.io\assets\background\139.jpeg 删除成功！
2024-01-29 08:20:43,971 - INFO - 图片 https://image.baidu.com/search/down?url=https://tvax3.sinaimg.cn//large/0072Vf1pgy1foxk7n4ffij31hc0u0wyt.jpg 下载成功！
2024-01-29 08:20:44,020 - INFO - 图片 D:\shengwang52005\shengwang52005.github.io\assets\background\140.jpeg 转换为JPEG格式成功！
2024-01-29 08:20:44,021 - INFO - 原始文件 D:\shengwang52005\shengwang52005.github.io\assets\background\140.jpeg 删除成功！
2024-01-29 08:20:45,476 - INFO - 图片 https://image.baidu.com/search/down?url=https://tvax3.sinaimg.cn//large/0072Vf1pgy1foxk6hzndqj31kw0w0b0q.jpg 下载成功！
2024-01-29 08:20:45,562 - INFO - 图片 D:\shengwang52005\shengwang52005.github.io\assets\background\141.jpeg 转换为JPEG格式成功！
2024-01-29 08:20:45,566 - INFO - 原始文件 D:\shengwang52005\shengwang52005.github.io\assets\background\141.jpeg 删除成功！
2024-01-29 08:20:47,438 - INFO - 图片 https://image.baidu.com/search/down?url=https://tvax3.sinaimg.cn//large/0072Vf1pgy1fodqov8hhlj31hc0u0hdv.jpg 下载成功！
2024-01-29 08:20:47,491 - INFO - 图片 D:\shengwang52005\shengwang52005.github.io\assets\background\142.jpeg 转换为JPEG格式成功！
2024-01-29 08:20:47,497 - INFO - 原始文件 D:\shengwang52005\shengwang52005.github.io\assets\background\142.jpeg 删除成功！
2024-01-29 08:20:48,408 - INFO - 图片 https://image.baidu.com/search/down?url=https://tvax3.sinaimg.cn//large/0072Vf1pgy1foxkittkoij31kw0w0nlj.jpg 下载成功！
2024-01-29 08:20:48,451 - INFO - 图片 D:\shengwang52005\shengwang52005.github.io\assets\background\143.jpeg 转换为JPEG格式成功！
2024-01-29 08:20:48,456 - INFO - 原始文件 D:\shengwang52005\shengwang52005.github.io\assets\background\143.jpeg 删除成功！
2024-01-29 08:20:50,037 - INFO - 图片 https://image.baidu.com/search/down?url=https://tvax3.sinaimg.cn//large/0072Vf1pgy1foxkc5tuavj31hc0u0kc9.jpg 下载成功！
2024-01-29 08:20:50,095 - INFO - 图片 D:\shengwang52005\shengwang52005.github.io\assets\background\144.jpeg 转换为JPEG格式成功！
2024-01-29 08:20:50,098 - INFO - 原始文件 D:\shengwang52005\shengwang52005.github.io\assets\background\144.jpeg 删除成功！
2024-01-29 08:20:51,238 - INFO - 图片 https://image.baidu.com/search/down?url=https://tvax3.sinaimg.cn//large/0072Vf1pgy1foxkd13vc7j31kw0w0txx.jpg 下载成功！
2024-01-29 08:20:51,362 - INFO - 图片 D:\shengwang52005\shengwang52005.github.io\assets\background\145.jpeg 转换为JPEG格式成功！
2024-01-29 08:20:51,364 - INFO - 原始文件 D:\shengwang52005\shengwang52005.github.io\assets\background\145.jpeg 删除成功！
2024-01-29 08:20:52,803 - INFO - 图片 https://image.baidu.com/search/down?url=https://tvax3.sinaimg.cn//large/a15b4afegy1fmvj5fum2uj21hc0u0441.jpg 下载成功！
2024-01-29 08:20:52,853 - INFO - 图片 D:\shengwang52005\shengwang52005.github.io\assets\background\146.jpeg 转换为JPEG格式成功！
2024-01-29 08:20:52,854 - INFO - 原始文件 D:\shengwang52005\shengwang52005.github.io\assets\background\146.jpeg 删除成功！
2024-01-29 08:20:54,051 - INFO - 图片 https://image.baidu.com/search/down?url=https://tvax3.sinaimg.cn//large/005FzdTdgy1geet8efmtej31hc0u01kx.jpg 下载成功！
2024-01-29 08:20:54,083 - INFO - 图片 D:\shengwang52005\shengwang52005.github.io\assets\background\147.jpeg 转换为JPEG格式成功！
2024-01-29 08:20:54,084 - INFO - 原始文件 D:\shengwang52005\shengwang52005.github.io\assets\background\147.jpeg 删除成功！
2024-01-29 08:20:55,344 - WARNING - 图片 https://image.baidu.com/search/down?url=https://tvax3.sinaimg.cn//large/0072Vf1pgy1foxkd13vc7j31kw0w0txx.jpg 已经下载过，调整文件名...
2024-01-29 08:20:55,347 - INFO - 图片 https://image.baidu.com/search/down?url=https://tvax3.sinaimg.cn//large/0072Vf1pgy1foxkd13vc7j31kw0w0txx.jpg 下载成功！
2024-01-29 08:20:55,353 - WARNING - 文件 D:\shengwang52005\shengwang52005.github.io\assets\background\148.jpeg 不存在，无法转换为JPEG格式。
2024-01-29 08:20:56,595 - INFO - 图片 https://image.baidu.com/search/down?url=https://tvax3.sinaimg.cn//large/0072Vf1pgy1foxk6m2xufj31hc0u0aru.jpg 下载成功！
2024-01-29 08:20:56,634 - INFO - 图片 D:\shengwang52005\shengwang52005.github.io\assets\background\149.jpeg 转换为JPEG格式成功！
2024-01-29 08:20:56,636 - INFO - 原始文件 D:\shengwang52005\shengwang52005.github.io\assets\background\149.jpeg 删除成功！
2024-01-29 08:20:57,765 - WARNING - 图片 https://image.baidu.com/search/down?url=https://tvax3.sinaimg.cn//large/a15b4afegy1fmvjovrdmaj21hc0u07hw.jpg 已经下载过，调整文件名...
2024-01-29 08:20:57,768 - INFO - 图片 https://image.baidu.com/search/down?url=https://tvax3.sinaimg.cn//large/a15b4afegy1fmvjovrdmaj21hc0u07hw.jpg 下载成功！
2024-01-29 08:20:57,771 - WARNING - 文件 D:\shengwang52005\shengwang52005.github.io\assets\background\150.jpeg 不存在，无法转换为JPEG格式。
2024-01-29 08:20:59,075 - INFO - 图片 https://image.baidu.com/search/down?url=https://tvax3.sinaimg.cn//large/0072Vf1pgy1foxlny0lgrj31kw0w0e2v.jpg 下载成功！
2024-01-29 08:20:59,113 - INFO - 图片 D:\shengwang52005\shengwang52005.github.io\assets\background\151.jpeg 转换为JPEG格式成功！
2024-01-29 08:20:59,120 - INFO - 原始文件 D:\shengwang52005\shengwang52005.github.io\assets\background\151.jpeg 删除成功！
2024-01-29 08:21:00,760 - INFO - 图片 https://image.baidu.com/search/down?url=https://tvax3.sinaimg.cn//large/0072Vf1pgy1foxkfa3isfj31kw0w0ay4.jpg 下载成功！
2024-01-29 08:21:00,812 - INFO - 图片 D:\shengwang52005\shengwang52005.github.io\assets\background\152.jpeg 转换为JPEG格式成功！
2024-01-29 08:21:00,813 - INFO - 原始文件 D:\shengwang52005\shengwang52005.github.io\assets\background\152.jpeg 删除成功！
2024-01-29 08:21:01,768 - WARNING - 图片 https://image.baidu.com/search/down?url=https://tvax3.sinaimg.cn//large/0072Vf1pgy1foxk7nr5qqj31hc0u04gk.jpg 已经下载过，调整文件名...
2024-01-29 08:21:01,772 - INFO - 图片 https://image.baidu.com/search/down?url=https://tvax3.sinaimg.cn//large/0072Vf1pgy1foxk7nr5qqj31hc0u04gk.jpg 下载成功！
2024-01-29 08:21:01,777 - WARNING - 文件 D:\shengwang52005\shengwang52005.github.io\assets\background\153.jpeg 不存在，无法转换为JPEG格式。
2024-01-29 08:21:02,990 - INFO - 图片 https://image.baidu.com/search/down?url=https://tvax3.sinaimg.cn//large/0072Vf1pgy1foxlogttvbj31hc0u0dyf.jpg 下载成功！
2024-01-29 08:21:03,028 - INFO - 图片 D:\shengwang52005\shengwang52005.github.io\assets\background\154.jpeg 转换为JPEG格式成功！
2024-01-29 08:21:03,029 - INFO - 原始文件 D:\shengwang52005\shengwang52005.github.io\assets\background\154.jpeg 删除成功！
2024-01-29 08:21:04,299 - WARNING - 图片 https://image.baidu.com/search/down?url=https://tvax3.sinaimg.cn//large/0072Vf1pgy1fodqita158j31j60yhtme.jpg 已经下载过，调整文件名...
2024-01-29 08:21:04,301 - INFO - 图片 https://image.baidu.com/search/down?url=https://tvax3.sinaimg.cn//large/0072Vf1pgy1fodqita158j31j60yhtme.jpg 下载成功！
2024-01-29 08:21:04,304 - WARNING - 文件 D:\shengwang52005\shengwang52005.github.io\assets\background\155.jpeg 不存在，无法转换为JPEG格式。
2024-01-29 08:21:05,574 - INFO - 图片 https://image.baidu.com/search/down?url=https://tvax3.sinaimg.cn//large/0072Vf1pgy1foxlobn7kfj31hc0u01db.jpg 下载成功！
2024-01-29 08:21:05,617 - INFO - 图片 D:\shengwang52005\shengwang52005.github.io\assets\background\156.jpeg 转换为JPEG格式成功！
2024-01-29 08:21:05,618 - INFO - 原始文件 D:\shengwang52005\shengwang52005.github.io\assets\background\156.jpeg 删除成功！
2024-01-29 08:21:06,808 - INFO - 图片 https://image.baidu.com/search/down?url=https://tvax3.sinaimg.cn//large/0072Vf1pgy1foxk6nwijlj31kw0w0ttc.jpg 下载成功！
2024-01-29 08:21:06,857 - INFO - 图片 D:\shengwang52005\shengwang52005.github.io\assets\background\157.jpeg 转换为JPEG格式成功！
2024-01-29 08:21:06,860 - INFO - 原始文件 D:\shengwang52005\shengwang52005.github.io\assets\background\157.jpeg 删除成功！
2024-01-29 08:21:08,396 - WARNING - 图片 https://image.baidu.com/search/down?url=https://tvax3.sinaimg.cn//large/0072Vf1pgy1foxk79mt63j31hc0u0qlp.jpg 已经下载过，调整文件名...
2024-01-29 08:21:08,401 - INFO - 图片 https://image.baidu.com/search/down?url=https://tvax3.sinaimg.cn//large/0072Vf1pgy1foxk79mt63j31hc0u0qlp.jpg 下载成功！
2024-01-29 08:21:08,405 - WARNING - 文件 D:\shengwang52005\shengwang52005.github.io\assets\background\158.jpeg 不存在，无法转换为JPEG格式。
2024-01-29 08:21:09,435 - WARNING - 图片 https://image.baidu.com/search/down?url=https://tvax3.sinaimg.cn//large/0072Vf1pgy1foxkf55zbij31kw0w0e55.jpg 已经下载过，调整文件名...
2024-01-29 08:21:09,438 - INFO - 图片 https://image.baidu.com/search/down?url=https://tvax3.sinaimg.cn//large/0072Vf1pgy1foxkf55zbij31kw0w0e55.jpg 下载成功！
2024-01-29 08:21:09,440 - WARNING - 文件 D:\shengwang52005\shengwang52005.github.io\assets\background\159.jpeg 不存在，无法转换为JPEG格式。
2024-01-29 08:21:11,030 - INFO - 图片 https://image.baidu.com/search/down?url=https://tvax3.sinaimg.cn//large/0072Vf1pgy1foxkgc5msdj31hc0u01cv.jpg 下载成功！
2024-01-29 08:21:11,081 - INFO - 图片 D:\shengwang52005\shengwang52005.github.io\assets\background\160.jpeg 转换为JPEG格式成功！
2024-01-29 08:21:11,085 - INFO - 原始文件 D:\shengwang52005\shengwang52005.github.io\assets\background\160.jpeg 删除成功！
2024-01-29 08:21:12,481 - INFO - 图片 https://image.baidu.com/search/down?url=https://tvax3.sinaimg.cn//large/a15b4afegy1fmvj3xv31fj21hc0u07wh.jpg 下载成功！
2024-01-29 08:21:12,520 - INFO - 图片 D:\shengwang52005\shengwang52005.github.io\assets\background\161.jpeg 转换为JPEG格式成功！
2024-01-29 08:21:12,521 - INFO - 原始文件 D:\shengwang52005\shengwang52005.github.io\assets\background\161.jpeg 删除成功！
2024-01-29 08:21:13,518 - INFO - 图片 https://image.baidu.com/search/down?url=https://tvax3.sinaimg.cn//large/9bd9b167ly1g2qjwrhebmj21hc0u07da.jpg 下载成功！
2024-01-29 08:21:13,570 - INFO - 图片 D:\shengwang52005\shengwang52005.github.io\assets\background\162.jpeg 转换为JPEG格式成功！
2024-01-29 08:21:13,571 - INFO - 原始文件 D:\shengwang52005\shengwang52005.github.io\assets\background\162.jpeg 删除成功！
2024-01-29 08:21:15,269 - INFO - 图片 https://image.baidu.com/search/down?url=https://tvax3.sinaimg.cn//large/0072Vf1pgy1fodqnxw8wgj30zk0qo1h0.jpg 下载成功！
2024-01-29 08:21:15,296 - INFO - 图片 D:\shengwang52005\shengwang52005.github.io\assets\background\163.jpeg 转换为JPEG格式成功！
2024-01-29 08:21:15,297 - INFO - 原始文件 D:\shengwang52005\shengwang52005.github.io\assets\background\163.jpeg 删除成功！
2024-01-29 08:21:16,480 - INFO - 图片 https://image.baidu.com/search/down?url=https://tvax3.sinaimg.cn//large/005FzdTdgy1geetgut8qij31hc0u0hbh.jpg 下载成功！
2024-01-29 08:21:16,532 - INFO - 图片 D:\shengwang52005\shengwang52005.github.io\assets\background\164.jpeg 转换为JPEG格式成功！
2024-01-29 08:21:16,536 - INFO - 原始文件 D:\shengwang52005\shengwang52005.github.io\assets\background\164.jpeg 删除成功！
2024-01-29 08:21:18,165 - INFO - 图片 https://image.baidu.com/search/down?url=https://tvax3.sinaimg.cn//large/0072Vf1pgy1foxkjiky1hj31hc0u0nhq.jpg 下载成功！
2024-01-29 08:21:18,211 - INFO - 图片 D:\shengwang52005\shengwang52005.github.io\assets\background\165.jpeg 转换为JPEG格式成功！
2024-01-29 08:21:18,212 - INFO - 原始文件 D:\shengwang52005\shengwang52005.github.io\assets\background\165.jpeg 删除成功！
2024-01-29 08:21:19,245 - INFO - 图片 https://image.baidu.com/search/down?url=https://tvax3.sinaimg.cn//large/005FzdTdgy1gegf7md2yyj31hc0u0e6v.jpg 下载成功！
2024-01-29 08:21:19,277 - INFO - 图片 D:\shengwang52005\shengwang52005.github.io\assets\background\166.jpeg 转换为JPEG格式成功！
2024-01-29 08:21:19,278 - INFO - 原始文件 D:\shengwang52005\shengwang52005.github.io\assets\background\166.jpeg 删除成功！
2024-01-29 08:21:21,009 - INFO - 图片 https://image.baidu.com/search/down?url=https://tvax3.sinaimg.cn//large/0072Vf1pgy1foxkf0qyqbj31hc0u0h2u.jpg 下载成功！
2024-01-29 08:21:21,066 - INFO - 图片 D:\shengwang52005\shengwang52005.github.io\assets\background\167.jpeg 转换为JPEG格式成功！
2024-01-29 08:21:21,067 - INFO - 原始文件 D:\shengwang52005\shengwang52005.github.io\assets\background\167.jpeg 删除成功！
2024-01-29 08:21:22,097 - WARNING - 图片 https://image.baidu.com/search/down?url=https://tvax3.sinaimg.cn//large/0072Vf1pgy1foxki3cf3xj31hc0u0wt7.jpg 已经下载过，调整文件名...
2024-01-29 08:21:22,099 - WARNING - 图片 https://image.baidu.com/search/down?url=https://tvax3.sinaimg.cn//large/0072Vf1pgy1foxki3cf3xj31hc0u0wt7.jpg 已经下载过，调整文件名...
2024-01-29 08:21:22,104 - INFO - 图片 https://image.baidu.com/search/down?url=https://tvax3.sinaimg.cn//large/0072Vf1pgy1foxki3cf3xj31hc0u0wt7.jpg 下载成功！
2024-01-29 08:21:22,108 - WARNING - 文件 D:\shengwang52005\shengwang52005.github.io\assets\background\168.jpeg 不存在，无法转换为JPEG格式。
2024-01-29 08:21:23,261 - INFO - 图片 https://image.baidu.com/search/down?url=https://tvax3.sinaimg.cn//large/a15b4afegy1fmvj120dm7j21hc0u01jd.jpg 下载成功！
2024-01-29 08:21:23,319 - INFO - 图片 D:\shengwang52005\shengwang52005.github.io\assets\background\169.jpeg 转换为JPEG格式成功！
2024-01-29 08:21:23,321 - INFO - 原始文件 D:\shengwang52005\shengwang52005.github.io\assets\background\169.jpeg 删除成功！
2024-01-29 08:21:25,219 - INFO - 图片 https://image.baidu.com/search/down?url=https://tvax3.sinaimg.cn//large/0072Vf1pgy1foxlhe0a6tj31hc0u0qhh.jpg 下载成功！
2024-01-29 08:21:25,258 - INFO - 图片 D:\shengwang52005\shengwang52005.github.io\assets\background\170.jpeg 转换为JPEG格式成功！
2024-01-29 08:21:25,260 - INFO - 原始文件 D:\shengwang52005\shengwang52005.github.io\assets\background\170.jpeg 删除成功！
2024-01-29 08:21:26,435 - INFO - 图片 https://image.baidu.com/search/down?url=https://tvax3.sinaimg.cn//large/0072Vf1pgy1fodqiavi9zj31kw0uzhdx.jpg 下载成功！
2024-01-29 08:21:26,480 - INFO - 图片 D:\shengwang52005\shengwang52005.github.io\assets\background\171.jpeg 转换为JPEG格式成功！
2024-01-29 08:21:26,483 - INFO - 原始文件 D:\shengwang52005\shengwang52005.github.io\assets\background\171.jpeg 删除成功！
2024-01-29 08:21:27,660 - WARNING - 图片 https://image.baidu.com/search/down?url=https://tvax3.sinaimg.cn//large/0072Vf1pgy1foxk6hzndqj31kw0w0b0q.jpg 已经下载过，调整文件名...
2024-01-29 08:21:27,663 - INFO - 图片 https://image.baidu.com/search/down?url=https://tvax3.sinaimg.cn//large/0072Vf1pgy1foxk6hzndqj31kw0w0b0q.jpg 下载成功！
2024-01-29 08:21:27,665 - WARNING - 文件 D:\shengwang52005\shengwang52005.github.io\assets\background\172.jpeg 不存在，无法转换为JPEG格式。
2024-01-29 08:21:28,807 - INFO - 图片 https://image.baidu.com/search/down?url=https://tvax3.sinaimg.cn//large/a15b4afegy1fmvjdatm2mj21hc0u0dw5.jpg 下载成功！
2024-01-29 08:21:28,845 - INFO - 图片 D:\shengwang52005\shengwang52005.github.io\assets\background\173.jpeg 转换为JPEG格式成功！
2024-01-29 08:21:28,846 - INFO - 原始文件 D:\shengwang52005\shengwang52005.github.io\assets\background\173.jpeg 删除成功！
2024-01-29 08:21:30,593 - INFO - 图片 https://image.baidu.com/search/down?url=https://tvax3.sinaimg.cn//large/0072Vf1pgy1foxkcvihg7j31kw0w0e6f.jpg 下载成功！
2024-01-29 08:21:30,656 - INFO - 图片 D:\shengwang52005\shengwang52005.github.io\assets\background\174.jpeg 转换为JPEG格式成功！
2024-01-29 08:21:30,657 - INFO - 原始文件 D:\shengwang52005\shengwang52005.github.io\assets\background\174.jpeg 删除成功！
2024-01-29 08:21:31,630 - INFO - 图片 https://image.baidu.com/search/down?url=https://tvax3.sinaimg.cn//large/0072Vf1pgy1foxk456b0fj31hc0u0dxu.jpg 下载成功！
2024-01-29 08:21:31,663 - INFO - 图片 D:\shengwang52005\shengwang52005.github.io\assets\background\175.jpeg 转换为JPEG格式成功！
2024-01-29 08:21:31,664 - INFO - 原始文件 D:\shengwang52005\shengwang52005.github.io\assets\background\175.jpeg 删除成功！
2024-01-29 08:21:32,870 - WARNING - 图片 https://image.baidu.com/search/down?url=https://tvax3.sinaimg.cn//large/0072Vf1pgy1fodqo40y6nj310o0p3b29.jpg 已经下载过，调整文件名...
2024-01-29 08:21:32,874 - INFO - 图片 https://image.baidu.com/search/down?url=https://tvax3.sinaimg.cn//large/0072Vf1pgy1fodqo40y6nj310o0p3b29.jpg 下载成功！
2024-01-29 08:21:32,876 - WARNING - 文件 D:\shengwang52005\shengwang52005.github.io\assets\background\176.jpeg 不存在，无法转换为JPEG格式。
2024-01-29 08:21:34,449 - INFO - 图片 https://image.baidu.com/search/down?url=https://tvax3.sinaimg.cn//large/0072Vf1pgy1foxkbwxfq0j31hc0u0h43.jpg 下载成功！
2024-01-29 08:21:34,496 - INFO - 图片 D:\shengwang52005\shengwang52005.github.io\assets\background\177.jpeg 转换为JPEG格式成功！
2024-01-29 08:21:34,497 - INFO - 原始文件 D:\shengwang52005\shengwang52005.github.io\assets\background\177.jpeg 删除成功！
2024-01-29 08:21:35,489 - INFO - 图片 https://image.baidu.com/search/down?url=https://tvax3.sinaimg.cn//large/0072Vf1pgy1fodqncwm01j31hc10xb29.jpg 下载成功！
2024-01-29 08:21:35,563 - INFO - 图片 D:\shengwang52005\shengwang52005.github.io\assets\background\178.jpeg 转换为JPEG格式成功！
2024-01-29 08:21:35,564 - INFO - 原始文件 D:\shengwang52005\shengwang52005.github.io\assets\background\178.jpeg 删除成功！
2024-01-29 08:21:36,977 - WARNING - 图片 https://image.baidu.com/search/down?url=https://tvax3.sinaimg.cn//large/0072Vf1pgy1foxlhlozlfj31hc0u07lb.jpg 已经下载过，调整文件名...
2024-01-29 08:21:36,981 - INFO - 图片 https://image.baidu.com/search/down?url=https://tvax3.sinaimg.cn//large/0072Vf1pgy1foxlhlozlfj31hc0u07lb.jpg 下载成功！
2024-01-29 08:21:36,983 - WARNING - 文件 D:\shengwang52005\shengwang52005.github.io\assets\background\179.jpeg 不存在，无法转换为JPEG格式。
2024-01-29 08:21:38,357 - INFO - 图片 https://image.baidu.com/search/down?url=https://tvax3.sinaimg.cn//large/0072Vf1pgy1fodqnpms36j31hc0u0b2a.jpg 下载成功！
2024-01-29 08:21:38,406 - INFO - 图片 D:\shengwang52005\shengwang52005.github.io\assets\background\180.jpeg 转换为JPEG格式成功！
2024-01-29 08:21:38,410 - INFO - 原始文件 D:\shengwang52005\shengwang52005.github.io\assets\background\180.jpeg 删除成功！
2024-01-29 08:21:39,740 - INFO - 图片 https://image.baidu.com/search/down?url=https://tvax3.sinaimg.cn//large/0072Vf1pgy1foxk6xtxhrj31hc0u07o0.jpg 下载成功！
2024-01-29 08:21:39,786 - INFO - 图片 D:\shengwang52005\shengwang52005.github.io\assets\background\181.jpeg 转换为JPEG格式成功！
2024-01-29 08:21:39,788 - INFO - 原始文件 D:\shengwang52005\shengwang52005.github.io\assets\background\181.jpeg 删除成功！
2024-01-29 08:21:41,346 - WARNING - 图片 https://image.baidu.com/search/down?url=https://tvax3.sinaimg.cn//large/0072Vf1pgy1foxli0u4b3j31hc0u0qoj.jpg 已经下载过，调整文件名...
2024-01-29 08:21:41,350 - INFO - 图片 https://image.baidu.com/search/down?url=https://tvax3.sinaimg.cn//large/0072Vf1pgy1foxli0u4b3j31hc0u0qoj.jpg 下载成功！
2024-01-29 08:21:41,353 - WARNING - 文件 D:\shengwang52005\shengwang52005.github.io\assets\background\182.jpeg 不存在，无法转换为JPEG格式。
2024-01-29 08:21:42,431 - INFO - 图片 https://image.baidu.com/search/down?url=https://tvax3.sinaimg.cn//large/a15b4afegy1fmvj3k93e5j21hc0u0wvv.jpg 下载成功！
2024-01-29 08:21:42,469 - INFO - 图片 D:\shengwang52005\shengwang52005.github.io\assets\background\183.jpeg 转换为JPEG格式成功！
2024-01-29 08:21:42,470 - INFO - 原始文件 D:\shengwang52005\shengwang52005.github.io\assets\background\183.jpeg 删除成功！
2024-01-29 08:21:43,590 - INFO - 图片 https://image.baidu.com/search/down?url=https://tvax3.sinaimg.cn//large/0072Vf1pgy1fodqgoyhkrj31hc0u0khb.jpg 下载成功！
2024-01-29 08:21:43,626 - INFO - 图片 D:\shengwang52005\shengwang52005.github.io\assets\background\184.jpeg 转换为JPEG格式成功！
2024-01-29 08:21:43,627 - INFO - 原始文件 D:\shengwang52005\shengwang52005.github.io\assets\background\184.jpeg 删除成功！
2024-01-29 08:21:45,395 - WARNING - 图片 https://image.baidu.com/search/down?url=https://tvax3.sinaimg.cn//large/0072Vf1pgy1foxk6xtxhrj31hc0u07o0.jpg 已经下载过，调整文件名...
2024-01-29 08:21:45,399 - INFO - 图片 https://image.baidu.com/search/down?url=https://tvax3.sinaimg.cn//large/0072Vf1pgy1foxk6xtxhrj31hc0u07o0.jpg 下载成功！
2024-01-29 08:21:45,402 - WARNING - 文件 D:\shengwang52005\shengwang52005.github.io\assets\background\185.jpeg 不存在，无法转换为JPEG格式。
2024-01-29 08:21:46,696 - INFO - 图片 https://image.baidu.com/search/down?url=https://tvax3.sinaimg.cn//large/0072Vf1pgy1foxli6nh8ij31hc0u0000.jpg 下载成功！
2024-01-29 08:21:46,739 - INFO - 图片 D:\shengwang52005\shengwang52005.github.io\assets\background\186.jpeg 转换为JPEG格式成功！
2024-01-29 08:21:46,740 - INFO - 原始文件 D:\shengwang52005\shengwang52005.github.io\assets\background\186.jpeg 删除成功！
2024-01-29 08:21:47,923 - INFO - 图片 https://image.baidu.com/search/down?url=https://tvax3.sinaimg.cn//large/005FzdTdgy1geetgv2fp2j31hc0u01j1.jpg 下载成功！
2024-01-29 08:21:47,960 - INFO - 图片 D:\shengwang52005\shengwang52005.github.io\assets\background\187.jpeg 转换为JPEG格式成功！
2024-01-29 08:21:47,961 - INFO - 原始文件 D:\shengwang52005\shengwang52005.github.io\assets\background\187.jpeg 删除成功！
2024-01-29 08:21:49,338 - INFO - 图片 https://image.baidu.com/search/down?url=https://tvax3.sinaimg.cn//large/0072Vf1pgy1fodqoshzhbj31d60ytawh.jpg 下载成功！
2024-01-29 08:21:49,382 - INFO - 图片 D:\shengwang52005\shengwang52005.github.io\assets\background\188.jpeg 转换为JPEG格式成功！
2024-01-29 08:21:49,383 - INFO - 原始文件 D:\shengwang52005\shengwang52005.github.io\assets\background\188.jpeg 删除成功！
2024-01-29 08:21:50,900 - INFO - 图片 https://image.baidu.com/search/down?url=https://tvax3.sinaimg.cn//large/0072Vf1pgy1foxkfnmbgcj31kw0w0qsa.jpg 下载成功！
2024-01-29 08:21:50,952 - INFO - 图片 D:\shengwang52005\shengwang52005.github.io\assets\background\189.jpeg 转换为JPEG格式成功！
2024-01-29 08:21:50,953 - INFO - 原始文件 D:\shengwang52005\shengwang52005.github.io\assets\background\189.jpeg 删除成功！
2024-01-29 08:21:51,971 - WARNING - 图片 https://image.baidu.com/search/down?url=https://tvax3.sinaimg.cn//large/0072Vf1pgy1foxkgbgscjj31hc0u0k39.jpg 已经下载过，调整文件名...
2024-01-29 08:21:51,975 - INFO - 图片 https://image.baidu.com/search/down?url=https://tvax3.sinaimg.cn//large/0072Vf1pgy1foxkgbgscjj31hc0u0k39.jpg 下载成功！
2024-01-29 08:21:51,981 - WARNING - 文件 D:\shengwang52005\shengwang52005.github.io\assets\background\190.jpeg 不存在，无法转换为JPEG格式。
2024-01-29 08:21:54,157 - INFO - 图片 https://image.baidu.com/search/down?url=https://tvax3.sinaimg.cn//large/0072Vf1pgy1foxloenfpzj31kw0w0hb5.jpg 下载成功！
2024-01-29 08:21:54,214 - INFO - 图片 D:\shengwang52005\shengwang52005.github.io\assets\background\191.jpeg 转换为JPEG格式成功！
2024-01-29 08:21:54,215 - INFO - 原始文件 D:\shengwang52005\shengwang52005.github.io\assets\background\191.jpeg 删除成功！
2024-01-29 08:21:55,322 - WARNING - 图片 https://image.baidu.com/search/down?url=https://tvax3.sinaimg.cn//large/0072Vf1pgy1foxlogttvbj31hc0u0dyf.jpg 已经下载过，调整文件名...
2024-01-29 08:21:55,326 - INFO - 图片 https://image.baidu.com/search/down?url=https://tvax3.sinaimg.cn//large/0072Vf1pgy1foxlogttvbj31hc0u0dyf.jpg 下载成功！
2024-01-29 08:21:55,328 - WARNING - 文件 D:\shengwang52005\shengwang52005.github.io\assets\background\192.jpeg 不存在，无法转换为JPEG格式。
2024-01-29 07:57:39,529 - ERROR - 发生异常: ('Connection aborted.', ConnectionAbortedError(10053, '你的主机中的软件中止了一个已建立的连接。', None, 10053, None))
2024-01-29 07:57:39,918 - INFO - 图片 https://image.baidu.com/search/down?url=https://tvax3.sinaimg.cn//large/a15b4afegy1fmvk8x6gadj21hc0u0kjl.jpg 下载成功！
2024-01-29 07:57:40,010 - INFO - 图片 D:\shengwang52005\shengwang52005.github.io\assets\background\193.jpeg 转换为JPEG格式成功！
2024-01-29 07:57:40,011 - INFO - 原始文件 D:\shengwang52005\shengwang52005.github.io\assets\background\193.jpeg 删除成功！
